Using pre-set license
Built from '6000.0/staging' branch; Version is '6000.0.40f1 (157d81624ddf) revision 1408385'; Using compiler version '193933523'; Build Type 'Release'
OS: 'Windows 11  (10.0.26100) 64bit Core' Language: 'ko' Physical Memory: 130909 MB
BatchMode: 1, IsHumanControllingUs: 0, StartBugReporterOnCrash: 0, Is64bit: 1, IsPro: 1

COMMAND LINE ARGUMENTS:
C:\Program Files\Unity\Hub\Editor\6000.0.40f1\Editor\Unity.exe
-adb2
-batchMode
-noUpm
-name
AssetImportWorker11
-projectPath
C:/Users/User/Desktop/KJH/Unity/CharactorFight/CharactorFight
-logFile
Logs/AssetImportWorker11.log
-srvPort
55816
-job-worker-count
15
-background-job-worker-count
8
-gc-helper-count
1
Successfully changed project path to: C:/Users/User/Desktop/KJH/Unity/CharactorFight/CharactorFight
C:/Users/User/Desktop/KJH/Unity/CharactorFight/CharactorFight
[UnityMemory] Configuration Parameters - Can be set up in boot.config
    "memorysetup-bucket-allocator-granularity=16"
    "memorysetup-bucket-allocator-bucket-count=8"
    "memorysetup-bucket-allocator-block-size=33554432"
    "memorysetup-bucket-allocator-block-count=8"
    "memorysetup-main-allocator-block-size=16777216"
    "memorysetup-thread-allocator-block-size=16777216"
    "memorysetup-gfx-main-allocator-block-size=16777216"
    "memorysetup-gfx-thread-allocator-block-size=16777216"
    "memorysetup-cache-allocator-block-size=4194304"
    "memorysetup-typetree-allocator-block-size=2097152"
    "memorysetup-profiler-bucket-allocator-granularity=16"
    "memorysetup-profiler-bucket-allocator-bucket-count=8"
    "memorysetup-profiler-bucket-allocator-block-size=33554432"
    "memorysetup-profiler-bucket-allocator-block-count=8"
    "memorysetup-profiler-allocator-block-size=16777216"
    "memorysetup-profiler-editor-allocator-block-size=1048576"
    "memorysetup-temp-allocator-size-main=16777216"
    "memorysetup-job-temp-allocator-block-size=2097152"
    "memorysetup-job-temp-allocator-block-size-background=1048576"
    "memorysetup-job-temp-allocator-reduction-small-platforms=262144"
    "memorysetup-allocator-temp-initial-block-size-main=262144"
    "memorysetup-allocator-temp-initial-block-size-worker=262144"
    "memorysetup-temp-allocator-size-background-worker=32768"
    "memorysetup-temp-allocator-size-job-worker=262144"
    "memorysetup-temp-allocator-size-preload-manager=33554432"
    "memorysetup-temp-allocator-size-nav-mesh-worker=65536"
    "memorysetup-temp-allocator-size-audio-worker=65536"
    "memorysetup-temp-allocator-size-cloud-worker=32768"
    "memorysetup-temp-allocator-size-gi-baking-worker=262144"
    "memorysetup-temp-allocator-size-gi-baking-worker=262144"
    "memorysetup-temp-allocator-size-gi-baking-worker=262144"
    "memorysetup-temp-allocator-size-gi-baking-worker=262144"
    "memorysetup-temp-allocator-size-gi-baking-worker=262144"
    "memorysetup-temp-allocator-size-gfx=262144"
Player connection [10556]  Target information:

Player connection [10556]  * "[IP] 172.21.1.9 [Port] 0 [Flags] 2 [Guid] 2036061061 [EditorId] 2036061061 [Version] 1048832 [Id] WindowsEditor(7,K-2301160067) [Debug] 1 [PackageName] WindowsEditor [ProjectName] Editor" 

Player connection [10556] Host joined multi-casting on [225.0.0.222:54997]...
Player connection [10556] Host joined alternative multi-casting on [225.0.0.222:34997]...
JobSystem: Creating JobQueue using job-worker-count value 15
Input System module state changed to: Initialized.
[Physics::Module] Initialized fallback backend.
[Physics::Module] Id: 0xdecafbad
Library Redirect Path: Library/
[Physics::Module] Selected backend.
[Physics::Module] Name: PhysX
[Physics::Module] Id: 0xf2b8ea05
[Physics::Module] SDK Version: 4.1.2
[Physics::Module] Integration Version: 1.0.0
[Physics::Module] Threading Mode: Multi-Threaded
Refreshing native plugins compatible for Editor in 1.02 ms, found 3 plugins.
Preloading 0 native plugins for Editor in 0.00 ms.
Initialize engine version: 6000.0.40f1 (157d81624ddf)
[Subsystems] Discovering subsystems at path C:/Program Files/Unity/Hub/Editor/6000.0.40f1/Editor/Data/Resources/UnitySubsystems
[Subsystems] Discovering subsystems at path C:/Users/User/Desktop/KJH/Unity/CharactorFight/CharactorFight/Assets
GfxDevice: creating device client; kGfxThreadingModeNonThreaded
Direct3D:
    Version:  Direct3D 11.0 [level 11.1]
    Renderer: NVIDIA GeForce RTX 3060 (ID=0x2487)
    Vendor:   NVIDIA
    VRAM:     12110 MB
    Driver:   32.0.15.6094
Initialize mono
Mono path[0] = 'C:/Program Files/Unity/Hub/Editor/6000.0.40f1/Editor/Data/Managed'
Mono path[1] = 'C:/Program Files/Unity/Hub/Editor/6000.0.40f1/Editor/Data/MonoBleedingEdge/lib/mono/unityjit-win32'
Mono config path = 'C:/Program Files/Unity/Hub/Editor/6000.0.40f1/Editor/Data/MonoBleedingEdge/etc'
Using monoOptions --debugger-agent=transport=dt_socket,embedding=1,server=y,suspend=n,address=127.0.0.1:56584
Begin MonoManager ReloadAssembly
Registering precompiled unity dll's ...
Register platform support module: C:/Program Files/Unity/Hub/Editor/6000.0.40f1/Editor/Data/PlaybackEngines/WindowsStandaloneSupport/UnityEditor.WindowsStandalone.Extensions.dll
Register platform support module: C:/Program Files/Unity/Hub/Editor/6000.0.40f1/Editor/Data/PlaybackEngines/AndroidPlayer/UnityEditor.Android.Extensions.dll
Registered in 0.003403 seconds.
- Loaded All Assemblies, in  0.299 seconds
Native extension for Android target not found
Android Extension - Scanning For ADB Devices 228 ms
Native extension for WindowsStandalone target not found
Mono: successfully reloaded assembly
- Finished resetting the current domain, in  0.498 seconds
Domain Reload Profiling: 795ms
	BeginReloadAssembly (100ms)
		ExecutionOrderSort (0ms)
		DisableScriptedObjects (0ms)
		BackupInstance (0ms)
		ReleaseScriptingObjects (0ms)
		CreateAndSetChildDomain (1ms)
	RebuildCommonClasses (24ms)
	RebuildNativeTypeToScriptingClass (14ms)
	initialDomainReloadingComplete (38ms)
	LoadAllAssembliesAndSetupDomain (121ms)
		LoadAssemblies (99ms)
		RebuildTransferFunctionScriptingTraits (0ms)
		AnalyzeDomain (118ms)
			TypeCache.Refresh (117ms)
				TypeCache.ScanAssembly (106ms)
			BuildScriptInfoCaches (0ms)
			ResolveRequiredComponents (0ms)
	FinalizeReload (499ms)
		ReleaseScriptCaches (0ms)
		RebuildScriptCaches (0ms)
		SetupLoadedEditorAssemblies (467ms)
			LogAssemblyErrors (0ms)
			InitializePlatformSupportModulesInManaged (286ms)
			SetLoadedEditorAssemblies (3ms)
			BeforeProcessingInitializeOnLoad (38ms)
			ProcessInitializeOnLoadAttributes (87ms)
			ProcessInitializeOnLoadMethodAttributes (52ms)
			AfterProcessingInitializeOnLoad (0ms)
			EditorAssembliesLoaded (0ms)
		ExecutionOrderSort2 (0ms)
		AwakeInstancesAfterBackupRestoration (0ms)
========================================================================
Worker process is ready to serve import requests
Import Worker Mode flag is 0x00
Begin MonoManager ReloadAssembly
- Loaded All Assemblies, in  0.591 seconds
Refreshing native plugins compatible for Editor in 0.50 ms, found 3 plugins.
Native extension for Android target not found
Native extension for WindowsStandalone target not found
Mono: successfully reloaded assembly
- Finished resetting the current domain, in  0.493 seconds
Domain Reload Profiling: 1082ms
	BeginReloadAssembly (146ms)
		ExecutionOrderSort (0ms)
		DisableScriptedObjects (4ms)
		BackupInstance (0ms)
		ReleaseScriptingObjects (0ms)
		CreateAndSetChildDomain (45ms)
	RebuildCommonClasses (24ms)
	RebuildNativeTypeToScriptingClass (8ms)
	initialDomainReloadingComplete (26ms)
	LoadAllAssembliesAndSetupDomain (385ms)
		LoadAssemblies (282ms)
		RebuildTransferFunctionScriptingTraits (0ms)
		AnalyzeDomain (178ms)
			TypeCache.Refresh (134ms)
				TypeCache.ScanAssembly (116ms)
			BuildScriptInfoCaches (35ms)
			ResolveRequiredComponents (6ms)
	FinalizeReload (493ms)
		ReleaseScriptCaches (0ms)
		RebuildScriptCaches (0ms)
		SetupLoadedEditorAssemblies (365ms)
			LogAssemblyErrors (0ms)
			InitializePlatformSupportModulesInManaged (8ms)
			SetLoadedEditorAssemblies (4ms)
			BeforeProcessingInitializeOnLoad (67ms)
			ProcessInitializeOnLoadAttributes (217ms)
			ProcessInitializeOnLoadMethodAttributes (66ms)
			AfterProcessingInitializeOnLoad (2ms)
			EditorAssembliesLoaded (0ms)
		ExecutionOrderSort2 (0ms)
		AwakeInstancesAfterBackupRestoration (6ms)
Launched and connected shader compiler UnityShaderCompiler.exe after 0.02 seconds
Refreshing native plugins compatible for Editor in 1.02 ms, found 3 plugins.
Preloading 0 native plugins for Editor in 0.00 ms.
Unloading 198 Unused Serialized files (Serialized files now loaded: 0)
Unloading 6100 unused Assets / (6.3 MB). Loaded Objects now: 6748.
Memory consumption went from 161.7 MB to 155.3 MB.
Total: 13.366400 ms (FindLiveObjects: 0.959700 ms CreateObjectMapping: 0.944300 ms MarkObjects: 6.275500 ms  DeleteObjects: 5.184800 ms)

========================================================================
Received Import Request.
  Time since last request: 40096.562856 seconds.
  path: Assets/5.Sprites/Playerble/OnePiece/Zoro/Roronoa Zoro-1482.png
  artifactKey: Guid(0bdfcb6f988ec0d49be293feb878562a) Importer(815301076,1909f56bfc062723c751e8b465ee728b)
Start importing Assets/5.Sprites/Playerble/OnePiece/Zoro/Roronoa Zoro-1482.png using Guid(0bdfcb6f988ec0d49be293feb878562a) Importer(815301076,1909f56bfc062723c751e8b465ee728b) (PreviewImporter) -> (artifact id: '63f470e750718cafe06d288d38f832a4') in 0.0517036 seconds
Number of updated asset objects reloaded before import = 0Number of asset objects unloaded after import = 2

========================================================================
Received Import Request.
  Time since last request: 0.000018 seconds.
  path: Assets/5.Sprites/Playerble/OnePiece/Zoro/Roronoa Zoro-569.png
  artifactKey: Guid(5ef62ba7fceddac459aae443fae24b12) Importer(815301076,1909f56bfc062723c751e8b465ee728b)
Start importing Assets/5.Sprites/Playerble/OnePiece/Zoro/Roronoa Zoro-569.png using Guid(5ef62ba7fceddac459aae443fae24b12) Importer(815301076,1909f56bfc062723c751e8b465ee728b) (PreviewImporter) -> (artifact id: '3d3740bea51d2be2a0c2f95caac40a56') in 0.0135522 seconds
Number of updated asset objects reloaded before import = 0Number of asset objects unloaded after import = 2

========================================================================
Received Import Request.
  Time since last request: 0.000016 seconds.
  path: Assets/5.Sprites/Playerble/OnePiece/Zoro/Roronoa Zoro-247.png
  artifactKey: Guid(e059e984c514ac544bd8fa29c8578942) Importer(815301076,1909f56bfc062723c751e8b465ee728b)
Start importing Assets/5.Sprites/Playerble/OnePiece/Zoro/Roronoa Zoro-247.png using Guid(e059e984c514ac544bd8fa29c8578942) Importer(815301076,1909f56bfc062723c751e8b465ee728b) (PreviewImporter) -> (artifact id: 'f76429daada0b0ed074349d29c94d49f') in 0.0058486 seconds
Number of updated asset objects reloaded before import = 0Number of asset objects unloaded after import = 2

========================================================================
Received Import Request.
  Time since last request: 0.000013 seconds.
  path: Assets/5.Sprites/Playerble/OnePiece/Zoro/Roronoa Zoro-216.png
  artifactKey: Guid(698973b29955bcb4684d839da11993a6) Importer(815301076,1909f56bfc062723c751e8b465ee728b)
Start importing Assets/5.Sprites/Playerble/OnePiece/Zoro/Roronoa Zoro-216.png using Guid(698973b29955bcb4684d839da11993a6) Importer(815301076,1909f56bfc062723c751e8b465ee728b) (PreviewImporter) -> (artifact id: 'afa4e89eb947ac4655f1cbb3049e396c') in 0.0122664 seconds
Number of updated asset objects reloaded before import = 0Number of asset objects unloaded after import = 2

========================================================================
Received Import Request.
  Time since last request: 0.000012 seconds.
  path: Assets/5.Sprites/Playerble/OnePiece/Zoro/Roronoa Zoro-1465.png
  artifactKey: Guid(b56ae4c25f366c940b80f0cda2014d51) Importer(815301076,1909f56bfc062723c751e8b465ee728b)
Start importing Assets/5.Sprites/Playerble/OnePiece/Zoro/Roronoa Zoro-1465.png using Guid(b56ae4c25f366c940b80f0cda2014d51) Importer(815301076,1909f56bfc062723c751e8b465ee728b) (PreviewImporter) -> (artifact id: 'b58130e775414fbe57052287b66ec625') in 0.0125295 seconds
Number of updated asset objects reloaded before import = 0Number of asset objects unloaded after import = 2

========================================================================
Received Import Request.
  Time since last request: 0.000013 seconds.
  path: Assets/5.Sprites/Playerble/OnePiece/Zoro/Roronoa Zoro-1205.png
  artifactKey: Guid(b093688e3cf7d80439995c64a876df01) Importer(815301076,1909f56bfc062723c751e8b465ee728b)
Start importing Assets/5.Sprites/Playerble/OnePiece/Zoro/Roronoa Zoro-1205.png using Guid(b093688e3cf7d80439995c64a876df01) Importer(815301076,1909f56bfc062723c751e8b465ee728b) (PreviewImporter) -> (artifact id: '18d4a2be364b39d413f8554651b08b4d') in 0.0114493 seconds
Number of updated asset objects reloaded before import = 0Number of asset objects unloaded after import = 2

========================================================================
Received Import Request.
  Time since last request: 0.000012 seconds.
  path: Assets/5.Sprites/Playerble/OnePiece/Zoro/Roronoa Zoro-248.png
  artifactKey: Guid(752f204b7a62f464d8e5f5709bfeea35) Importer(815301076,1909f56bfc062723c751e8b465ee728b)
Start importing Assets/5.Sprites/Playerble/OnePiece/Zoro/Roronoa Zoro-248.png using Guid(752f204b7a62f464d8e5f5709bfeea35) Importer(815301076,1909f56bfc062723c751e8b465ee728b) (PreviewImporter) -> (artifact id: '0252ad62d68512b406fd56a69f290255') in 0.0097857 seconds
Number of updated asset objects reloaded before import = 0Number of asset objects unloaded after import = 2

========================================================================
Received Import Request.
  Time since last request: 0.000016 seconds.
  path: Assets/5.Sprites/Playerble/OnePiece/Zoro/Roronoa Zoro-1178.png
  artifactKey: Guid(82734731be2c43541b76eee9720c94cd) Importer(815301076,1909f56bfc062723c751e8b465ee728b)
Start importing Assets/5.Sprites/Playerble/OnePiece/Zoro/Roronoa Zoro-1178.png using Guid(82734731be2c43541b76eee9720c94cd) Importer(815301076,1909f56bfc062723c751e8b465ee728b) (PreviewImporter) -> (artifact id: 'd5f9ca09644ac2cfdd941255451c31a5') in 0.0084934 seconds
Number of updated asset objects reloaded before import = 0Number of asset objects unloaded after import = 2

========================================================================
Received Import Request.
  Time since last request: 0.000019 seconds.
  path: Assets/5.Sprites/Playerble/OnePiece/Zoro/Roronoa Zoro-1162.png
  artifactKey: Guid(b8f48d1d79ac40543969eb7de56ee956) Importer(815301076,1909f56bfc062723c751e8b465ee728b)
Start importing Assets/5.Sprites/Playerble/OnePiece/Zoro/Roronoa Zoro-1162.png using Guid(b8f48d1d79ac40543969eb7de56ee956) Importer(815301076,1909f56bfc062723c751e8b465ee728b) (PreviewImporter) -> (artifact id: '02594bb7a93c3defaca04cb8c16da305') in 0.0055526 seconds
Number of updated asset objects reloaded before import = 0Number of asset objects unloaded after import = 2

========================================================================
Received Import Request.
  Time since last request: 0.000014 seconds.
  path: Assets/5.Sprites/Playerble/OnePiece/Zoro/Roronoa Zoro-1148.png
  artifactKey: Guid(ecb6f4d930a396d4f9861fb0e8c3cb56) Importer(815301076,1909f56bfc062723c751e8b465ee728b)
Start importing Assets/5.Sprites/Playerble/OnePiece/Zoro/Roronoa Zoro-1148.png using Guid(ecb6f4d930a396d4f9861fb0e8c3cb56) Importer(815301076,1909f56bfc062723c751e8b465ee728b) (PreviewImporter) -> (artifact id: 'cddaae17e86ce101f0503067499803f3') in 0.0118109 seconds
Number of updated asset objects reloaded before import = 0Number of asset objects unloaded after import = 2

========================================================================
Received Import Request.
  Time since last request: 0.000010 seconds.
  path: Assets/5.Sprites/Playerble/OnePiece/Zoro/Roronoa Zoro-1185.png
  artifactKey: Guid(e8ef992c8fe9ede41917c8e7c83bd0b0) Importer(815301076,1909f56bfc062723c751e8b465ee728b)
Start importing Assets/5.Sprites/Playerble/OnePiece/Zoro/Roronoa Zoro-1185.png using Guid(e8ef992c8fe9ede41917c8e7c83bd0b0) Importer(815301076,1909f56bfc062723c751e8b465ee728b) (PreviewImporter) -> (artifact id: 'a7bf795950196615ef3a446450550249') in 0.0055881 seconds
Number of updated asset objects reloaded before import = 0Number of asset objects unloaded after import = 2

========================================================================
Received Import Request.
  Time since last request: 0.000013 seconds.
  path: Assets/5.Sprites/Playerble/OnePiece/Zoro/Roronoa Zoro-873.png
  artifactKey: Guid(56d1a3acbf62f9a40a2495b35cba6b05) Importer(815301076,1909f56bfc062723c751e8b465ee728b)
Start importing Assets/5.Sprites/Playerble/OnePiece/Zoro/Roronoa Zoro-873.png using Guid(56d1a3acbf62f9a40a2495b35cba6b05) Importer(815301076,1909f56bfc062723c751e8b465ee728b) (PreviewImporter) -> (artifact id: '4fec4ab82a0d36abe8ebd9469ad26850') in 0.0107553 seconds
Number of updated asset objects reloaded before import = 0Number of asset objects unloaded after import = 2

========================================================================
Received Import Request.
  Time since last request: 0.000029 seconds.
  path: Assets/5.Sprites/Playerble/OnePiece/Zoro/Roronoa Zoro-1027.png
  artifactKey: Guid(b06010ef7ceaec6449c3f5e5a9a2b0c2) Importer(815301076,1909f56bfc062723c751e8b465ee728b)
Start importing Assets/5.Sprites/Playerble/OnePiece/Zoro/Roronoa Zoro-1027.png using Guid(b06010ef7ceaec6449c3f5e5a9a2b0c2) Importer(815301076,1909f56bfc062723c751e8b465ee728b) (PreviewImporter) -> (artifact id: '93afdc04760058a874095a9dc2996e18') in 0.0063856 seconds
Number of updated asset objects reloaded before import = 0Number of asset objects unloaded after import = 2

========================================================================
Received Import Request.
  Time since last request: 0.000025 seconds.
  path: Assets/5.Sprites/Playerble/OnePiece/Zoro/Roronoa Zoro-159.png
  artifactKey: Guid(8badd002a80eafe4bbfd69d09dfd2fa8) Importer(815301076,1909f56bfc062723c751e8b465ee728b)
Start importing Assets/5.Sprites/Playerble/OnePiece/Zoro/Roronoa Zoro-159.png using Guid(8badd002a80eafe4bbfd69d09dfd2fa8) Importer(815301076,1909f56bfc062723c751e8b465ee728b) (PreviewImporter) -> (artifact id: 'cce879892cac0f38ff878d147d1f5189') in 0.0141357 seconds
Number of updated asset objects reloaded before import = 0Number of asset objects unloaded after import = 2

========================================================================
Received Import Request.
  Time since last request: 0.000024 seconds.
  path: Assets/5.Sprites/Playerble/OnePiece/Zoro/Roronoa Zoro-1472.png
  artifactKey: Guid(2e0422a325af54b448c5add87d707590) Importer(815301076,1909f56bfc062723c751e8b465ee728b)
Start importing Assets/5.Sprites/Playerble/OnePiece/Zoro/Roronoa Zoro-1472.png using Guid(2e0422a325af54b448c5add87d707590) Importer(815301076,1909f56bfc062723c751e8b465ee728b) (PreviewImporter) -> (artifact id: '5ce5732ad2c8e0adb35e74194af2d3e9') in 0.0142191 seconds
Number of updated asset objects reloaded before import = 0Number of asset objects unloaded after import = 2

========================================================================
Received Import Request.
  Time since last request: 0.000019 seconds.
  path: Assets/5.Sprites/Playerble/OnePiece/Zoro/Roronoa Zoro-1196.png
  artifactKey: Guid(a1eef3a46964b1943abeeab9f55acaf3) Importer(815301076,1909f56bfc062723c751e8b465ee728b)
Start importing Assets/5.Sprites/Playerble/OnePiece/Zoro/Roronoa Zoro-1196.png using Guid(a1eef3a46964b1943abeeab9f55acaf3) Importer(815301076,1909f56bfc062723c751e8b465ee728b) (PreviewImporter) -> (artifact id: '0de685539a2d12a446aea54b47c9daad') in 0.0044885 seconds
Number of updated asset objects reloaded before import = 0Number of asset objects unloaded after import = 2

========================================================================
Received Import Request.
  Time since last request: 0.000021 seconds.
  path: Assets/5.Sprites/Playerble/OnePiece/Zoro/Roronoa Zoro-1234.png
  artifactKey: Guid(7199e59d55603444aab6cf009dbc1468) Importer(815301076,1909f56bfc062723c751e8b465ee728b)
Start importing Assets/5.Sprites/Playerble/OnePiece/Zoro/Roronoa Zoro-1234.png using Guid(7199e59d55603444aab6cf009dbc1468) Importer(815301076,1909f56bfc062723c751e8b465ee728b) (PreviewImporter) -> (artifact id: '8c3400f9155a58580429ad5036596664') in 0.0051968 seconds
Number of updated asset objects reloaded before import = 0Number of asset objects unloaded after import = 2

========================================================================
Received Import Request.
  Time since last request: 0.000019 seconds.
  path: Assets/5.Sprites/Playerble/OnePiece/Zoro/Roronoa Zoro-556.png
  artifactKey: Guid(1bd0f29b44c7b7545b43f74baede2ec5) Importer(815301076,1909f56bfc062723c751e8b465ee728b)
Start importing Assets/5.Sprites/Playerble/OnePiece/Zoro/Roronoa Zoro-556.png using Guid(1bd0f29b44c7b7545b43f74baede2ec5) Importer(815301076,1909f56bfc062723c751e8b465ee728b) (PreviewImporter) -> (artifact id: '4099e9fcc9eaf8d409d3ee76362b7e1c') in 0.01026 seconds
Number of updated asset objects reloaded before import = 0Number of asset objects unloaded after import = 2

========================================================================
Received Import Request.
  Time since last request: 0.000032 seconds.
  path: Assets/5.Sprites/Playerble/OnePiece/Zoro/Roronoa Zoro-1194.png
  artifactKey: Guid(140eb82c4b818ff41b8cf662f2f76495) Importer(815301076,1909f56bfc062723c751e8b465ee728b)
Start importing Assets/5.Sprites/Playerble/OnePiece/Zoro/Roronoa Zoro-1194.png using Guid(140eb82c4b818ff41b8cf662f2f76495) Importer(815301076,1909f56bfc062723c751e8b465ee728b) (PreviewImporter) -> (artifact id: '00bae8a1a140aca5a2649882e8a7e300') in 0.0064839 seconds
Number of updated asset objects reloaded before import = 0Number of asset objects unloaded after import = 2

========================================================================
Received Import Request.
  Time since last request: 0.000011 seconds.
  path: Assets/5.Sprites/Playerble/OnePiece/Zoro/Roronoa Zoro-169.png
  artifactKey: Guid(19a0e3ab103db644291bee061747b9ad) Importer(815301076,1909f56bfc062723c751e8b465ee728b)
Start importing Assets/5.Sprites/Playerble/OnePiece/Zoro/Roronoa Zoro-169.png using Guid(19a0e3ab103db644291bee061747b9ad) Importer(815301076,1909f56bfc062723c751e8b465ee728b) (PreviewImporter) -> (artifact id: '5ed593c27261a743b09ee7b6db3ba802') in 0.0102147 seconds
Number of updated asset objects reloaded before import = 0Number of asset objects unloaded after import = 2

========================================================================
Received Import Request.
  Time since last request: 0.000014 seconds.
  path: Assets/5.Sprites/Playerble/OnePiece/Zoro/Roronoa Zoro-1221.png
  artifactKey: Guid(0659c278f0246f24c93cb7b96128b28a) Importer(815301076,1909f56bfc062723c751e8b465ee728b)
Start importing Assets/5.Sprites/Playerble/OnePiece/Zoro/Roronoa Zoro-1221.png using Guid(0659c278f0246f24c93cb7b96128b28a) Importer(815301076,1909f56bfc062723c751e8b465ee728b) (PreviewImporter) -> (artifact id: 'a434a89209afb8c03c840db7c6be9083') in 0.0047495 seconds
Number of updated asset objects reloaded before import = 0Number of asset objects unloaded after import = 2

========================================================================
Received Import Request.
  Time since last request: 0.000017 seconds.
  path: Assets/5.Sprites/Playerble/OnePiece/Zoro/Roronoa Zoro-1187.png
  artifactKey: Guid(abac53b6470cc784990ed380372fb085) Importer(815301076,1909f56bfc062723c751e8b465ee728b)
Start importing Assets/5.Sprites/Playerble/OnePiece/Zoro/Roronoa Zoro-1187.png using Guid(abac53b6470cc784990ed380372fb085) Importer(815301076,1909f56bfc062723c751e8b465ee728b) (PreviewImporter) -> (artifact id: 'b0755a7ca169e2970fe78df5aea65ff5') in 0.0099667 seconds
Number of updated asset objects reloaded before import = 0Number of asset objects unloaded after import = 2

========================================================================
Received Import Request.
  Time since last request: 0.000018 seconds.
  path: Assets/5.Sprites/Playerble/OnePiece/Zoro/Roronoa Zoro-1048.png
  artifactKey: Guid(34ce7870034099745ad6f2b9ffc5c191) Importer(815301076,1909f56bfc062723c751e8b465ee728b)
Start importing Assets/5.Sprites/Playerble/OnePiece/Zoro/Roronoa Zoro-1048.png using Guid(34ce7870034099745ad6f2b9ffc5c191) Importer(815301076,1909f56bfc062723c751e8b465ee728b) (PreviewImporter) -> (artifact id: '3ded3e8a4a942b1e7cb7d7ce454d70a8') in 0.0115756 seconds
Number of updated asset objects reloaded before import = 0Number of asset objects unloaded after import = 2

========================================================================
Received Import Request.
  Time since last request: 0.000011 seconds.
  path: Assets/5.Sprites/Playerble/OnePiece/Zoro/Roronoa Zoro-1231.png
  artifactKey: Guid(3efa1f7b64db514459ab3c0da9739056) Importer(815301076,1909f56bfc062723c751e8b465ee728b)
Start importing Assets/5.Sprites/Playerble/OnePiece/Zoro/Roronoa Zoro-1231.png using Guid(3efa1f7b64db514459ab3c0da9739056) Importer(815301076,1909f56bfc062723c751e8b465ee728b) (PreviewImporter) -> (artifact id: 'ebbc9e17e89ec8b0ea4ae651ee64d30a') in 0.0048917 seconds
Number of updated asset objects reloaded before import = 0Number of asset objects unloaded after import = 2

========================================================================
Received Import Request.
  Time since last request: 0.000013 seconds.
  path: Assets/5.Sprites/Playerble/OnePiece/Zoro/Roronoa Zoro-228.png
  artifactKey: Guid(d72a0844b1dabef4fb49652015a21350) Importer(815301076,1909f56bfc062723c751e8b465ee728b)
Start importing Assets/5.Sprites/Playerble/OnePiece/Zoro/Roronoa Zoro-228.png using Guid(d72a0844b1dabef4fb49652015a21350) Importer(815301076,1909f56bfc062723c751e8b465ee728b) (PreviewImporter) -> (artifact id: '19526328267acb99f817ee125bf5123b') in 0.0098143 seconds
Number of updated asset objects reloaded before import = 0Number of asset objects unloaded after import = 2

========================================================================
Received Import Request.
  Time since last request: 0.000012 seconds.
  path: Assets/5.Sprites/Playerble/OnePiece/Zoro/Roronoa Zoro-546.png
  artifactKey: Guid(940ee41d188152b478caf13b0084b8c5) Importer(815301076,1909f56bfc062723c751e8b465ee728b)
Start importing Assets/5.Sprites/Playerble/OnePiece/Zoro/Roronoa Zoro-546.png using Guid(940ee41d188152b478caf13b0084b8c5) Importer(815301076,1909f56bfc062723c751e8b465ee728b) (PreviewImporter) -> (artifact id: 'c9384bc1d9e31712737150aa1b3e229a') in 0.0110137 seconds
Number of updated asset objects reloaded before import = 0Number of asset objects unloaded after import = 2

========================================================================
Received Import Request.
  Time since last request: 0.000012 seconds.
  path: Assets/5.Sprites/Playerble/OnePiece/Zoro/Roronoa Zoro-1060.png
  artifactKey: Guid(028903e334c03c44eb9769572634f3f9) Importer(815301076,1909f56bfc062723c751e8b465ee728b)
Start importing Assets/5.Sprites/Playerble/OnePiece/Zoro/Roronoa Zoro-1060.png using Guid(028903e334c03c44eb9769572634f3f9) Importer(815301076,1909f56bfc062723c751e8b465ee728b) (PreviewImporter) -> (artifact id: '42fa3495f3cb25f204187db6aa86d58d') in 0.0097692 seconds
Number of updated asset objects reloaded before import = 0Number of asset objects unloaded after import = 2

========================================================================
Received Import Request.
  Time since last request: 0.000015 seconds.
  path: Assets/5.Sprites/Playerble/OnePiece/Zoro/Roronoa Zoro-1218.png
  artifactKey: Guid(6c50a1a027ea2b647845124ed6cd2e35) Importer(815301076,1909f56bfc062723c751e8b465ee728b)
Start importing Assets/5.Sprites/Playerble/OnePiece/Zoro/Roronoa Zoro-1218.png using Guid(6c50a1a027ea2b647845124ed6cd2e35) Importer(815301076,1909f56bfc062723c751e8b465ee728b) (PreviewImporter) -> (artifact id: '8b17321f3065eac6bf294e839336b297') in 0.0054091 seconds
Number of updated asset objects reloaded before import = 0Number of asset objects unloaded after import = 2

========================================================================
Received Import Request.
  Time since last request: 0.000021 seconds.
  path: Assets/5.Sprites/Playerble/OnePiece/Zoro/Roronoa Zoro-1049.png
  artifactKey: Guid(74fe4fa727a20514a8ef0e8b68e6c266) Importer(815301076,1909f56bfc062723c751e8b465ee728b)
Start importing Assets/5.Sprites/Playerble/OnePiece/Zoro/Roronoa Zoro-1049.png using Guid(74fe4fa727a20514a8ef0e8b68e6c266) Importer(815301076,1909f56bfc062723c751e8b465ee728b) (PreviewImporter) -> (artifact id: 'ea02b67331131e4943b0904ff8edbd75') in 0.0134504 seconds
Number of updated asset objects reloaded before import = 0Number of asset objects unloaded after import = 2

========================================================================
Received Import Request.
  Time since last request: 0.000015 seconds.
  path: Assets/5.Sprites/Playerble/OnePiece/Zoro/Roronoa Zoro-1040.png
  artifactKey: Guid(dd1da4097d30a0d459e9b4fb889e5667) Importer(815301076,1909f56bfc062723c751e8b465ee728b)
Start importing Assets/5.Sprites/Playerble/OnePiece/Zoro/Roronoa Zoro-1040.png using Guid(dd1da4097d30a0d459e9b4fb889e5667) Importer(815301076,1909f56bfc062723c751e8b465ee728b) (PreviewImporter) -> (artifact id: '53d1c3ad8733a8099c5269d57664cf34') in 0.0098593 seconds
Number of updated asset objects reloaded before import = 0Number of asset objects unloaded after import = 2

========================================================================
Received Import Request.
  Time since last request: 0.000012 seconds.
  path: Assets/5.Sprites/Playerble/OnePiece/Zoro/Roronoa Zoro-863.png
  artifactKey: Guid(b626c323d15fe8f4ea19b2a9327ab5e7) Importer(815301076,1909f56bfc062723c751e8b465ee728b)
Start importing Assets/5.Sprites/Playerble/OnePiece/Zoro/Roronoa Zoro-863.png using Guid(b626c323d15fe8f4ea19b2a9327ab5e7) Importer(815301076,1909f56bfc062723c751e8b465ee728b) (PreviewImporter) -> (artifact id: 'f8aec0f7d8f2781041085f072e35aab9') in 0.010243 seconds
Number of updated asset objects reloaded before import = 0Number of asset objects unloaded after import = 2

========================================================================
Received Import Request.
  Time since last request: 0.000012 seconds.
  path: Assets/5.Sprites/Playerble/OnePiece/Zoro/Roronoa Zoro-1149.png
  artifactKey: Guid(9dcb65112878fc3489162b1fc722a08d) Importer(815301076,1909f56bfc062723c751e8b465ee728b)
Start importing Assets/5.Sprites/Playerble/OnePiece/Zoro/Roronoa Zoro-1149.png using Guid(9dcb65112878fc3489162b1fc722a08d) Importer(815301076,1909f56bfc062723c751e8b465ee728b) (PreviewImporter) -> (artifact id: 'f42bd046cf4f092929fa24d36d2759c6') in 0.0041883 seconds
Number of updated asset objects reloaded before import = 0Number of asset objects unloaded after import = 2

========================================================================
Received Import Request.
  Time since last request: 0.000011 seconds.
  path: Assets/5.Sprites/Playerble/OnePiece/Zoro/Roronoa Zoro-861.png
  artifactKey: Guid(2673feb7bc19126429010bc616fcb09b) Importer(815301076,1909f56bfc062723c751e8b465ee728b)
Start importing Assets/5.Sprites/Playerble/OnePiece/Zoro/Roronoa Zoro-861.png using Guid(2673feb7bc19126429010bc616fcb09b) Importer(815301076,1909f56bfc062723c751e8b465ee728b) (PreviewImporter) -> (artifact id: '32fdadbee8e20112b710243f1744713c') in 0.0042019 seconds
Number of updated asset objects reloaded before import = 0Number of asset objects unloaded after import = 2

========================================================================
Received Import Request.
  Time since last request: 0.000015 seconds.
  path: Assets/5.Sprites/Playerble/OnePiece/Zoro/Roronoa Zoro-1189.png
  artifactKey: Guid(61d7e689ff773a5448cfef9aab5abdb7) Importer(815301076,1909f56bfc062723c751e8b465ee728b)
Start importing Assets/5.Sprites/Playerble/OnePiece/Zoro/Roronoa Zoro-1189.png using Guid(61d7e689ff773a5448cfef9aab5abdb7) Importer(815301076,1909f56bfc062723c751e8b465ee728b) (PreviewImporter) -> (artifact id: '4843a9247dce821405504017dfccffa2') in 0.0036908 seconds
Number of updated asset objects reloaded before import = 0Number of asset objects unloaded after import = 2

========================================================================
Received Import Request.
  Time since last request: 0.000014 seconds.
  path: Assets/5.Sprites/Playerble/OnePiece/Zoro/Roronoa Zoro-1481.png
  artifactKey: Guid(09c8a2f1ef730364ea78b5a5fd480c02) Importer(815301076,1909f56bfc062723c751e8b465ee728b)
Start importing Assets/5.Sprites/Playerble/OnePiece/Zoro/Roronoa Zoro-1481.png using Guid(09c8a2f1ef730364ea78b5a5fd480c02) Importer(815301076,1909f56bfc062723c751e8b465ee728b) (PreviewImporter) -> (artifact id: 'a5467a5f91590974af2c681516f8b9ed') in 0.0093281 seconds
Number of updated asset objects reloaded before import = 0Number of asset objects unloaded after import = 2

========================================================================
Received Import Request.
  Time since last request: 0.000012 seconds.
  path: Assets/5.Sprites/Playerble/OnePiece/Zoro/Roronoa Zoro-1030.png
  artifactKey: Guid(9d98b8e1922f1b647ac5880b9b82c645) Importer(815301076,1909f56bfc062723c751e8b465ee728b)
Start importing Assets/5.Sprites/Playerble/OnePiece/Zoro/Roronoa Zoro-1030.png using Guid(9d98b8e1922f1b647ac5880b9b82c645) Importer(815301076,1909f56bfc062723c751e8b465ee728b) (PreviewImporter) -> (artifact id: '17918081ee3eb181150722f56adc7c72') in 0.0036776 seconds
Number of updated asset objects reloaded before import = 0Number of asset objects unloaded after import = 2

========================================================================
Received Import Request.
  Time since last request: 0.000011 seconds.
  path: Assets/5.Sprites/Playerble/OnePiece/Zoro/Roronoa Zoro-1226.png
  artifactKey: Guid(5a239da07416d8b49a38145f86285734) Importer(815301076,1909f56bfc062723c751e8b465ee728b)
Start importing Assets/5.Sprites/Playerble/OnePiece/Zoro/Roronoa Zoro-1226.png using Guid(5a239da07416d8b49a38145f86285734) Importer(815301076,1909f56bfc062723c751e8b465ee728b) (PreviewImporter) -> (artifact id: '8f1cab60d4bf44208f19071a12f8f553') in 0.0065237 seconds
Number of updated asset objects reloaded before import = 0Number of asset objects unloaded after import = 2

========================================================================
Received Import Request.
  Time since last request: 0.000012 seconds.
  path: Assets/5.Sprites/Playerble/OnePiece/Zoro/Roronoa Zoro-233.png
  artifactKey: Guid(526db24778c4c4446b814292d0b023c6) Importer(815301076,1909f56bfc062723c751e8b465ee728b)
Start importing Assets/5.Sprites/Playerble/OnePiece/Zoro/Roronoa Zoro-233.png using Guid(526db24778c4c4446b814292d0b023c6) Importer(815301076,1909f56bfc062723c751e8b465ee728b) (PreviewImporter) -> (artifact id: 'bcc8f5b8cde9d0fd6d917e26c5bf6352') in 0.0038488 seconds
Number of updated asset objects reloaded before import = 0Number of asset objects unloaded after import = 2

========================================================================
Received Import Request.
  Time since last request: 0.000011 seconds.
  path: Assets/5.Sprites/Playerble/OnePiece/Zoro/Roronoa Zoro-156.png
  artifactKey: Guid(4be77cd6fc0a9d948b7a1ddd7115c2d0) Importer(815301076,1909f56bfc062723c751e8b465ee728b)
Start importing Assets/5.Sprites/Playerble/OnePiece/Zoro/Roronoa Zoro-156.png using Guid(4be77cd6fc0a9d948b7a1ddd7115c2d0) Importer(815301076,1909f56bfc062723c751e8b465ee728b) (PreviewImporter) -> (artifact id: '91ce6d03744171723c7d76a2bfda033d') in 0.0096297 seconds
Number of updated asset objects reloaded before import = 0Number of asset objects unloaded after import = 2

========================================================================
Received Import Request.
  Time since last request: 0.000021 seconds.
  path: Assets/5.Sprites/Playerble/OnePiece/Zoro/Roronoa Zoro-144.png
  artifactKey: Guid(61f278d6f66fc264285b264dbe8f1a41) Importer(815301076,1909f56bfc062723c751e8b465ee728b)
Start importing Assets/5.Sprites/Playerble/OnePiece/Zoro/Roronoa Zoro-144.png using Guid(61f278d6f66fc264285b264dbe8f1a41) Importer(815301076,1909f56bfc062723c751e8b465ee728b) (PreviewImporter) -> (artifact id: '7263bb0457845a658ea5e967c2600da5') in 0.0076222 seconds
Number of updated asset objects reloaded before import = 0Number of asset objects unloaded after import = 2

========================================================================
Received Import Request.
  Time since last request: 0.000012 seconds.
  path: Assets/5.Sprites/Playerble/OnePiece/Zoro/Roronoa Zoro-229.png
  artifactKey: Guid(e6bbe410355c4df40aeb40d5906336aa) Importer(815301076,1909f56bfc062723c751e8b465ee728b)
Start importing Assets/5.Sprites/Playerble/OnePiece/Zoro/Roronoa Zoro-229.png using Guid(e6bbe410355c4df40aeb40d5906336aa) Importer(815301076,1909f56bfc062723c751e8b465ee728b) (PreviewImporter) -> (artifact id: 'a81bace1d2a3501aa3c981da0f3e4125') in 0.0103549 seconds
Number of updated asset objects reloaded before import = 0Number of asset objects unloaded after import = 2

========================================================================
Received Import Request.
  Time since last request: 0.000017 seconds.
  path: Assets/5.Sprites/Playerble/OnePiece/Zoro/Roronoa Zoro-1202.png
  artifactKey: Guid(2c6ca1d2283e7a64f831aa36410988e5) Importer(815301076,1909f56bfc062723c751e8b465ee728b)
Start importing Assets/5.Sprites/Playerble/OnePiece/Zoro/Roronoa Zoro-1202.png using Guid(2c6ca1d2283e7a64f831aa36410988e5) Importer(815301076,1909f56bfc062723c751e8b465ee728b) (PreviewImporter) -> (artifact id: 'ff054b72da67237f9d54ad1041a12deb') in 0.0051461 seconds
Number of updated asset objects reloaded before import = 0Number of asset objects unloaded after import = 2

========================================================================
Received Import Request.
  Time since last request: 0.000014 seconds.
  path: Assets/5.Sprites/Playerble/OnePiece/Zoro/Roronoa Zoro-1031.png
  artifactKey: Guid(974db48298bdf3f46ab265e231cb0409) Importer(815301076,1909f56bfc062723c751e8b465ee728b)
Start importing Assets/5.Sprites/Playerble/OnePiece/Zoro/Roronoa Zoro-1031.png using Guid(974db48298bdf3f46ab265e231cb0409) Importer(815301076,1909f56bfc062723c751e8b465ee728b) (PreviewImporter) -> (artifact id: 'd73432c3c72b279020f65d81022859d5') in 0.008728 seconds
Number of updated asset objects reloaded before import = 0Number of asset objects unloaded after import = 2

========================================================================
Received Import Request.
  Time since last request: 0.000015 seconds.
  path: Assets/5.Sprites/Playerble/OnePiece/Zoro/Roronoa Zoro-1357.png
  artifactKey: Guid(b0ca6a5226bcabd47b3a93935a1914ad) Importer(815301076,1909f56bfc062723c751e8b465ee728b)
Start importing Assets/5.Sprites/Playerble/OnePiece/Zoro/Roronoa Zoro-1357.png using Guid(b0ca6a5226bcabd47b3a93935a1914ad) Importer(815301076,1909f56bfc062723c751e8b465ee728b) (PreviewImporter) -> (artifact id: 'd714df8762308df431e6965ebff584a5') in 0.0046748 seconds
Number of updated asset objects reloaded before import = 0Number of asset objects unloaded after import = 2

========================================================================
Received Import Request.
  Time since last request: 0.000013 seconds.
  path: Assets/5.Sprites/Playerble/OnePiece/Zoro/Roronoa Zoro-858.png
  artifactKey: Guid(aa92447e8a602b54b9cbd69c1c47e657) Importer(815301076,1909f56bfc062723c751e8b465ee728b)
Start importing Assets/5.Sprites/Playerble/OnePiece/Zoro/Roronoa Zoro-858.png using Guid(aa92447e8a602b54b9cbd69c1c47e657) Importer(815301076,1909f56bfc062723c751e8b465ee728b) (PreviewImporter) -> (artifact id: '95a1d6b43da958ecde0950b84b6bdbeb') in 0.0096369 seconds
Number of updated asset objects reloaded before import = 0Number of asset objects unloaded after import = 2

========================================================================
Received Import Request.
  Time since last request: 0.000014 seconds.
  path: Assets/5.Sprites/Playerble/OnePiece/Zoro/Roronoa Zoro-1190.png
  artifactKey: Guid(6c512073280f0bf4dac57ce5074b0897) Importer(815301076,1909f56bfc062723c751e8b465ee728b)
Start importing Assets/5.Sprites/Playerble/OnePiece/Zoro/Roronoa Zoro-1190.png using Guid(6c512073280f0bf4dac57ce5074b0897) Importer(815301076,1909f56bfc062723c751e8b465ee728b) (PreviewImporter) -> (artifact id: '4c2a6c14431a24ba3716b101f807742a') in 0.0091902 seconds
Number of updated asset objects reloaded before import = 0Number of asset objects unloaded after import = 2

========================================================================
Received Import Request.
  Time since last request: 0.000016 seconds.
  path: Assets/5.Sprites/Playerble/OnePiece/Zoro/Roronoa Zoro-1350.png
  artifactKey: Guid(68c09fa4805bb5d49af73ffe8d47da65) Importer(815301076,1909f56bfc062723c751e8b465ee728b)
Start importing Assets/5.Sprites/Playerble/OnePiece/Zoro/Roronoa Zoro-1350.png using Guid(68c09fa4805bb5d49af73ffe8d47da65) Importer(815301076,1909f56bfc062723c751e8b465ee728b) (PreviewImporter) -> (artifact id: '98439b629b1570bfad4f196702a70687') in 0.0100369 seconds
Number of updated asset objects reloaded before import = 0Number of asset objects unloaded after import = 2

========================================================================
Received Import Request.
  Time since last request: 0.000014 seconds.
  path: Assets/5.Sprites/Playerble/OnePiece/Zoro/Roronoa Zoro-1346.png
  artifactKey: Guid(5d075b99dd3c64043838f436fe77e35e) Importer(815301076,1909f56bfc062723c751e8b465ee728b)
Start importing Assets/5.Sprites/Playerble/OnePiece/Zoro/Roronoa Zoro-1346.png using Guid(5d075b99dd3c64043838f436fe77e35e) Importer(815301076,1909f56bfc062723c751e8b465ee728b) (PreviewImporter) -> (artifact id: '69f5ceae052bb3e1529236b45329a245') in 0.0083698 seconds
Number of updated asset objects reloaded before import = 0Number of asset objects unloaded after import = 2

========================================================================
Received Import Request.
  Time since last request: 7.066467 seconds.
  path: Assets/5.Sprites/Playerble/OnePiece/Zoro/Roronoa Zoro-1449.png
  artifactKey: Guid(f7b4e3840d9cada428cd44a1ac13474f) Importer(815301076,1909f56bfc062723c751e8b465ee728b)
Start importing Assets/5.Sprites/Playerble/OnePiece/Zoro/Roronoa Zoro-1449.png using Guid(f7b4e3840d9cada428cd44a1ac13474f) Importer(815301076,1909f56bfc062723c751e8b465ee728b) (PreviewImporter) -> (artifact id: '3bb0f64877bf64b3abd484688f4ddec9') in 0.012485 seconds
Number of updated asset objects reloaded before import = 0Number of asset objects unloaded after import = 2

========================================================================
Received Import Request.
  Time since last request: 0.009264 seconds.
  path: Assets/5.Sprites/Playerble/OnePiece/Zoro/Roronoa Zoro-1440.png
  artifactKey: Guid(46bf61e823a4e7b4dab12063be291202) Importer(815301076,1909f56bfc062723c751e8b465ee728b)
Start importing Assets/5.Sprites/Playerble/OnePiece/Zoro/Roronoa Zoro-1440.png using Guid(46bf61e823a4e7b4dab12063be291202) Importer(815301076,1909f56bfc062723c751e8b465ee728b) (PreviewImporter) -> (artifact id: 'f741c36ebda4a3fc3e11567ce09deb30') in 0.0102605 seconds
Number of updated asset objects reloaded before import = 0Number of asset objects unloaded after import = 2

========================================================================
Received Import Request.
  Time since last request: 0.000015 seconds.
  path: Assets/5.Sprites/Playerble/OnePiece/Zoro/Roronoa Zoro-1447.png
  artifactKey: Guid(8ea114c4c0d30304da655b8fa8aef673) Importer(815301076,1909f56bfc062723c751e8b465ee728b)
Start importing Assets/5.Sprites/Playerble/OnePiece/Zoro/Roronoa Zoro-1447.png using Guid(8ea114c4c0d30304da655b8fa8aef673) Importer(815301076,1909f56bfc062723c751e8b465ee728b) (PreviewImporter) -> (artifact id: 'f7fb0f7e0c713da619b8025d9b130570') in 0.0123965 seconds
Number of updated asset objects reloaded before import = 0Number of asset objects unloaded after import = 2

========================================================================
Received Import Request.
  Time since last request: 0.000023 seconds.
  path: Assets/5.Sprites/Playerble/OnePiece/Zoro/Roronoa Zoro-1437.png
  artifactKey: Guid(cee0b887e36778a49a919adb7f30cc39) Importer(815301076,1909f56bfc062723c751e8b465ee728b)
Start importing Assets/5.Sprites/Playerble/OnePiece/Zoro/Roronoa Zoro-1437.png using Guid(cee0b887e36778a49a919adb7f30cc39) Importer(815301076,1909f56bfc062723c751e8b465ee728b) (PreviewImporter) -> (artifact id: '55524df820f8a0dca3ae0b5b1434da56') in 0.0087276 seconds
Number of updated asset objects reloaded before import = 0Number of asset objects unloaded after import = 2

========================================================================
Received Import Request.
  Time since last request: 0.134041 seconds.
  path: Assets/5.Sprites/Playerble/OnePiece/Zoro/Roronoa Zoro-1422.png
  artifactKey: Guid(231dbbbc93a70f048a7edc985b570c85) Importer(815301076,1909f56bfc062723c751e8b465ee728b)
Start importing Assets/5.Sprites/Playerble/OnePiece/Zoro/Roronoa Zoro-1422.png using Guid(231dbbbc93a70f048a7edc985b570c85) Importer(815301076,1909f56bfc062723c751e8b465ee728b) (PreviewImporter) -> (artifact id: 'eb109d214b2fb9bbdd01f1fbf22db4ae') in 0.0110666 seconds
Number of updated asset objects reloaded before import = 0Number of asset objects unloaded after import = 2

========================================================================
Received Import Request.
  Time since last request: 0.011671 seconds.
  path: Assets/5.Sprites/Playerble/OnePiece/Zoro/Roronoa Zoro-1413.png
  artifactKey: Guid(5668abdb253c0e34baf0e7d9b5cb1fd2) Importer(815301076,1909f56bfc062723c751e8b465ee728b)
Start importing Assets/5.Sprites/Playerble/OnePiece/Zoro/Roronoa Zoro-1413.png using Guid(5668abdb253c0e34baf0e7d9b5cb1fd2) Importer(815301076,1909f56bfc062723c751e8b465ee728b) (PreviewImporter) -> (artifact id: '4e25ff59319d46911e59a224cbd8fc14') in 0.0110173 seconds
Number of updated asset objects reloaded before import = 0Number of asset objects unloaded after import = 2

========================================================================
Received Import Request.
  Time since last request: 0.012004 seconds.
  path: Assets/5.Sprites/Playerble/OnePiece/Zoro/Roronoa Zoro-1404.png
  artifactKey: Guid(205520d4365427c4596f1b4b943f315c) Importer(815301076,1909f56bfc062723c751e8b465ee728b)
Start importing Assets/5.Sprites/Playerble/OnePiece/Zoro/Roronoa Zoro-1404.png using Guid(205520d4365427c4596f1b4b943f315c) Importer(815301076,1909f56bfc062723c751e8b465ee728b) (PreviewImporter) -> (artifact id: '6f3da4e7b7775767e42940b2a9c8f9a7') in 0.0107748 seconds
Number of updated asset objects reloaded before import = 0Number of asset objects unloaded after import = 2

========================================================================
Received Import Request.
  Time since last request: 0.000012 seconds.
  path: Assets/5.Sprites/Playerble/OnePiece/Zoro/Roronoa Zoro-1411.png
  artifactKey: Guid(011512617ce95724296d0a80e8825032) Importer(815301076,1909f56bfc062723c751e8b465ee728b)
Start importing Assets/5.Sprites/Playerble/OnePiece/Zoro/Roronoa Zoro-1411.png using Guid(011512617ce95724296d0a80e8825032) Importer(815301076,1909f56bfc062723c751e8b465ee728b) (PreviewImporter) -> (artifact id: '142cf788116b40694b35b8e9e648f048') in 0.0087529 seconds
Number of updated asset objects reloaded before import = 0Number of asset objects unloaded after import = 2

========================================================================
Received Import Request.
  Time since last request: 0.113351 seconds.
  path: Assets/5.Sprites/Playerble/OnePiece/Zoro/Roronoa Zoro-1395.png
  artifactKey: Guid(56fbb0e7d58212a4ca3362555e933a53) Importer(815301076,1909f56bfc062723c751e8b465ee728b)
Start importing Assets/5.Sprites/Playerble/OnePiece/Zoro/Roronoa Zoro-1395.png using Guid(56fbb0e7d58212a4ca3362555e933a53) Importer(815301076,1909f56bfc062723c751e8b465ee728b) (PreviewImporter) -> (artifact id: '51ca8b5415b125dd8ed0d5ae35e0282a') in 0.0119703 seconds
Number of updated asset objects reloaded before import = 0Number of asset objects unloaded after import = 2

========================================================================
Received Import Request.
  Time since last request: 0.006841 seconds.
  path: Assets/5.Sprites/Playerble/OnePiece/Zoro/Roronoa Zoro-1386.png
  artifactKey: Guid(b0c95dc3b85e771469beb60c08418de8) Importer(815301076,1909f56bfc062723c751e8b465ee728b)
Start importing Assets/5.Sprites/Playerble/OnePiece/Zoro/Roronoa Zoro-1386.png using Guid(b0c95dc3b85e771469beb60c08418de8) Importer(815301076,1909f56bfc062723c751e8b465ee728b) (PreviewImporter) -> (artifact id: '5aca8b8ab603f72b4b15de33dbc2a9ee') in 0.0106995 seconds
Number of updated asset objects reloaded before import = 0Number of asset objects unloaded after import = 2

========================================================================
Received Import Request.
  Time since last request: 0.144446 seconds.
  path: Assets/5.Sprites/Playerble/OnePiece/Zoro/Roronoa Zoro-1378.png
  artifactKey: Guid(da97cbba5234b8343a136f0997a60a71) Importer(815301076,1909f56bfc062723c751e8b465ee728b)
Start importing Assets/5.Sprites/Playerble/OnePiece/Zoro/Roronoa Zoro-1378.png using Guid(da97cbba5234b8343a136f0997a60a71) Importer(815301076,1909f56bfc062723c751e8b465ee728b) (PreviewImporter) -> (artifact id: '4ebb1175f5bf4a631e06bd043a89d6c8') in 0.0112743 seconds
Number of updated asset objects reloaded before import = 0Number of asset objects unloaded after import = 2

========================================================================
Received Import Request.
  Time since last request: 0.529056 seconds.
  path: Assets/5.Sprites/Playerble/OnePiece/Zoro/Roronoa Zoro-1332.png
  artifactKey: Guid(cd94ce35c012e21469c0328ed05fb41f) Importer(815301076,1909f56bfc062723c751e8b465ee728b)
Start importing Assets/5.Sprites/Playerble/OnePiece/Zoro/Roronoa Zoro-1332.png using Guid(cd94ce35c012e21469c0328ed05fb41f) Importer(815301076,1909f56bfc062723c751e8b465ee728b) (PreviewImporter) -> (artifact id: 'f52d0f6061a4a4d95798e03e6df246bb') in 0.0056856 seconds
Number of updated asset objects reloaded before import = 0Number of asset objects unloaded after import = 2

========================================================================
Received Import Request.
  Time since last request: 0.000011 seconds.
  path: Assets/5.Sprites/Playerble/OnePiece/Zoro/Roronoa Zoro-1339.png
  artifactKey: Guid(04af52149e7076149a29395d0950ac7a) Importer(815301076,1909f56bfc062723c751e8b465ee728b)
Start importing Assets/5.Sprites/Playerble/OnePiece/Zoro/Roronoa Zoro-1339.png using Guid(04af52149e7076149a29395d0950ac7a) Importer(815301076,1909f56bfc062723c751e8b465ee728b) (PreviewImporter) -> (artifact id: '677874dcefe7e9a8b4029708294ee5a7') in 0.0123362 seconds
Number of updated asset objects reloaded before import = 0Number of asset objects unloaded after import = 2

========================================================================
Received Import Request.
  Time since last request: 0.000019 seconds.
  path: Assets/5.Sprites/Playerble/OnePiece/Zoro/Roronoa Zoro-1326.png
  artifactKey: Guid(c0fbc2a9c644c5d458123c26c2188c87) Importer(815301076,1909f56bfc062723c751e8b465ee728b)
Start importing Assets/5.Sprites/Playerble/OnePiece/Zoro/Roronoa Zoro-1326.png using Guid(c0fbc2a9c644c5d458123c26c2188c87) Importer(815301076,1909f56bfc062723c751e8b465ee728b) (PreviewImporter) -> (artifact id: '74772a8d8f17290b3dcf8561e09ef493') in 0.0045511 seconds
Number of updated asset objects reloaded before import = 0Number of asset objects unloaded after import = 2

========================================================================
Received Import Request.
  Time since last request: 0.155393 seconds.
  path: Assets/5.Sprites/Playerble/OnePiece/Zoro/Roronoa Zoro-1314.png
  artifactKey: Guid(64a383386aaf3d84b90814cbf6f15273) Importer(815301076,1909f56bfc062723c751e8b465ee728b)
Start importing Assets/5.Sprites/Playerble/OnePiece/Zoro/Roronoa Zoro-1314.png using Guid(64a383386aaf3d84b90814cbf6f15273) Importer(815301076,1909f56bfc062723c751e8b465ee728b) (PreviewImporter) -> (artifact id: 'f206edfdecc24918d514666aee42d44f') in 0.0113049 seconds
Number of updated asset objects reloaded before import = 0Number of asset objects unloaded after import = 2

========================================================================
Received Import Request.
  Time since last request: 0.008630 seconds.
  path: Assets/5.Sprites/Playerble/OnePiece/Zoro/Roronoa Zoro-1305.png
  artifactKey: Guid(f42805818069b2d4ba8fed60b5ba6722) Importer(815301076,1909f56bfc062723c751e8b465ee728b)
Start importing Assets/5.Sprites/Playerble/OnePiece/Zoro/Roronoa Zoro-1305.png using Guid(f42805818069b2d4ba8fed60b5ba6722) Importer(815301076,1909f56bfc062723c751e8b465ee728b) (PreviewImporter) -> (artifact id: '65bb1c0f000716c31730bff6afa7f975') in 0.0107228 seconds
Number of updated asset objects reloaded before import = 0Number of asset objects unloaded after import = 2

========================================================================
Received Import Request.
  Time since last request: 0.157042 seconds.
  path: Assets/5.Sprites/Playerble/OnePiece/Zoro/Roronoa Zoro-1296.png
  artifactKey: Guid(13dcef8ff3e1a5147a25bbd77243fe66) Importer(815301076,1909f56bfc062723c751e8b465ee728b)
Start importing Assets/5.Sprites/Playerble/OnePiece/Zoro/Roronoa Zoro-1296.png using Guid(13dcef8ff3e1a5147a25bbd77243fe66) Importer(815301076,1909f56bfc062723c751e8b465ee728b) (PreviewImporter) -> (artifact id: 'ade9c290f25c7bdfbd312c7e65cb1de2') in 0.0057405 seconds
Number of updated asset objects reloaded before import = 0Number of asset objects unloaded after import = 2

========================================================================
Received Import Request.
  Time since last request: 0.000012 seconds.
  path: Assets/5.Sprites/Playerble/OnePiece/Zoro/Roronoa Zoro-1303.png
  artifactKey: Guid(787b78e47b3eaf3449123fc450f2cca3) Importer(815301076,1909f56bfc062723c751e8b465ee728b)
Start importing Assets/5.Sprites/Playerble/OnePiece/Zoro/Roronoa Zoro-1303.png using Guid(787b78e47b3eaf3449123fc450f2cca3) Importer(815301076,1909f56bfc062723c751e8b465ee728b) (PreviewImporter) -> (artifact id: '0a40c1664f8e50ec920923fee4fbb05c') in 0.0044942 seconds
Number of updated asset objects reloaded before import = 0Number of asset objects unloaded after import = 2

========================================================================
Received Import Request.
  Time since last request: 0.000019 seconds.
  path: Assets/5.Sprites/Playerble/OnePiece/Zoro/Roronoa Zoro-1291.png
  artifactKey: Guid(b83e1a3c3b6bffb44a2c69f7f8edafdf) Importer(815301076,1909f56bfc062723c751e8b465ee728b)
Start importing Assets/5.Sprites/Playerble/OnePiece/Zoro/Roronoa Zoro-1291.png using Guid(b83e1a3c3b6bffb44a2c69f7f8edafdf) Importer(815301076,1909f56bfc062723c751e8b465ee728b) (PreviewImporter) -> (artifact id: 'd0e04e0ac1f89ff03de365e851cf6f4e') in 0.0105489 seconds
Number of updated asset objects reloaded before import = 0Number of asset objects unloaded after import = 2

========================================================================
Received Import Request.
  Time since last request: 0.113732 seconds.
  path: Assets/5.Sprites/Playerble/OnePiece/Zoro/Roronoa Zoro-1278.png
  artifactKey: Guid(8f14362ac66059a4499532b9cbfbb70b) Importer(815301076,1909f56bfc062723c751e8b465ee728b)
Start importing Assets/5.Sprites/Playerble/OnePiece/Zoro/Roronoa Zoro-1278.png using Guid(8f14362ac66059a4499532b9cbfbb70b) Importer(815301076,1909f56bfc062723c751e8b465ee728b) (PreviewImporter) -> (artifact id: '33cdf5383102ae8d29eee35e7f5633e7') in 0.0050956 seconds
Number of updated asset objects reloaded before import = 0Number of asset objects unloaded after import = 2

========================================================================
Received Import Request.
  Time since last request: 0.000016 seconds.
  path: Assets/5.Sprites/Playerble/OnePiece/Zoro/Roronoa Zoro-1285.png
  artifactKey: Guid(1f962d318c9c84140ae66e14dd26a4a0) Importer(815301076,1909f56bfc062723c751e8b465ee728b)
Start importing Assets/5.Sprites/Playerble/OnePiece/Zoro/Roronoa Zoro-1285.png using Guid(1f962d318c9c84140ae66e14dd26a4a0) Importer(815301076,1909f56bfc062723c751e8b465ee728b) (PreviewImporter) -> (artifact id: '07f12c8c8bfa28982fe2715aac39dff9') in 0.0041639 seconds
Number of updated asset objects reloaded before import = 0Number of asset objects unloaded after import = 2

========================================================================
Received Import Request.
  Time since last request: 0.000018 seconds.
  path: Assets/5.Sprites/Playerble/OnePiece/Zoro/Roronoa Zoro-1269.png
  artifactKey: Guid(cfe29109d0dceaf44a7c5ff3a72d3bb2) Importer(815301076,1909f56bfc062723c751e8b465ee728b)
Start importing Assets/5.Sprites/Playerble/OnePiece/Zoro/Roronoa Zoro-1269.png using Guid(cfe29109d0dceaf44a7c5ff3a72d3bb2) Importer(815301076,1909f56bfc062723c751e8b465ee728b) (PreviewImporter) -> (artifact id: 'eba0bc0899d7a5831ff70f22063b7e4d') in 0.0103909 seconds
Number of updated asset objects reloaded before import = 0Number of asset objects unloaded after import = 2

========================================================================
Received Import Request.
  Time since last request: 0.000013 seconds.
  path: Assets/5.Sprites/Playerble/OnePiece/Zoro/Roronoa Zoro-1260.png
  artifactKey: Guid(ac527207819c1da4db23e7542ed0814b) Importer(815301076,1909f56bfc062723c751e8b465ee728b)
Start importing Assets/5.Sprites/Playerble/OnePiece/Zoro/Roronoa Zoro-1260.png using Guid(ac527207819c1da4db23e7542ed0814b) Importer(815301076,1909f56bfc062723c751e8b465ee728b) (PreviewImporter) -> (artifact id: '4fdb7ffab568e0b207e0b4cfc09316fc') in 0.0044042 seconds
Number of updated asset objects reloaded before import = 0Number of asset objects unloaded after import = 2

========================================================================
Received Import Request.
  Time since last request: 0.144260 seconds.
  path: Assets/5.Sprites/Playerble/OnePiece/Zoro/Roronoa Zoro-1252.png
  artifactKey: Guid(ea5863bc70367ac4f925c7d7fc1bec7d) Importer(815301076,1909f56bfc062723c751e8b465ee728b)
Start importing Assets/5.Sprites/Playerble/OnePiece/Zoro/Roronoa Zoro-1252.png using Guid(ea5863bc70367ac4f925c7d7fc1bec7d) Importer(815301076,1909f56bfc062723c751e8b465ee728b) (PreviewImporter) -> (artifact id: '7e34a55cb4460e3bcc13bc3dfa2af782') in 0.0055804 seconds
Number of updated asset objects reloaded before import = 0Number of asset objects unloaded after import = 2

========================================================================
Received Import Request.
  Time since last request: 0.407045 seconds.
  path: Assets/5.Sprites/Playerble/OnePiece/Zoro/Roronoa Zoro-1207.png
  artifactKey: Guid(1dc6f8bf79d5df44bab89a9546034acc) Importer(815301076,1909f56bfc062723c751e8b465ee728b)
Start importing Assets/5.Sprites/Playerble/OnePiece/Zoro/Roronoa Zoro-1207.png using Guid(1dc6f8bf79d5df44bab89a9546034acc) Importer(815301076,1909f56bfc062723c751e8b465ee728b) (PreviewImporter) -> (artifact id: '0444249238cade810c0cdf7bfa227874') in 0.0122421 seconds
Number of updated asset objects reloaded before import = 0Number of asset objects unloaded after import = 2

========================================================================
Received Import Request.
  Time since last request: 0.676488 seconds.
  path: Assets/5.Sprites/Playerble/OnePiece/Zoro/Roronoa Zoro-1125.png
  artifactKey: Guid(b2f9484f246906a4194eedcabd616812) Importer(815301076,1909f56bfc062723c751e8b465ee728b)
Start importing Assets/5.Sprites/Playerble/OnePiece/Zoro/Roronoa Zoro-1125.png using Guid(b2f9484f246906a4194eedcabd616812) Importer(815301076,1909f56bfc062723c751e8b465ee728b) (PreviewImporter) -> (artifact id: '790f411aeff82ecab11b7a9a09b01cc1') in 0.0061827 seconds
Number of updated asset objects reloaded before import = 0Number of asset objects unloaded after import = 2

========================================================================
Received Import Request.
  Time since last request: 0.896303 seconds.
  path: Assets/5.Sprites/Playerble/OnePiece/Zoro/Roronoa Zoro-1116.png
  artifactKey: Guid(ef90e9166a5c7f3469a3fd9effcec312) Importer(815301076,1909f56bfc062723c751e8b465ee728b)
Start importing Assets/5.Sprites/Playerble/OnePiece/Zoro/Roronoa Zoro-1116.png using Guid(ef90e9166a5c7f3469a3fd9effcec312) Importer(815301076,1909f56bfc062723c751e8b465ee728b) (PreviewImporter) -> (artifact id: 'c73a594c54a74e5f0c907be018028849') in 0.0115679 seconds
Number of updated asset objects reloaded before import = 0Number of asset objects unloaded after import = 2

========================================================================
Received Import Request.
  Time since last request: 0.000010 seconds.
  path: Assets/5.Sprites/Playerble/OnePiece/Zoro/Roronoa Zoro-1079.png
  artifactKey: Guid(0f0d4b101a91ba843bcac8110471d84a) Importer(815301076,1909f56bfc062723c751e8b465ee728b)
Start importing Assets/5.Sprites/Playerble/OnePiece/Zoro/Roronoa Zoro-1079.png using Guid(0f0d4b101a91ba843bcac8110471d84a) Importer(815301076,1909f56bfc062723c751e8b465ee728b) (PreviewImporter) -> (artifact id: '19ab65151f8f7c1629dc325f2d6f9ab9') in 0.0122666 seconds
Number of updated asset objects reloaded before import = 0Number of asset objects unloaded after import = 2

========================================================================
Received Import Request.
  Time since last request: 0.000018 seconds.
  path: Assets/5.Sprites/Playerble/OnePiece/Zoro/Roronoa Zoro-1105.png
  artifactKey: Guid(982ce4ec98e538e49b9f1e16cf842a25) Importer(815301076,1909f56bfc062723c751e8b465ee728b)
Start importing Assets/5.Sprites/Playerble/OnePiece/Zoro/Roronoa Zoro-1105.png using Guid(982ce4ec98e538e49b9f1e16cf842a25) Importer(815301076,1909f56bfc062723c751e8b465ee728b) (PreviewImporter) -> (artifact id: '0074281f30d97459d26572b09aa3f737') in 0.003923 seconds
Number of updated asset objects reloaded before import = 0Number of asset objects unloaded after import = 2

========================================================================
Received Import Request.
  Time since last request: 0.000029 seconds.
  path: Assets/5.Sprites/Playerble/OnePiece/Zoro/Roronoa Zoro-1005.png
  artifactKey: Guid(96ffb27289f9d454d89c7650d837d8f6) Importer(815301076,1909f56bfc062723c751e8b465ee728b)
Start importing Assets/5.Sprites/Playerble/OnePiece/Zoro/Roronoa Zoro-1005.png using Guid(96ffb27289f9d454d89c7650d837d8f6) Importer(815301076,1909f56bfc062723c751e8b465ee728b) (PreviewImporter) -> (artifact id: '35c2d5b3cb229afffabd4251dee5f36d') in 0.0089143 seconds
Number of updated asset objects reloaded before import = 0Number of asset objects unloaded after import = 2

========================================================================
Received Import Request.
  Time since last request: 0.000014 seconds.
  path: Assets/5.Sprites/Playerble/OnePiece/Zoro/Roronoa Zoro-752.png
  artifactKey: Guid(04af131160a12824384d31d6d6e41a5c) Importer(815301076,1909f56bfc062723c751e8b465ee728b)
Start importing Assets/5.Sprites/Playerble/OnePiece/Zoro/Roronoa Zoro-752.png using Guid(04af131160a12824384d31d6d6e41a5c) Importer(815301076,1909f56bfc062723c751e8b465ee728b) (PreviewImporter) -> (artifact id: 'ed91d30554363a08e4a1eb0418b050a0') in 0.0091067 seconds
Number of updated asset objects reloaded before import = 0Number of asset objects unloaded after import = 2

========================================================================
Received Import Request.
  Time since last request: 0.000014 seconds.
  path: Assets/5.Sprites/Playerble/OnePiece/Zoro/Roronoa Zoro-495.png
  artifactKey: Guid(bccff291a9520664faad948c69b96b0a) Importer(815301076,1909f56bfc062723c751e8b465ee728b)
Start importing Assets/5.Sprites/Playerble/OnePiece/Zoro/Roronoa Zoro-495.png using Guid(bccff291a9520664faad948c69b96b0a) Importer(815301076,1909f56bfc062723c751e8b465ee728b) (PreviewImporter) -> (artifact id: 'fd458e7d10b9b82e8da76256c1bf6023') in 0.00869 seconds
Number of updated asset objects reloaded before import = 0Number of asset objects unloaded after import = 2

========================================================================
Received Import Request.
  Time since last request: 0.000019 seconds.
  path: Assets/5.Sprites/Playerble/OnePiece/Zoro/Roronoa Zoro-521.png
  artifactKey: Guid(ae87b29c8c5f9724a8472929f7595085) Importer(815301076,1909f56bfc062723c751e8b465ee728b)
Start importing Assets/5.Sprites/Playerble/OnePiece/Zoro/Roronoa Zoro-521.png using Guid(ae87b29c8c5f9724a8472929f7595085) Importer(815301076,1909f56bfc062723c751e8b465ee728b) (PreviewImporter) -> (artifact id: '66916e825368d3d35baf87ca1bd32f0d') in 0.0045097 seconds
Number of updated asset objects reloaded before import = 0Number of asset objects unloaded after import = 2

========================================================================
Received Import Request.
  Time since last request: 0.000010 seconds.
  path: Assets/5.Sprites/Playerble/OnePiece/Zoro/Roronoa Zoro-1023.png
  artifactKey: Guid(550638791d60d3d4a8bd28d21611c074) Importer(815301076,1909f56bfc062723c751e8b465ee728b)
Start importing Assets/5.Sprites/Playerble/OnePiece/Zoro/Roronoa Zoro-1023.png using Guid(550638791d60d3d4a8bd28d21611c074) Importer(815301076,1909f56bfc062723c751e8b465ee728b) (PreviewImporter) -> (artifact id: '0424a9ef116918dbc817aee63a27fdae') in 0.008515 seconds
Number of updated asset objects reloaded before import = 0Number of asset objects unloaded after import = 2

========================================================================
Received Import Request.
  Time since last request: 0.000012 seconds.
  path: Assets/5.Sprites/Playerble/OnePiece/Zoro/Roronoa Zoro-337.png
  artifactKey: Guid(20b258c4e6264f54ca7113509dd16450) Importer(815301076,1909f56bfc062723c751e8b465ee728b)
Start importing Assets/5.Sprites/Playerble/OnePiece/Zoro/Roronoa Zoro-337.png using Guid(20b258c4e6264f54ca7113509dd16450) Importer(815301076,1909f56bfc062723c751e8b465ee728b) (PreviewImporter) -> (artifact id: '32a0190ab61ca83102dc5e15af5a48a0') in 0.0090113 seconds
Number of updated asset objects reloaded before import = 0Number of asset objects unloaded after import = 2

========================================================================
Received Import Request.
  Time since last request: 0.000011 seconds.
  path: Assets/5.Sprites/Playerble/OnePiece/Zoro/Roronoa Zoro-188.png
  artifactKey: Guid(0d2c5b3461cc6444497f4424df659f1a) Importer(815301076,1909f56bfc062723c751e8b465ee728b)
Start importing Assets/5.Sprites/Playerble/OnePiece/Zoro/Roronoa Zoro-188.png using Guid(0d2c5b3461cc6444497f4424df659f1a) Importer(815301076,1909f56bfc062723c751e8b465ee728b) (PreviewImporter) -> (artifact id: '5bb30f87a11fbbfc96acd14d47d0e7c4') in 0.0089008 seconds
Number of updated asset objects reloaded before import = 0Number of asset objects unloaded after import = 2

========================================================================
Received Import Request.
  Time since last request: 0.000014 seconds.
  path: Assets/5.Sprites/Playerble/OnePiece/Zoro/Roronoa Zoro-340.png
  artifactKey: Guid(ea61745de0c8a074ea9bd919ba4031f9) Importer(815301076,1909f56bfc062723c751e8b465ee728b)
Start importing Assets/5.Sprites/Playerble/OnePiece/Zoro/Roronoa Zoro-340.png using Guid(ea61745de0c8a074ea9bd919ba4031f9) Importer(815301076,1909f56bfc062723c751e8b465ee728b) (PreviewImporter) -> (artifact id: 'c550fa16ca0e33fa44620b5077b9c7aa') in 0.0117316 seconds
Number of updated asset objects reloaded before import = 0Number of asset objects unloaded after import = 2

========================================================================
Received Import Request.
  Time since last request: 0.000019 seconds.
  path: Assets/5.Sprites/Playerble/OnePiece/Zoro/Roronoa Zoro-998.png
  artifactKey: Guid(eab74abb822295f46935710d8ee55bde) Importer(815301076,1909f56bfc062723c751e8b465ee728b)
Start importing Assets/5.Sprites/Playerble/OnePiece/Zoro/Roronoa Zoro-998.png using Guid(eab74abb822295f46935710d8ee55bde) Importer(815301076,1909f56bfc062723c751e8b465ee728b) (PreviewImporter) -> (artifact id: 'e3f302fd45e995880088df698a4bd1c8') in 0.0128276 seconds
Number of updated asset objects reloaded before import = 0Number of asset objects unloaded after import = 2

========================================================================
Received Import Request.
  Time since last request: 0.000023 seconds.
  path: Assets/5.Sprites/Playerble/OnePiece/Zoro/Roronoa Zoro-518.png
  artifactKey: Guid(c118425d74a9046438736a2b050f3936) Importer(815301076,1909f56bfc062723c751e8b465ee728b)
Start importing Assets/5.Sprites/Playerble/OnePiece/Zoro/Roronoa Zoro-518.png using Guid(c118425d74a9046438736a2b050f3936) Importer(815301076,1909f56bfc062723c751e8b465ee728b) (PreviewImporter) -> (artifact id: '0cc7ae7034e1620798fffb3befa50acd') in 0.004091 seconds
Number of updated asset objects reloaded before import = 0Number of asset objects unloaded after import = 2

========================================================================
Received Import Request.
  Time since last request: 0.000023 seconds.
  path: Assets/5.Sprites/Playerble/OnePiece/Zoro/Roronoa Zoro-1012.png
  artifactKey: Guid(6944c1bf58e3a5f4da9a05e74674c61c) Importer(815301076,1909f56bfc062723c751e8b465ee728b)
Start importing Assets/5.Sprites/Playerble/OnePiece/Zoro/Roronoa Zoro-1012.png using Guid(6944c1bf58e3a5f4da9a05e74674c61c) Importer(815301076,1909f56bfc062723c751e8b465ee728b) (PreviewImporter) -> (artifact id: 'dce4143045cdcce18bbd84709b373c4e') in 0.0093284 seconds
Number of updated asset objects reloaded before import = 0Number of asset objects unloaded after import = 2

========================================================================
Received Import Request.
  Time since last request: 0.000016 seconds.
  path: Assets/5.Sprites/Playerble/OnePiece/Zoro/Roronoa Zoro-190.png
  artifactKey: Guid(c25beb17534ff87479021fec0e469d87) Importer(815301076,1909f56bfc062723c751e8b465ee728b)
Start importing Assets/5.Sprites/Playerble/OnePiece/Zoro/Roronoa Zoro-190.png using Guid(c25beb17534ff87479021fec0e469d87) Importer(815301076,1909f56bfc062723c751e8b465ee728b) (PreviewImporter) -> (artifact id: 'b58d789f1d84e359db7938971f32e9d7') in 0.004107 seconds
Number of updated asset objects reloaded before import = 0Number of asset objects unloaded after import = 2

========================================================================
Received Import Request.
  Time since last request: 0.000022 seconds.
  path: Assets/5.Sprites/Playerble/OnePiece/Zoro/Roronoa Zoro-762.png
  artifactKey: Guid(359c5cc07ed483448b48e0aa188cf8a2) Importer(815301076,1909f56bfc062723c751e8b465ee728b)
Start importing Assets/5.Sprites/Playerble/OnePiece/Zoro/Roronoa Zoro-762.png using Guid(359c5cc07ed483448b48e0aa188cf8a2) Importer(815301076,1909f56bfc062723c751e8b465ee728b) (PreviewImporter) -> (artifact id: '47322ef5410d07c61a67d5cce3f01a46') in 0.0113176 seconds
Number of updated asset objects reloaded before import = 0Number of asset objects unloaded after import = 2

========================================================================
Received Import Request.
  Time since last request: 0.000013 seconds.
  path: Assets/5.Sprites/Playerble/OnePiece/Zoro/Roronoa Zoro-1010.png
  artifactKey: Guid(877f252b4507b4f46856bfd50951261a) Importer(815301076,1909f56bfc062723c751e8b465ee728b)
Start importing Assets/5.Sprites/Playerble/OnePiece/Zoro/Roronoa Zoro-1010.png using Guid(877f252b4507b4f46856bfd50951261a) Importer(815301076,1909f56bfc062723c751e8b465ee728b) (PreviewImporter) -> (artifact id: '6f360e1f4ae537c1c770186ad67c039a') in 0.0096817 seconds
Number of updated asset objects reloaded before import = 0Number of asset objects unloaded after import = 2

========================================================================
Received Import Request.
  Time since last request: 0.000015 seconds.
  path: Assets/5.Sprites/Playerble/OnePiece/Zoro/Roronoa Zoro-1098.png
  artifactKey: Guid(0e79c442928a38945a9f670b4fe71bbb) Importer(815301076,1909f56bfc062723c751e8b465ee728b)
Start importing Assets/5.Sprites/Playerble/OnePiece/Zoro/Roronoa Zoro-1098.png using Guid(0e79c442928a38945a9f670b4fe71bbb) Importer(815301076,1909f56bfc062723c751e8b465ee728b) (PreviewImporter) -> (artifact id: '355233af3ceacbfbe96f2b1881bc5296') in 0.0103048 seconds
Number of updated asset objects reloaded before import = 0Number of asset objects unloaded after import = 2

========================================================================
Received Import Request.
  Time since last request: 0.000012 seconds.
  path: Assets/5.Sprites/Playerble/OnePiece/Zoro/Roronoa Zoro-327.png
  artifactKey: Guid(278a41ad8b06e3f40873a272e523bf7b) Importer(815301076,1909f56bfc062723c751e8b465ee728b)
Start importing Assets/5.Sprites/Playerble/OnePiece/Zoro/Roronoa Zoro-327.png using Guid(278a41ad8b06e3f40873a272e523bf7b) Importer(815301076,1909f56bfc062723c751e8b465ee728b) (PreviewImporter) -> (artifact id: '4722918355dce8dbcf3b5b0db938e8a9') in 0.0093482 seconds
Number of updated asset objects reloaded before import = 0Number of asset objects unloaded after import = 2

========================================================================
Received Import Request.
  Time since last request: 0.000011 seconds.
  path: Assets/5.Sprites/Playerble/OnePiece/Zoro/Roronoa Zoro-744.png
  artifactKey: Guid(416ac53c949a5b94e907c80a10793f93) Importer(815301076,1909f56bfc062723c751e8b465ee728b)
Start importing Assets/5.Sprites/Playerble/OnePiece/Zoro/Roronoa Zoro-744.png using Guid(416ac53c949a5b94e907c80a10793f93) Importer(815301076,1909f56bfc062723c751e8b465ee728b) (PreviewImporter) -> (artifact id: '7de871925f26a2900fb0039bf3833e1f') in 0.0093096 seconds
Number of updated asset objects reloaded before import = 0Number of asset objects unloaded after import = 2

========================================================================
Received Import Request.
  Time since last request: 0.000020 seconds.
  path: Assets/5.Sprites/Playerble/OnePiece/Zoro/Roronoa Zoro-993.png
  artifactKey: Guid(80555759828d58544af22fb54e5134df) Importer(815301076,1909f56bfc062723c751e8b465ee728b)
Start importing Assets/5.Sprites/Playerble/OnePiece/Zoro/Roronoa Zoro-993.png using Guid(80555759828d58544af22fb54e5134df) Importer(815301076,1909f56bfc062723c751e8b465ee728b) (PreviewImporter) -> (artifact id: '4e08a347884dc88bc0ead3bfbe3cca1a') in 0.0109827 seconds
Number of updated asset objects reloaded before import = 0Number of asset objects unloaded after import = 2

========================================================================
Received Import Request.
  Time since last request: 0.000017 seconds.
  path: Assets/5.Sprites/Playerble/OnePiece/Zoro/Roronoa Zoro-1015.png
  artifactKey: Guid(a202fe3e4ddf09b49b14508ae3d8f0a8) Importer(815301076,1909f56bfc062723c751e8b465ee728b)
Start importing Assets/5.Sprites/Playerble/OnePiece/Zoro/Roronoa Zoro-1015.png using Guid(a202fe3e4ddf09b49b14508ae3d8f0a8) Importer(815301076,1909f56bfc062723c751e8b465ee728b) (PreviewImporter) -> (artifact id: 'b9d7e23de3fbb69fc85ec3b781525090') in 0.0112294 seconds
Number of updated asset objects reloaded before import = 0Number of asset objects unloaded after import = 2

========================================================================
Received Import Request.
  Time since last request: 0.000021 seconds.
  path: Assets/5.Sprites/Playerble/OnePiece/Zoro/Roronoa Zoro-1082.png
  artifactKey: Guid(bbaf2bdacef79fe459436e7a3b05510f) Importer(815301076,1909f56bfc062723c751e8b465ee728b)
Start importing Assets/5.Sprites/Playerble/OnePiece/Zoro/Roronoa Zoro-1082.png using Guid(bbaf2bdacef79fe459436e7a3b05510f) Importer(815301076,1909f56bfc062723c751e8b465ee728b) (PreviewImporter) -> (artifact id: 'e9747480cc91f316d264fa6b82adfd8d') in 0.0095956 seconds
Number of updated asset objects reloaded before import = 0Number of asset objects unloaded after import = 2

========================================================================
Received Import Request.
  Time since last request: 0.000029 seconds.
  path: Assets/5.Sprites/Playerble/OnePiece/Zoro/Roronoa Zoro-992.png
  artifactKey: Guid(96fb5cc2e3f022046a6b85448bbcba48) Importer(815301076,1909f56bfc062723c751e8b465ee728b)
Start importing Assets/5.Sprites/Playerble/OnePiece/Zoro/Roronoa Zoro-992.png using Guid(96fb5cc2e3f022046a6b85448bbcba48) Importer(815301076,1909f56bfc062723c751e8b465ee728b) (PreviewImporter) -> (artifact id: '9171d3cf6e57bb5085339276457915fc') in 0.0089224 seconds
Number of updated asset objects reloaded before import = 0Number of asset objects unloaded after import = 2

========================================================================
Received Import Request.
  Time since last request: 0.000017 seconds.
  path: Assets/5.Sprites/Playerble/OnePiece/Zoro/Roronoa Zoro-185.png
  artifactKey: Guid(169e5ad6ce611d047bb73fda24da9108) Importer(815301076,1909f56bfc062723c751e8b465ee728b)
Start importing Assets/5.Sprites/Playerble/OnePiece/Zoro/Roronoa Zoro-185.png using Guid(169e5ad6ce611d047bb73fda24da9108) Importer(815301076,1909f56bfc062723c751e8b465ee728b) (PreviewImporter) -> (artifact id: '4415da627168d0b8b8a12c98aabba612') in 0.0085332 seconds
Number of updated asset objects reloaded before import = 0Number of asset objects unloaded after import = 2

========================================================================
Received Import Request.
  Time since last request: 0.000012 seconds.
  path: Assets/5.Sprites/Playerble/OnePiece/Zoro/Roronoa Zoro-325.png
  artifactKey: Guid(63f2209825900dc44a7a91ab57b056aa) Importer(815301076,1909f56bfc062723c751e8b465ee728b)
Start importing Assets/5.Sprites/Playerble/OnePiece/Zoro/Roronoa Zoro-325.png using Guid(63f2209825900dc44a7a91ab57b056aa) Importer(815301076,1909f56bfc062723c751e8b465ee728b) (PreviewImporter) -> (artifact id: 'ec91f79ccd182e05eaa2a643914b6301') in 0.0090058 seconds
Number of updated asset objects reloaded before import = 0Number of asset objects unloaded after import = 2

========================================================================
Received Import Request.
  Time since last request: 0.000011 seconds.
  path: Assets/5.Sprites/Playerble/OnePiece/Zoro/Roronoa Zoro-333.png
  artifactKey: Guid(a7b493be1a9eaa2458c502996affeb98) Importer(815301076,1909f56bfc062723c751e8b465ee728b)
Start importing Assets/5.Sprites/Playerble/OnePiece/Zoro/Roronoa Zoro-333.png using Guid(a7b493be1a9eaa2458c502996affeb98) Importer(815301076,1909f56bfc062723c751e8b465ee728b) (PreviewImporter) -> (artifact id: '00466d7afe40c8834bbf57f67ff8b880') in 0.009716 seconds
Number of updated asset objects reloaded before import = 0Number of asset objects unloaded after import = 2

========================================================================
Received Import Request.
  Time since last request: 0.000014 seconds.
  path: Assets/5.Sprites/Playerble/OnePiece/Zoro/Roronoa Zoro-505.png
  artifactKey: Guid(2df005131eab24d4388d2ce5d1dc1900) Importer(815301076,1909f56bfc062723c751e8b465ee728b)
Start importing Assets/5.Sprites/Playerble/OnePiece/Zoro/Roronoa Zoro-505.png using Guid(2df005131eab24d4388d2ce5d1dc1900) Importer(815301076,1909f56bfc062723c751e8b465ee728b) (PreviewImporter) -> (artifact id: 'edbf59c98aaf65e11a09cfaa53846fbf') in 0.0045368 seconds
Number of updated asset objects reloaded before import = 0Number of asset objects unloaded after import = 2

========================================================================
Received Import Request.
  Time since last request: 0.000015 seconds.
  path: Assets/5.Sprites/Playerble/OnePiece/Zoro/Roronoa Zoro-198.png
  artifactKey: Guid(bc2635af7e425b0489aae1ad825bddef) Importer(815301076,1909f56bfc062723c751e8b465ee728b)
Start importing Assets/5.Sprites/Playerble/OnePiece/Zoro/Roronoa Zoro-198.png using Guid(bc2635af7e425b0489aae1ad825bddef) Importer(815301076,1909f56bfc062723c751e8b465ee728b) (PreviewImporter) -> (artifact id: '1a9995485a21279401008a5009756939') in 0.0101246 seconds
Number of updated asset objects reloaded before import = 0Number of asset objects unloaded after import = 2

========================================================================
Received Import Request.
  Time since last request: 30.670132 seconds.
  path: Assets/5.Sprites/Playerble/OnePiece/Zoro/Roronoa Zoro-2.png
  artifactKey: Guid(b9f0fac50c40dc04680c6e270063cd99) Importer(815301076,1909f56bfc062723c751e8b465ee728b)
Start importing Assets/5.Sprites/Playerble/OnePiece/Zoro/Roronoa Zoro-2.png using Guid(b9f0fac50c40dc04680c6e270063cd99) Importer(815301076,1909f56bfc062723c751e8b465ee728b) (PreviewImporter) -> (artifact id: '95e2d985a909ee7f59aaae17f9e78d70') in 0.0728793 seconds
Number of updated asset objects reloaded before import = 0Number of asset objects unloaded after import = 3

========================================================================
Received Import Request.
  Time since last request: 0.000019 seconds.
  path: Assets/5.Sprites/Playerble/OnePiece/Zoro/Roronoa Zoro-9.png
  artifactKey: Guid(a0a466f864c0618479355693d6eff42f) Importer(815301076,1909f56bfc062723c751e8b465ee728b)
Start importing Assets/5.Sprites/Playerble/OnePiece/Zoro/Roronoa Zoro-9.png using Guid(a0a466f864c0618479355693d6eff42f) Importer(815301076,1909f56bfc062723c751e8b465ee728b) (PreviewImporter) -> (artifact id: '669e470571b9539d9646bb371baade7e') in 0.0233382 seconds
Number of updated asset objects reloaded before import = 0Number of asset objects unloaded after import = 3

========================================================================
Received Import Request.
  Time since last request: 0.000015 seconds.
  path: Assets/5.Sprites/Playerble/OnePiece/Zoro/Roronoa Zoro-33.png
  artifactKey: Guid(e2c16f7180eee7946b4435aeae1aa6ec) Importer(815301076,1909f56bfc062723c751e8b465ee728b)
Start importing Assets/5.Sprites/Playerble/OnePiece/Zoro/Roronoa Zoro-33.png using Guid(e2c16f7180eee7946b4435aeae1aa6ec) Importer(815301076,1909f56bfc062723c751e8b465ee728b) (PreviewImporter) -> (artifact id: '1c73cd53ed9efab78030308da16b1064') in 0.0153809 seconds
Number of updated asset objects reloaded before import = 0Number of asset objects unloaded after import = 3

========================================================================
Received Import Request.
  Time since last request: 0.000029 seconds.
  path: Assets/5.Sprites/Playerble/OnePiece/Zoro/Roronoa Zoro-12.png
  artifactKey: Guid(5bdccedf0891df645861c0a06bca427c) Importer(815301076,1909f56bfc062723c751e8b465ee728b)
Start importing Assets/5.Sprites/Playerble/OnePiece/Zoro/Roronoa Zoro-12.png using Guid(5bdccedf0891df645861c0a06bca427c) Importer(815301076,1909f56bfc062723c751e8b465ee728b) (PreviewImporter) -> (artifact id: '2ed8f6de00a796fdc6ab6628ba55f1bb') in 0.0175217 seconds
Number of updated asset objects reloaded before import = 0Number of asset objects unloaded after import = 3

========================================================================
Received Import Request.
  Time since last request: 0.000014 seconds.
  path: Assets/5.Sprites/Playerble/OnePiece/Zoro/Roronoa Zoro-25.png
  artifactKey: Guid(60e8a9b7561b6074da897a6cd8e56f63) Importer(815301076,1909f56bfc062723c751e8b465ee728b)
Start importing Assets/5.Sprites/Playerble/OnePiece/Zoro/Roronoa Zoro-25.png using Guid(60e8a9b7561b6074da897a6cd8e56f63) Importer(815301076,1909f56bfc062723c751e8b465ee728b) (PreviewImporter) -> (artifact id: '29a697d4fa1104d9091f08a90838544f') in 0.0168165 seconds
Number of updated asset objects reloaded before import = 0Number of asset objects unloaded after import = 3

========================================================================
Received Import Request.
  Time since last request: 12.485993 seconds.
  path: Assets/5.Sprites/Playerble/OnePiece/Zoro/Roronoa Zoro-37.png
  artifactKey: Guid(01c7c01a29028da438eb01e470b48a5b) Importer(815301076,1909f56bfc062723c751e8b465ee728b)
Start importing Assets/5.Sprites/Playerble/OnePiece/Zoro/Roronoa Zoro-37.png using Guid(01c7c01a29028da438eb01e470b48a5b) Importer(815301076,1909f56bfc062723c751e8b465ee728b) (PreviewImporter) -> (artifact id: 'bd86c6635071fd1f8ec16ac0825762a4') in 0.0285427 seconds
Number of updated asset objects reloaded before import = 0Number of asset objects unloaded after import = 3

========================================================================
Received Import Request.
  Time since last request: 0.000011 seconds.
  path: Assets/5.Sprites/Playerble/OnePiece/Zoro/Roronoa Zoro-53.png
  artifactKey: Guid(856a49e77e965b44a92b541d6c3b211b) Importer(815301076,1909f56bfc062723c751e8b465ee728b)
Start importing Assets/5.Sprites/Playerble/OnePiece/Zoro/Roronoa Zoro-53.png using Guid(856a49e77e965b44a92b541d6c3b211b) Importer(815301076,1909f56bfc062723c751e8b465ee728b) (PreviewImporter) -> (artifact id: '5277225594492383ecc43a3fe9a61584') in 0.0137928 seconds
Number of updated asset objects reloaded before import = 0Number of asset objects unloaded after import = 3

========================================================================
Received Import Request.
  Time since last request: 36.815495 seconds.
  path: Assets/5.Sprites/Playerble/OnePiece/Zoro/Idle/Roronoa Zoro-2.png
  artifactKey: Guid(b9f0fac50c40dc04680c6e270063cd99) Importer(2089858483,192608db42251d675da83286b1cce702)
Start importing Assets/5.Sprites/Playerble/OnePiece/Zoro/Idle/Roronoa Zoro-2.png using Guid(b9f0fac50c40dc04680c6e270063cd99) Importer(2089858483,192608db42251d675da83286b1cce702) (ScriptedImporter) -> (artifact id: 'f720f43559d9126d66d7d187f41aa74b') in 0.1233007 seconds
Number of updated asset objects reloaded before import = 0Number of asset objects unloaded after import = 3

========================================================================
Received Import Request.
  Time since last request: 8.246420 seconds.
  path: Assets/5.Sprites/Playerble/OnePiece/Zoro/Idle/Roronoa Zoro-0.controller
  artifactKey: Guid(90ef92ad9a743a9419b7397efc16bc11) Importer(2089858483,192608db42251d675da83286b1cce702)
Start importing Assets/5.Sprites/Playerble/OnePiece/Zoro/Idle/Roronoa Zoro-0.controller using Guid(90ef92ad9a743a9419b7397efc16bc11) Importer(2089858483,192608db42251d675da83286b1cce702) (ScriptedImporter) -> (artifact id: '1ed1dc714d81df71fa84e283d54f3f2a') in 0.0091156 seconds
Number of updated asset objects reloaded before import = 0Number of asset objects unloaded after import = 1

