Using pre-set license
Built from '6000.0/staging' branch; Version is '6000.0.40f1 (157d81624ddf) revision 1408385'; Using compiler version '193933523'; Build Type 'Release'
OS: 'Windows 11  (10.0.26100) 64bit Core' Language: 'ko' Physical Memory: 130909 MB
BatchMode: 1, IsHumanControllingUs: 0, StartBugReporterOnCrash: 0, Is64bit: 1, IsPro: 1

COMMAND LINE ARGUMENTS:
C:\Program Files\Unity\Hub\Editor\6000.0.40f1\Editor\Unity.exe
-adb2
-batchMode
-noUpm
-name
AssetImportWorker8
-projectPath
C:/Users/User/Desktop/KJH/Unity/CharactorFight/CharactorFight
-logFile
Logs/AssetImportWorker8.log
-srvPort
55816
-job-worker-count
15
-background-job-worker-count
8
-gc-helper-count
1
Successfully changed project path to: C:/Users/User/Desktop/KJH/Unity/CharactorFight/CharactorFight
C:/Users/User/Desktop/KJH/Unity/CharactorFight/CharactorFight
[UnityMemory] Configuration Parameters - Can be set up in boot.config
    "memorysetup-bucket-allocator-granularity=16"
    "memorysetup-bucket-allocator-bucket-count=8"
    "memorysetup-bucket-allocator-block-size=33554432"
    "memorysetup-bucket-allocator-block-count=8"
    "memorysetup-main-allocator-block-size=16777216"
    "memorysetup-thread-allocator-block-size=16777216"
    "memorysetup-gfx-main-allocator-block-size=16777216"
    "memorysetup-gfx-thread-allocator-block-size=16777216"
    "memorysetup-cache-allocator-block-size=4194304"
    "memorysetup-typetree-allocator-block-size=2097152"
    "memorysetup-profiler-bucket-allocator-granularity=16"
    "memorysetup-profiler-bucket-allocator-bucket-count=8"
    "memorysetup-profiler-bucket-allocator-block-size=33554432"
    "memorysetup-profiler-bucket-allocator-block-count=8"
    "memorysetup-profiler-allocator-block-size=16777216"
    "memorysetup-profiler-editor-allocator-block-size=1048576"
    "memorysetup-temp-allocator-size-main=16777216"
    "memorysetup-job-temp-allocator-block-size=2097152"
    "memorysetup-job-temp-allocator-block-size-background=1048576"
    "memorysetup-job-temp-allocator-reduction-small-platforms=262144"
    "memorysetup-allocator-temp-initial-block-size-main=262144"
    "memorysetup-allocator-temp-initial-block-size-worker=262144"
    "memorysetup-temp-allocator-size-background-worker=32768"
    "memorysetup-temp-allocator-size-job-worker=262144"
    "memorysetup-temp-allocator-size-preload-manager=33554432"
    "memorysetup-temp-allocator-size-nav-mesh-worker=65536"
    "memorysetup-temp-allocator-size-audio-worker=65536"
    "memorysetup-temp-allocator-size-cloud-worker=32768"
    "memorysetup-temp-allocator-size-gi-baking-worker=262144"
    "memorysetup-temp-allocator-size-gi-baking-worker=262144"
    "memorysetup-temp-allocator-size-gi-baking-worker=262144"
    "memorysetup-temp-allocator-size-gi-baking-worker=262144"
    "memorysetup-temp-allocator-size-gi-baking-worker=262144"
    "memorysetup-temp-allocator-size-gfx=262144"
Player connection [24468]  Target information:

Player connection [24468]  * "[IP] 172.21.1.9 [Port] 0 [Flags] 2 [Guid] 917647278 [EditorId] 917647278 [Version] 1048832 [Id] WindowsEditor(7,K-2301160067) [Debug] 1 [PackageName] WindowsEditor [ProjectName] Editor" 

Player connection [24468] Host joined multi-casting on [225.0.0.222:54997]...
Player connection [24468] Host joined alternative multi-casting on [225.0.0.222:34997]...
JobSystem: Creating JobQueue using job-worker-count value 15
Input System module state changed to: Initialized.
[Physics::Module] Initialized fallback backend.
[Physics::Module] Id: 0xdecafbad
Library Redirect Path: Library/
[Physics::Module] Selected backend.
[Physics::Module] Name: PhysX
[Physics::Module] Id: 0xf2b8ea05
[Physics::Module] SDK Version: 4.1.2
[Physics::Module] Integration Version: 1.0.0
[Physics::Module] Threading Mode: Multi-Threaded
Refreshing native plugins compatible for Editor in 0.71 ms, found 3 plugins.
Preloading 0 native plugins for Editor in 0.00 ms.
Initialize engine version: 6000.0.40f1 (157d81624ddf)
[Subsystems] Discovering subsystems at path C:/Program Files/Unity/Hub/Editor/6000.0.40f1/Editor/Data/Resources/UnitySubsystems
[Subsystems] Discovering subsystems at path C:/Users/User/Desktop/KJH/Unity/CharactorFight/CharactorFight/Assets
GfxDevice: creating device client; kGfxThreadingModeNonThreaded
Direct3D:
    Version:  Direct3D 11.0 [level 11.1]
    Renderer: NVIDIA GeForce RTX 3060 (ID=0x2487)
    Vendor:   NVIDIA
    VRAM:     12110 MB
    Driver:   32.0.15.6094
Initialize mono
Mono path[0] = 'C:/Program Files/Unity/Hub/Editor/6000.0.40f1/Editor/Data/Managed'
Mono path[1] = 'C:/Program Files/Unity/Hub/Editor/6000.0.40f1/Editor/Data/MonoBleedingEdge/lib/mono/unityjit-win32'
Mono config path = 'C:/Program Files/Unity/Hub/Editor/6000.0.40f1/Editor/Data/MonoBleedingEdge/etc'
Using monoOptions --debugger-agent=transport=dt_socket,embedding=1,server=y,suspend=n,address=127.0.0.1:56600
Begin MonoManager ReloadAssembly
Registering precompiled unity dll's ...
Register platform support module: C:/Program Files/Unity/Hub/Editor/6000.0.40f1/Editor/Data/PlaybackEngines/WindowsStandaloneSupport/UnityEditor.WindowsStandalone.Extensions.dll
Register platform support module: C:/Program Files/Unity/Hub/Editor/6000.0.40f1/Editor/Data/PlaybackEngines/AndroidPlayer/UnityEditor.Android.Extensions.dll
Registered in 0.001781 seconds.
- Loaded All Assemblies, in  0.275 seconds
Native extension for Android target not found
Android Extension - Scanning For ADB Devices 239 ms
Native extension for WindowsStandalone target not found
Mono: successfully reloaded assembly
- Finished resetting the current domain, in  0.512 seconds
Domain Reload Profiling: 786ms
	BeginReloadAssembly (98ms)
		ExecutionOrderSort (0ms)
		DisableScriptedObjects (0ms)
		BackupInstance (0ms)
		ReleaseScriptingObjects (0ms)
		CreateAndSetChildDomain (1ms)
	RebuildCommonClasses (25ms)
	RebuildNativeTypeToScriptingClass (8ms)
	initialDomainReloadingComplete (34ms)
	LoadAllAssembliesAndSetupDomain (109ms)
		LoadAssemblies (96ms)
		RebuildTransferFunctionScriptingTraits (0ms)
		AnalyzeDomain (106ms)
			TypeCache.Refresh (105ms)
				TypeCache.ScanAssembly (95ms)
			BuildScriptInfoCaches (0ms)
			ResolveRequiredComponents (0ms)
	FinalizeReload (512ms)
		ReleaseScriptCaches (0ms)
		RebuildScriptCaches (0ms)
		SetupLoadedEditorAssemblies (483ms)
			LogAssemblyErrors (0ms)
			InitializePlatformSupportModulesInManaged (297ms)
			SetLoadedEditorAssemblies (3ms)
			BeforeProcessingInitializeOnLoad (40ms)
			ProcessInitializeOnLoadAttributes (91ms)
			ProcessInitializeOnLoadMethodAttributes (51ms)
			AfterProcessingInitializeOnLoad (0ms)
			EditorAssembliesLoaded (0ms)
		ExecutionOrderSort2 (0ms)
		AwakeInstancesAfterBackupRestoration (0ms)
========================================================================
Worker process is ready to serve import requests
Import Worker Mode flag is 0x00
Begin MonoManager ReloadAssembly
- Loaded All Assemblies, in  0.588 seconds
Refreshing native plugins compatible for Editor in 0.72 ms, found 3 plugins.
Native extension for Android target not found
Native extension for WindowsStandalone target not found
Mono: successfully reloaded assembly
- Finished resetting the current domain, in  0.485 seconds
Domain Reload Profiling: 1071ms
	BeginReloadAssembly (143ms)
		ExecutionOrderSort (0ms)
		DisableScriptedObjects (4ms)
		BackupInstance (0ms)
		ReleaseScriptingObjects (0ms)
		CreateAndSetChildDomain (40ms)
	RebuildCommonClasses (24ms)
	RebuildNativeTypeToScriptingClass (8ms)
	initialDomainReloadingComplete (26ms)
	LoadAllAssembliesAndSetupDomain (384ms)
		LoadAssemblies (275ms)
		RebuildTransferFunctionScriptingTraits (0ms)
		AnalyzeDomain (180ms)
			TypeCache.Refresh (136ms)
				TypeCache.ScanAssembly (120ms)
			BuildScriptInfoCaches (34ms)
			ResolveRequiredComponents (7ms)
	FinalizeReload (486ms)
		ReleaseScriptCaches (0ms)
		RebuildScriptCaches (0ms)
		SetupLoadedEditorAssemblies (368ms)
			LogAssemblyErrors (0ms)
			InitializePlatformSupportModulesInManaged (8ms)
			SetLoadedEditorAssemblies (4ms)
			BeforeProcessingInitializeOnLoad (68ms)
			ProcessInitializeOnLoadAttributes (219ms)
			ProcessInitializeOnLoadMethodAttributes (67ms)
			AfterProcessingInitializeOnLoad (2ms)
			EditorAssembliesLoaded (0ms)
		ExecutionOrderSort2 (0ms)
		AwakeInstancesAfterBackupRestoration (6ms)
Launched and connected shader compiler UnityShaderCompiler.exe after 0.01 seconds
Refreshing native plugins compatible for Editor in 1.00 ms, found 3 plugins.
Preloading 0 native plugins for Editor in 0.00 ms.
Unloading 198 Unused Serialized files (Serialized files now loaded: 0)
Unloading 6100 unused Assets / (6.9 MB). Loaded Objects now: 6748.
Memory consumption went from 165.3 MB to 158.4 MB.
Total: 16.434000 ms (FindLiveObjects: 1.200600 ms CreateObjectMapping: 1.133300 ms MarkObjects: 7.888700 ms  DeleteObjects: 6.210100 ms)

========================================================================
Received Import Request.
  Time since last request: 40096.493242 seconds.
  path: Assets/5.Sprites/Playerble/OnePiece/Zoro/Roronoa Zoro-1361.png
  artifactKey: Guid(5b80d0a50f9b541449eef984dde6c277) Importer(815301076,1909f56bfc062723c751e8b465ee728b)
Start importing Assets/5.Sprites/Playerble/OnePiece/Zoro/Roronoa Zoro-1361.png using Guid(5b80d0a50f9b541449eef984dde6c277) Importer(815301076,1909f56bfc062723c751e8b465ee728b) (PreviewImporter) -> (artifact id: '358c2c501ba388e92522522e865d656f') in 0.0802617 seconds
Number of updated asset objects reloaded before import = 0Number of asset objects unloaded after import = 2

========================================================================
Received Import Request.
  Time since last request: 0.000015 seconds.
  path: Assets/5.Sprites/Playerble/OnePiece/Zoro/Roronoa Zoro-1237.png
  artifactKey: Guid(fa779f9529893ff43ae868baa9274f91) Importer(815301076,1909f56bfc062723c751e8b465ee728b)
Start importing Assets/5.Sprites/Playerble/OnePiece/Zoro/Roronoa Zoro-1237.png using Guid(fa779f9529893ff43ae868baa9274f91) Importer(815301076,1909f56bfc062723c751e8b465ee728b) (PreviewImporter) -> (artifact id: '6cf357419ca2873104522ba6abab5ce9') in 0.0061312 seconds
Number of updated asset objects reloaded before import = 0Number of asset objects unloaded after import = 2

========================================================================
Received Import Request.
  Time since last request: 0.000013 seconds.
  path: Assets/5.Sprites/Playerble/OnePiece/Zoro/Roronoa Zoro-568.png
  artifactKey: Guid(5ee4352f9692e5d4a87396531b4d950a) Importer(815301076,1909f56bfc062723c751e8b465ee728b)
Start importing Assets/5.Sprites/Playerble/OnePiece/Zoro/Roronoa Zoro-568.png using Guid(5ee4352f9692e5d4a87396531b4d950a) Importer(815301076,1909f56bfc062723c751e8b465ee728b) (PreviewImporter) -> (artifact id: 'f0d7b87d6262a7c5c45402b5bafa2c05') in 0.011868 seconds
Number of updated asset objects reloaded before import = 0Number of asset objects unloaded after import = 2

========================================================================
Received Import Request.
  Time since last request: 0.000014 seconds.
  path: Assets/5.Sprites/Playerble/OnePiece/Zoro/Roronoa Zoro-1470.png
  artifactKey: Guid(f46439a055e92ec408b63a81f857cbfb) Importer(815301076,1909f56bfc062723c751e8b465ee728b)
Start importing Assets/5.Sprites/Playerble/OnePiece/Zoro/Roronoa Zoro-1470.png using Guid(f46439a055e92ec408b63a81f857cbfb) Importer(815301076,1909f56bfc062723c751e8b465ee728b) (PreviewImporter) -> (artifact id: 'eccea6c70b528bb58d23bf9237e2eb0d') in 0.0117982 seconds
Number of updated asset objects reloaded before import = 0Number of asset objects unloaded after import = 2

========================================================================
Received Import Request.
  Time since last request: 0.000015 seconds.
  path: Assets/5.Sprites/Playerble/OnePiece/Zoro/Roronoa Zoro-1045.png
  artifactKey: Guid(854e10ff55972764e96c84e6496817ce) Importer(815301076,1909f56bfc062723c751e8b465ee728b)
Start importing Assets/5.Sprites/Playerble/OnePiece/Zoro/Roronoa Zoro-1045.png using Guid(854e10ff55972764e96c84e6496817ce) Importer(815301076,1909f56bfc062723c751e8b465ee728b) (PreviewImporter) -> (artifact id: 'fcfe549c8f20d629e30df68d2e59dd72') in 0.0058004 seconds
Number of updated asset objects reloaded before import = 0Number of asset objects unloaded after import = 2

========================================================================
Received Import Request.
  Time since last request: 0.000018 seconds.
  path: Assets/5.Sprites/Playerble/OnePiece/Zoro/Roronoa Zoro-1155.png
  artifactKey: Guid(9263e932f9b7b904b832e6e872cff385) Importer(815301076,1909f56bfc062723c751e8b465ee728b)
Start importing Assets/5.Sprites/Playerble/OnePiece/Zoro/Roronoa Zoro-1155.png using Guid(9263e932f9b7b904b832e6e872cff385) Importer(815301076,1909f56bfc062723c751e8b465ee728b) (PreviewImporter) -> (artifact id: 'a70b9aea75937af4e2aff87d8e4c4d95') in 0.0048582 seconds
Number of updated asset objects reloaded before import = 0Number of asset objects unloaded after import = 2

========================================================================
Received Import Request.
  Time since last request: 0.000022 seconds.
  path: Assets/5.Sprites/Playerble/OnePiece/Zoro/Roronoa Zoro-1180.png
  artifactKey: Guid(e871860f9352a924cb14137f0a7de491) Importer(815301076,1909f56bfc062723c751e8b465ee728b)
Start importing Assets/5.Sprites/Playerble/OnePiece/Zoro/Roronoa Zoro-1180.png using Guid(e871860f9352a924cb14137f0a7de491) Importer(815301076,1909f56bfc062723c751e8b465ee728b) (PreviewImporter) -> (artifact id: '161dbb3be0b9385c0ffc5e182fa2bf30') in 0.0095199 seconds
Number of updated asset objects reloaded before import = 0Number of asset objects unloaded after import = 2

========================================================================
Received Import Request.
  Time since last request: 0.000015 seconds.
  path: Assets/5.Sprites/Playerble/OnePiece/Zoro/Roronoa Zoro-1191.png
  artifactKey: Guid(5308f6cb0dc077e43a90e88f7a383d71) Importer(815301076,1909f56bfc062723c751e8b465ee728b)
Start importing Assets/5.Sprites/Playerble/OnePiece/Zoro/Roronoa Zoro-1191.png using Guid(5308f6cb0dc077e43a90e88f7a383d71) Importer(815301076,1909f56bfc062723c751e8b465ee728b) (PreviewImporter) -> (artifact id: 'addd4f9a4c5c5a66885c3d5fd642bdc1') in 0.0045246 seconds
Number of updated asset objects reloaded before import = 0Number of asset objects unloaded after import = 2

========================================================================
Received Import Request.
  Time since last request: 0.000013 seconds.
  path: Assets/5.Sprites/Playerble/OnePiece/Zoro/Roronoa Zoro-557.png
  artifactKey: Guid(c7a0fd9312850144e9e7fa9a3aa4ea90) Importer(815301076,1909f56bfc062723c751e8b465ee728b)
Start importing Assets/5.Sprites/Playerble/OnePiece/Zoro/Roronoa Zoro-557.png using Guid(c7a0fd9312850144e9e7fa9a3aa4ea90) Importer(815301076,1909f56bfc062723c751e8b465ee728b) (PreviewImporter) -> (artifact id: '8b5f133365580d505d57032d8f26b6b2') in 0.0090198 seconds
Number of updated asset objects reloaded before import = 0Number of asset objects unloaded after import = 2

========================================================================
Received Import Request.
  Time since last request: 0.000012 seconds.
  path: Assets/5.Sprites/Playerble/OnePiece/Zoro/Roronoa Zoro-1480.png
  artifactKey: Guid(5413a32902f09a24b9b2ef34b80ed516) Importer(815301076,1909f56bfc062723c751e8b465ee728b)
Start importing Assets/5.Sprites/Playerble/OnePiece/Zoro/Roronoa Zoro-1480.png using Guid(5413a32902f09a24b9b2ef34b80ed516) Importer(815301076,1909f56bfc062723c751e8b465ee728b) (PreviewImporter) -> (artifact id: 'f9bb19cb68399f721cd9be918f47d71a') in 0.0094422 seconds
Number of updated asset objects reloaded before import = 0Number of asset objects unloaded after import = 2

========================================================================
Received Import Request.
  Time since last request: 0.000014 seconds.
  path: Assets/5.Sprites/Playerble/OnePiece/Zoro/Roronoa Zoro-251.png
  artifactKey: Guid(3429dea8c69a0344e90fe8e243b3ae63) Importer(815301076,1909f56bfc062723c751e8b465ee728b)
Start importing Assets/5.Sprites/Playerble/OnePiece/Zoro/Roronoa Zoro-251.png using Guid(3429dea8c69a0344e90fe8e243b3ae63) Importer(815301076,1909f56bfc062723c751e8b465ee728b) (PreviewImporter) -> (artifact id: 'ee88fcd826374abdae413c0ffcf2d9ee') in 0.0111729 seconds
Number of updated asset objects reloaded before import = 0Number of asset objects unloaded after import = 2

========================================================================
Received Import Request.
  Time since last request: 0.000010 seconds.
  path: Assets/5.Sprites/Playerble/OnePiece/Zoro/Roronoa Zoro-243.png
  artifactKey: Guid(05835ac5c72b3c44fa09b2a413c9ebb6) Importer(815301076,1909f56bfc062723c751e8b465ee728b)
Start importing Assets/5.Sprites/Playerble/OnePiece/Zoro/Roronoa Zoro-243.png using Guid(05835ac5c72b3c44fa09b2a413c9ebb6) Importer(815301076,1909f56bfc062723c751e8b465ee728b) (PreviewImporter) -> (artifact id: 'a782fe7c6f0df549c1c517c02acd4a12') in 0.0095232 seconds
Number of updated asset objects reloaded before import = 0Number of asset objects unloaded after import = 2

========================================================================
Received Import Request.
  Time since last request: 0.000011 seconds.
  path: Assets/5.Sprites/Playerble/OnePiece/Zoro/Roronoa Zoro-146.png
  artifactKey: Guid(a256a15574fb98f4cbe187aee0e34763) Importer(815301076,1909f56bfc062723c751e8b465ee728b)
Start importing Assets/5.Sprites/Playerble/OnePiece/Zoro/Roronoa Zoro-146.png using Guid(a256a15574fb98f4cbe187aee0e34763) Importer(815301076,1909f56bfc062723c751e8b465ee728b) (PreviewImporter) -> (artifact id: '768a970fdf2988b0b0370a5654c2cfdc') in 0.0096012 seconds
Number of updated asset objects reloaded before import = 0Number of asset objects unloaded after import = 2

========================================================================
Received Import Request.
  Time since last request: 0.000013 seconds.
  path: Assets/5.Sprites/Playerble/OnePiece/Zoro/Roronoa Zoro-1143.png
  artifactKey: Guid(ea3b4e1c89922bc41b147f306cdd23a7) Importer(815301076,1909f56bfc062723c751e8b465ee728b)
Start importing Assets/5.Sprites/Playerble/OnePiece/Zoro/Roronoa Zoro-1143.png using Guid(ea3b4e1c89922bc41b147f306cdd23a7) Importer(815301076,1909f56bfc062723c751e8b465ee728b) (PreviewImporter) -> (artifact id: 'aa38a273a1a57f58de50105b94d6785c') in 0.0103034 seconds
Number of updated asset objects reloaded before import = 0Number of asset objects unloaded after import = 2

========================================================================
Received Import Request.
  Time since last request: 0.000013 seconds.
  path: Assets/5.Sprites/Playerble/OnePiece/Zoro/Roronoa Zoro-1169.png
  artifactKey: Guid(9ff62af260930e54e86bfe11155d5a9e) Importer(815301076,1909f56bfc062723c751e8b465ee728b)
Start importing Assets/5.Sprites/Playerble/OnePiece/Zoro/Roronoa Zoro-1169.png using Guid(9ff62af260930e54e86bfe11155d5a9e) Importer(815301076,1909f56bfc062723c751e8b465ee728b) (PreviewImporter) -> (artifact id: '8043805b4d0f532c184ef6f3dc8c41a2') in 0.0054463 seconds
Number of updated asset objects reloaded before import = 0Number of asset objects unloaded after import = 2

========================================================================
Received Import Request.
  Time since last request: 0.000018 seconds.
  path: Assets/5.Sprites/Playerble/OnePiece/Zoro/Roronoa Zoro-573.png
  artifactKey: Guid(279597ec2e510164fa86c4b03fce40ab) Importer(815301076,1909f56bfc062723c751e8b465ee728b)
Start importing Assets/5.Sprites/Playerble/OnePiece/Zoro/Roronoa Zoro-573.png using Guid(279597ec2e510164fa86c4b03fce40ab) Importer(815301076,1909f56bfc062723c751e8b465ee728b) (PreviewImporter) -> (artifact id: 'acf156a8f41354e15bd8cbc17b9eefca') in 0.0061545 seconds
Number of updated asset objects reloaded before import = 0Number of asset objects unloaded after import = 2

========================================================================
Received Import Request.
  Time since last request: 0.000031 seconds.
  path: Assets/5.Sprites/Playerble/OnePiece/Zoro/Roronoa Zoro-1467.png
  artifactKey: Guid(61871b449e7f6bb47b2825f8aaf78a05) Importer(815301076,1909f56bfc062723c751e8b465ee728b)
Start importing Assets/5.Sprites/Playerble/OnePiece/Zoro/Roronoa Zoro-1467.png using Guid(61871b449e7f6bb47b2825f8aaf78a05) Importer(815301076,1909f56bfc062723c751e8b465ee728b) (PreviewImporter) -> (artifact id: '61da8d82ae5e5bf1900f761202227790') in 0.0114457 seconds
Number of updated asset objects reloaded before import = 0Number of asset objects unloaded after import = 2

========================================================================
Received Import Request.
  Time since last request: 0.000017 seconds.
  path: Assets/5.Sprites/Playerble/OnePiece/Zoro/Roronoa Zoro-1214.png
  artifactKey: Guid(f303bbd7de93823459253fbd6372e9e0) Importer(815301076,1909f56bfc062723c751e8b465ee728b)
Start importing Assets/5.Sprites/Playerble/OnePiece/Zoro/Roronoa Zoro-1214.png using Guid(f303bbd7de93823459253fbd6372e9e0) Importer(815301076,1909f56bfc062723c751e8b465ee728b) (PreviewImporter) -> (artifact id: '1702f36f124ca5e7ecf9be8045282a69') in 0.0060438 seconds
Number of updated asset objects reloaded before import = 0Number of asset objects unloaded after import = 2

========================================================================
Received Import Request.
  Time since last request: 0.000017 seconds.
  path: Assets/5.Sprites/Playerble/OnePiece/Zoro/Roronoa Zoro-869.png
  artifactKey: Guid(b7ef9ae3d5e2c914184465d21b6f6db3) Importer(815301076,1909f56bfc062723c751e8b465ee728b)
Start importing Assets/5.Sprites/Playerble/OnePiece/Zoro/Roronoa Zoro-869.png using Guid(b7ef9ae3d5e2c914184465d21b6f6db3) Importer(815301076,1909f56bfc062723c751e8b465ee728b) (PreviewImporter) -> (artifact id: 'dc92c2329a15ccb2defdea1397669fb1') in 0.0119323 seconds
Number of updated asset objects reloaded before import = 0Number of asset objects unloaded after import = 2

========================================================================
Received Import Request.
  Time since last request: 0.000014 seconds.
  path: Assets/5.Sprites/Playerble/OnePiece/Zoro/Roronoa Zoro-570.png
  artifactKey: Guid(499bcbfbaae35344db69c9ce3f1d5473) Importer(815301076,1909f56bfc062723c751e8b465ee728b)
Start importing Assets/5.Sprites/Playerble/OnePiece/Zoro/Roronoa Zoro-570.png using Guid(499bcbfbaae35344db69c9ce3f1d5473) Importer(815301076,1909f56bfc062723c751e8b465ee728b) (PreviewImporter) -> (artifact id: '09b1de5a60c832dfb5422228e1580e61') in 0.0125167 seconds
Number of updated asset objects reloaded before import = 0Number of asset objects unloaded after import = 2

========================================================================
Received Import Request.
  Time since last request: 0.000017 seconds.
  path: Assets/5.Sprites/Playerble/OnePiece/Zoro/Roronoa Zoro-1028.png
  artifactKey: Guid(2a915683c46b64e40a00b8d504c72062) Importer(815301076,1909f56bfc062723c751e8b465ee728b)
Start importing Assets/5.Sprites/Playerble/OnePiece/Zoro/Roronoa Zoro-1028.png using Guid(2a915683c46b64e40a00b8d504c72062) Importer(815301076,1909f56bfc062723c751e8b465ee728b) (PreviewImporter) -> (artifact id: 'daa2f3d3d71ad0123fe58a202375b2a3') in 0.0105909 seconds
Number of updated asset objects reloaded before import = 0Number of asset objects unloaded after import = 2

========================================================================
Received Import Request.
  Time since last request: 0.000012 seconds.
  path: Assets/5.Sprites/Playerble/OnePiece/Zoro/Roronoa Zoro-862.png
  artifactKey: Guid(8b7708ae73fcbbc498f08c85dd87cdc9) Importer(815301076,1909f56bfc062723c751e8b465ee728b)
Start importing Assets/5.Sprites/Playerble/OnePiece/Zoro/Roronoa Zoro-862.png using Guid(8b7708ae73fcbbc498f08c85dd87cdc9) Importer(815301076,1909f56bfc062723c751e8b465ee728b) (PreviewImporter) -> (artifact id: '64410a7f3f1af2171d1392a2dfd2d692') in 0.0108354 seconds
Number of updated asset objects reloaded before import = 0Number of asset objects unloaded after import = 2

========================================================================
Received Import Request.
  Time since last request: 0.000013 seconds.
  path: Assets/5.Sprites/Playerble/OnePiece/Zoro/Roronoa Zoro-152.png
  artifactKey: Guid(0aff587e65675914186f672b673515f0) Importer(815301076,1909f56bfc062723c751e8b465ee728b)
Start importing Assets/5.Sprites/Playerble/OnePiece/Zoro/Roronoa Zoro-152.png using Guid(0aff587e65675914186f672b673515f0) Importer(815301076,1909f56bfc062723c751e8b465ee728b) (PreviewImporter) -> (artifact id: 'aad2cdd6efe44682de1379c54c4e613c') in 0.011831 seconds
Number of updated asset objects reloaded before import = 0Number of asset objects unloaded after import = 2

========================================================================
Received Import Request.
  Time since last request: 0.000016 seconds.
  path: Assets/5.Sprites/Playerble/OnePiece/Zoro/Roronoa Zoro-1232.png
  artifactKey: Guid(c6791e52db947234086873e6ff2cee9e) Importer(815301076,1909f56bfc062723c751e8b465ee728b)
Start importing Assets/5.Sprites/Playerble/OnePiece/Zoro/Roronoa Zoro-1232.png using Guid(c6791e52db947234086873e6ff2cee9e) Importer(815301076,1909f56bfc062723c751e8b465ee728b) (PreviewImporter) -> (artifact id: '2a4c9f8698fb00769f969efa74534525') in 0.00446 seconds
Number of updated asset objects reloaded before import = 0Number of asset objects unloaded after import = 2

========================================================================
Received Import Request.
  Time since last request: 0.000014 seconds.
  path: Assets/5.Sprites/Playerble/OnePiece/Zoro/Roronoa Zoro-864.png
  artifactKey: Guid(253a87a89689a2a4ba9e874bbf7a1d36) Importer(815301076,1909f56bfc062723c751e8b465ee728b)
Start importing Assets/5.Sprites/Playerble/OnePiece/Zoro/Roronoa Zoro-864.png using Guid(253a87a89689a2a4ba9e874bbf7a1d36) Importer(815301076,1909f56bfc062723c751e8b465ee728b) (PreviewImporter) -> (artifact id: 'd84a76dff8b5e168f169f84aab20af98') in 0.0050673 seconds
Number of updated asset objects reloaded before import = 0Number of asset objects unloaded after import = 2

========================================================================
Received Import Request.
  Time since last request: 0.000023 seconds.
  path: Assets/5.Sprites/Playerble/OnePiece/Zoro/Roronoa Zoro-549.png
  artifactKey: Guid(4f49d15bb140ef84bab883bd157dd09c) Importer(815301076,1909f56bfc062723c751e8b465ee728b)
Start importing Assets/5.Sprites/Playerble/OnePiece/Zoro/Roronoa Zoro-549.png using Guid(4f49d15bb140ef84bab883bd157dd09c) Importer(815301076,1909f56bfc062723c751e8b465ee728b) (PreviewImporter) -> (artifact id: '460e703c6acd443b6ff0228f5fc00724') in 0.0110581 seconds
Number of updated asset objects reloaded before import = 0Number of asset objects unloaded after import = 2

========================================================================
Received Import Request.
  Time since last request: 0.000014 seconds.
  path: Assets/5.Sprites/Playerble/OnePiece/Zoro/Roronoa Zoro-241.png
  artifactKey: Guid(0ebd6a440255f2642a76902c392436e8) Importer(815301076,1909f56bfc062723c751e8b465ee728b)
Start importing Assets/5.Sprites/Playerble/OnePiece/Zoro/Roronoa Zoro-241.png using Guid(0ebd6a440255f2642a76902c392436e8) Importer(815301076,1909f56bfc062723c751e8b465ee728b) (PreviewImporter) -> (artifact id: '3c9d8cdaf74662042f704184c87b7a59') in 0.0093714 seconds
Number of updated asset objects reloaded before import = 0Number of asset objects unloaded after import = 2

========================================================================
Received Import Request.
  Time since last request: 0.000018 seconds.
  path: Assets/5.Sprites/Playerble/OnePiece/Zoro/Roronoa Zoro-1195.png
  artifactKey: Guid(cebaefe15cc1e624abf8e09a92c197d7) Importer(815301076,1909f56bfc062723c751e8b465ee728b)
Start importing Assets/5.Sprites/Playerble/OnePiece/Zoro/Roronoa Zoro-1195.png using Guid(cebaefe15cc1e624abf8e09a92c197d7) Importer(815301076,1909f56bfc062723c751e8b465ee728b) (PreviewImporter) -> (artifact id: '8a61907532d378921198228772a0c309') in 0.0045885 seconds
Number of updated asset objects reloaded before import = 0Number of asset objects unloaded after import = 2

========================================================================
Received Import Request.
  Time since last request: 0.000014 seconds.
  path: Assets/5.Sprites/Playerble/OnePiece/Zoro/Roronoa Zoro-1058.png
  artifactKey: Guid(329fbfc2b920cce439c16cf5b9557d89) Importer(815301076,1909f56bfc062723c751e8b465ee728b)
Start importing Assets/5.Sprites/Playerble/OnePiece/Zoro/Roronoa Zoro-1058.png using Guid(329fbfc2b920cce439c16cf5b9557d89) Importer(815301076,1909f56bfc062723c751e8b465ee728b) (PreviewImporter) -> (artifact id: 'b49bec2c6591baf352b4e808192ab339') in 0.0131037 seconds
Number of updated asset objects reloaded before import = 0Number of asset objects unloaded after import = 2

========================================================================
Received Import Request.
  Time since last request: 0.000021 seconds.
  path: Assets/5.Sprites/Playerble/OnePiece/Zoro/Roronoa Zoro-1340.png
  artifactKey: Guid(dea1f9aed85b3fc449474ba7c2d388b5) Importer(815301076,1909f56bfc062723c751e8b465ee728b)
Start importing Assets/5.Sprites/Playerble/OnePiece/Zoro/Roronoa Zoro-1340.png using Guid(dea1f9aed85b3fc449474ba7c2d388b5) Importer(815301076,1909f56bfc062723c751e8b465ee728b) (PreviewImporter) -> (artifact id: 'd6588a9a367f672480d773023743fbd3') in 0.0049607 seconds
Number of updated asset objects reloaded before import = 0Number of asset objects unloaded after import = 2

========================================================================
Received Import Request.
  Time since last request: 0.000013 seconds.
  path: Assets/5.Sprites/Playerble/OnePiece/Zoro/Roronoa Zoro-1344.png
  artifactKey: Guid(1995b1186902b7143881058dfd93e23a) Importer(815301076,1909f56bfc062723c751e8b465ee728b)
Start importing Assets/5.Sprites/Playerble/OnePiece/Zoro/Roronoa Zoro-1344.png using Guid(1995b1186902b7143881058dfd93e23a) Importer(815301076,1909f56bfc062723c751e8b465ee728b) (PreviewImporter) -> (artifact id: '7b2568f8cccc481d21dd3353517f13b8') in 0.009023 seconds
Number of updated asset objects reloaded before import = 0Number of asset objects unloaded after import = 2

========================================================================
Received Import Request.
  Time since last request: 0.000015 seconds.
  path: Assets/5.Sprites/Playerble/OnePiece/Zoro/Roronoa Zoro-1042.png
  artifactKey: Guid(17158f8e41a0b954ead218bc2b307863) Importer(815301076,1909f56bfc062723c751e8b465ee728b)
Start importing Assets/5.Sprites/Playerble/OnePiece/Zoro/Roronoa Zoro-1042.png using Guid(17158f8e41a0b954ead218bc2b307863) Importer(815301076,1909f56bfc062723c751e8b465ee728b) (PreviewImporter) -> (artifact id: '73260abf8da51f7ce51d89b005a9bb4b') in 0.0046655 seconds
Number of updated asset objects reloaded before import = 0Number of asset objects unloaded after import = 2

========================================================================
Received Import Request.
  Time since last request: 0.000016 seconds.
  path: Assets/5.Sprites/Playerble/OnePiece/Zoro/Roronoa Zoro-240.png
  artifactKey: Guid(e2c0d5c1ed65c5446aa8fca9733c043d) Importer(815301076,1909f56bfc062723c751e8b465ee728b)
Start importing Assets/5.Sprites/Playerble/OnePiece/Zoro/Roronoa Zoro-240.png using Guid(e2c0d5c1ed65c5446aa8fca9733c043d) Importer(815301076,1909f56bfc062723c751e8b465ee728b) (PreviewImporter) -> (artifact id: 'bacde37bf34c468ec3dfc3055dc945a0') in 0.0122882 seconds
Number of updated asset objects reloaded before import = 0Number of asset objects unloaded after import = 2

========================================================================
Received Import Request.
  Time since last request: 0.000012 seconds.
  path: Assets/5.Sprites/Playerble/OnePiece/Zoro/Roronoa Zoro-1355.png
  artifactKey: Guid(3a0f3184201aaaa46b22604659a098bb) Importer(815301076,1909f56bfc062723c751e8b465ee728b)
Start importing Assets/5.Sprites/Playerble/OnePiece/Zoro/Roronoa Zoro-1355.png using Guid(3a0f3184201aaaa46b22604659a098bb) Importer(815301076,1909f56bfc062723c751e8b465ee728b) (PreviewImporter) -> (artifact id: 'f06d679629672be5d347c018ec9e86c7') in 0.00993 seconds
Number of updated asset objects reloaded before import = 0Number of asset objects unloaded after import = 2

========================================================================
Received Import Request.
  Time since last request: 0.000016 seconds.
  path: Assets/5.Sprites/Playerble/OnePiece/Zoro/Roronoa Zoro-157.png
  artifactKey: Guid(43ad0b013751b2545853cecf6c3b1a48) Importer(815301076,1909f56bfc062723c751e8b465ee728b)
Start importing Assets/5.Sprites/Playerble/OnePiece/Zoro/Roronoa Zoro-157.png using Guid(43ad0b013751b2545853cecf6c3b1a48) Importer(815301076,1909f56bfc062723c751e8b465ee728b) (PreviewImporter) -> (artifact id: '4dc15b05c19a88f3fd2090805576a54e') in 0.0104465 seconds
Number of updated asset objects reloaded before import = 0Number of asset objects unloaded after import = 2

========================================================================
Received Import Request.
  Time since last request: 0.000023 seconds.
  path: Assets/5.Sprites/Playerble/OnePiece/Zoro/Roronoa Zoro-149.png
  artifactKey: Guid(0c7d9790b1c056847bc917c1a18f6d6e) Importer(815301076,1909f56bfc062723c751e8b465ee728b)
Start importing Assets/5.Sprites/Playerble/OnePiece/Zoro/Roronoa Zoro-149.png using Guid(0c7d9790b1c056847bc917c1a18f6d6e) Importer(815301076,1909f56bfc062723c751e8b465ee728b) (PreviewImporter) -> (artifact id: 'bfb3c8338247082c2ed2eb7e1c9535b3') in 0.0088965 seconds
Number of updated asset objects reloaded before import = 0Number of asset objects unloaded after import = 2

========================================================================
Received Import Request.
  Time since last request: 0.000018 seconds.
  path: Assets/5.Sprites/Playerble/OnePiece/Zoro/Roronoa Zoro-1137.png
  artifactKey: Guid(4eb5f19ac2c518a4ab811512bf87ae3e) Importer(815301076,1909f56bfc062723c751e8b465ee728b)
Start importing Assets/5.Sprites/Playerble/OnePiece/Zoro/Roronoa Zoro-1137.png using Guid(4eb5f19ac2c518a4ab811512bf87ae3e) Importer(815301076,1909f56bfc062723c751e8b465ee728b) (PreviewImporter) -> (artifact id: '2b521838c75f7bd310923431ac616e5f') in 0.0086128 seconds
Number of updated asset objects reloaded before import = 0Number of asset objects unloaded after import = 2

========================================================================
Received Import Request.
  Time since last request: 0.000013 seconds.
  path: Assets/5.Sprites/Playerble/OnePiece/Zoro/Roronoa Zoro-1035.png
  artifactKey: Guid(8e7050f2e9cca394db5cdda4e07882ce) Importer(815301076,1909f56bfc062723c751e8b465ee728b)
Start importing Assets/5.Sprites/Playerble/OnePiece/Zoro/Roronoa Zoro-1035.png using Guid(8e7050f2e9cca394db5cdda4e07882ce) Importer(815301076,1909f56bfc062723c751e8b465ee728b) (PreviewImporter) -> (artifact id: 'e37ca7fb7f5a1ddd6c605127f44abc3a') in 0.0075589 seconds
Number of updated asset objects reloaded before import = 0Number of asset objects unloaded after import = 2

========================================================================
Received Import Request.
  Time since last request: 0.000008 seconds.
  path: Assets/5.Sprites/Playerble/OnePiece/Zoro/Roronoa Zoro-1044.png
  artifactKey: Guid(dcdac5dd87204b94891344b66d971a94) Importer(815301076,1909f56bfc062723c751e8b465ee728b)
Start importing Assets/5.Sprites/Playerble/OnePiece/Zoro/Roronoa Zoro-1044.png using Guid(dcdac5dd87204b94891344b66d971a94) Importer(815301076,1909f56bfc062723c751e8b465ee728b) (PreviewImporter) -> (artifact id: '14dd673cd505ff9b8ecac97f08b324a3') in 0.0040698 seconds
Number of updated asset objects reloaded before import = 0Number of asset objects unloaded after import = 2

========================================================================
Received Import Request.
  Time since last request: 0.000011 seconds.
  path: Assets/5.Sprites/Playerble/OnePiece/Zoro/Roronoa Zoro-175.png
  artifactKey: Guid(f3bd6f1352ff30344aaf27af8c2be525) Importer(815301076,1909f56bfc062723c751e8b465ee728b)
Start importing Assets/5.Sprites/Playerble/OnePiece/Zoro/Roronoa Zoro-175.png using Guid(f3bd6f1352ff30344aaf27af8c2be525) Importer(815301076,1909f56bfc062723c751e8b465ee728b) (PreviewImporter) -> (artifact id: '55f81c3217b6b2967884d755c9853d9f') in 0.0094697 seconds
Number of updated asset objects reloaded before import = 0Number of asset objects unloaded after import = 2

========================================================================
Received Import Request.
  Time since last request: 0.000012 seconds.
  path: Assets/5.Sprites/Playerble/OnePiece/Zoro/Roronoa Zoro-1224.png
  artifactKey: Guid(e8425249135ca9d4fb5fa952a919305a) Importer(815301076,1909f56bfc062723c751e8b465ee728b)
Start importing Assets/5.Sprites/Playerble/OnePiece/Zoro/Roronoa Zoro-1224.png using Guid(e8425249135ca9d4fb5fa952a919305a) Importer(815301076,1909f56bfc062723c751e8b465ee728b) (PreviewImporter) -> (artifact id: '57ba6972266ba937a159dd72aaeaab59') in 0.009305 seconds
Number of updated asset objects reloaded before import = 0Number of asset objects unloaded after import = 2

========================================================================
Received Import Request.
  Time since last request: 0.000013 seconds.
  path: Assets/5.Sprites/Playerble/OnePiece/Zoro/Roronoa Zoro-1154.png
  artifactKey: Guid(212f848790effc84aadbb26344b81316) Importer(815301076,1909f56bfc062723c751e8b465ee728b)
Start importing Assets/5.Sprites/Playerble/OnePiece/Zoro/Roronoa Zoro-1154.png using Guid(212f848790effc84aadbb26344b81316) Importer(815301076,1909f56bfc062723c751e8b465ee728b) (PreviewImporter) -> (artifact id: '03b0296bad05511b133bf708ded7b961') in 0.0050399 seconds
Number of updated asset objects reloaded before import = 0Number of asset objects unloaded after import = 2

========================================================================
Received Import Request.
  Time since last request: 0.000010 seconds.
  path: Assets/5.Sprites/Playerble/OnePiece/Zoro/Roronoa Zoro-1182.png
  artifactKey: Guid(5f8621b0a91c47940907e08cf0d6d285) Importer(815301076,1909f56bfc062723c751e8b465ee728b)
Start importing Assets/5.Sprites/Playerble/OnePiece/Zoro/Roronoa Zoro-1182.png using Guid(5f8621b0a91c47940907e08cf0d6d285) Importer(815301076,1909f56bfc062723c751e8b465ee728b) (PreviewImporter) -> (artifact id: 'f21c860b4be029bdf5d1c9f022602791') in 0.0108182 seconds
Number of updated asset objects reloaded before import = 0Number of asset objects unloaded after import = 2

========================================================================
Received Import Request.
  Time since last request: 0.000012 seconds.
  path: Assets/5.Sprites/Playerble/OnePiece/Zoro/Roronoa Zoro-242.png
  artifactKey: Guid(f8450c236ea62024bb530957de5bf178) Importer(815301076,1909f56bfc062723c751e8b465ee728b)
Start importing Assets/5.Sprites/Playerble/OnePiece/Zoro/Roronoa Zoro-242.png using Guid(f8450c236ea62024bb530957de5bf178) Importer(815301076,1909f56bfc062723c751e8b465ee728b) (PreviewImporter) -> (artifact id: '1ddf3f5a7758d2f95d795649b44dba75') in 0.0082415 seconds
Number of updated asset objects reloaded before import = 0Number of asset objects unloaded after import = 2

========================================================================
Received Import Request.
  Time since last request: 0.000016 seconds.
  path: Assets/5.Sprites/Playerble/OnePiece/Zoro/Roronoa Zoro-142.png
  artifactKey: Guid(dbc4837ac6717f840ae52d7daba088b7) Importer(815301076,1909f56bfc062723c751e8b465ee728b)
Start importing Assets/5.Sprites/Playerble/OnePiece/Zoro/Roronoa Zoro-142.png using Guid(dbc4837ac6717f840ae52d7daba088b7) Importer(815301076,1909f56bfc062723c751e8b465ee728b) (PreviewImporter) -> (artifact id: 'e6308209aec316e951c0ce95ce356b07') in 0.0096605 seconds
Number of updated asset objects reloaded before import = 0Number of asset objects unloaded after import = 2

========================================================================
Received Import Request.
  Time since last request: 0.000025 seconds.
  path: Assets/5.Sprites/Playerble/OnePiece/Zoro/Roronoa Zoro-1032.png
  artifactKey: Guid(d7ff1b40cb8d2fe4c95accc639453860) Importer(815301076,1909f56bfc062723c751e8b465ee728b)
Start importing Assets/5.Sprites/Playerble/OnePiece/Zoro/Roronoa Zoro-1032.png using Guid(d7ff1b40cb8d2fe4c95accc639453860) Importer(815301076,1909f56bfc062723c751e8b465ee728b) (PreviewImporter) -> (artifact id: '41c6bee57bd97f57813bae63a9ddd44a') in 0.0090922 seconds
Number of updated asset objects reloaded before import = 0Number of asset objects unloaded after import = 2

========================================================================
Received Import Request.
  Time since last request: 0.000022 seconds.
  path: Assets/5.Sprites/Playerble/OnePiece/Zoro/Roronoa Zoro-1225.png
  artifactKey: Guid(5e0415279d9d1b64385024eeb16576cd) Importer(815301076,1909f56bfc062723c751e8b465ee728b)
Start importing Assets/5.Sprites/Playerble/OnePiece/Zoro/Roronoa Zoro-1225.png using Guid(5e0415279d9d1b64385024eeb16576cd) Importer(815301076,1909f56bfc062723c751e8b465ee728b) (PreviewImporter) -> (artifact id: '1aa8e04e939a787139504f160ff31ee1') in 0.0099497 seconds
Number of updated asset objects reloaded before import = 0Number of asset objects unloaded after import = 2

========================================================================
Received Import Request.
  Time since last request: 0.000016 seconds.
  path: Assets/5.Sprites/Playerble/OnePiece/Zoro/Roronoa Zoro-165.png
  artifactKey: Guid(42ddb1da175cf5041b80e900e75452e9) Importer(815301076,1909f56bfc062723c751e8b465ee728b)
Start importing Assets/5.Sprites/Playerble/OnePiece/Zoro/Roronoa Zoro-165.png using Guid(42ddb1da175cf5041b80e900e75452e9) Importer(815301076,1909f56bfc062723c751e8b465ee728b) (PreviewImporter) -> (artifact id: '04e9c3b364036230bb011bbf8c1000ce') in 0.0093531 seconds
Number of updated asset objects reloaded before import = 0Number of asset objects unloaded after import = 2

========================================================================
Received Import Request.
  Time since last request: 0.000014 seconds.
  path: Assets/5.Sprites/Playerble/OnePiece/Zoro/Roronoa Zoro-1147.png
  artifactKey: Guid(4ba2c097f7edfc944a5f145c348e6b83) Importer(815301076,1909f56bfc062723c751e8b465ee728b)
Start importing Assets/5.Sprites/Playerble/OnePiece/Zoro/Roronoa Zoro-1147.png using Guid(4ba2c097f7edfc944a5f145c348e6b83) Importer(815301076,1909f56bfc062723c751e8b465ee728b) (PreviewImporter) -> (artifact id: 'b2b0228a948485e8e141a3f151d07b7c') in 0.0039877 seconds
Number of updated asset objects reloaded before import = 0Number of asset objects unloaded after import = 2

========================================================================
Received Import Request.
  Time since last request: 7.061694 seconds.
  path: Assets/5.Sprites/Playerble/OnePiece/Zoro/Roronoa Zoro-1451.png
  artifactKey: Guid(8c9b819daacb58240adaeee124e028ba) Importer(815301076,1909f56bfc062723c751e8b465ee728b)
Start importing Assets/5.Sprites/Playerble/OnePiece/Zoro/Roronoa Zoro-1451.png using Guid(8c9b819daacb58240adaeee124e028ba) Importer(815301076,1909f56bfc062723c751e8b465ee728b) (PreviewImporter) -> (artifact id: 'd9daa8bd9333bc8ce45d4fb3706b0208') in 0.0117681 seconds
Number of updated asset objects reloaded before import = 0Number of asset objects unloaded after import = 2

========================================================================
Received Import Request.
  Time since last request: 0.009060 seconds.
  path: Assets/5.Sprites/Playerble/OnePiece/Zoro/Roronoa Zoro-1442.png
  artifactKey: Guid(233d0e1548c3e0b4896aa8444a077693) Importer(815301076,1909f56bfc062723c751e8b465ee728b)
Start importing Assets/5.Sprites/Playerble/OnePiece/Zoro/Roronoa Zoro-1442.png using Guid(233d0e1548c3e0b4896aa8444a077693) Importer(815301076,1909f56bfc062723c751e8b465ee728b) (PreviewImporter) -> (artifact id: '94297bc7976d401e1e214f06fb450d09') in 0.0096997 seconds
Number of updated asset objects reloaded before import = 0Number of asset objects unloaded after import = 2

========================================================================
Received Import Request.
  Time since last request: 0.005122 seconds.
  path: Assets/5.Sprites/Playerble/OnePiece/Zoro/Roronoa Zoro-1432.png
  artifactKey: Guid(f141fa6b9ed6b0b42a441db94349eb50) Importer(815301076,1909f56bfc062723c751e8b465ee728b)
Start importing Assets/5.Sprites/Playerble/OnePiece/Zoro/Roronoa Zoro-1432.png using Guid(f141fa6b9ed6b0b42a441db94349eb50) Importer(815301076,1909f56bfc062723c751e8b465ee728b) (PreviewImporter) -> (artifact id: '36e06e0d3077735964fe3d5f01ddb1eb') in 0.0099014 seconds
Number of updated asset objects reloaded before import = 0Number of asset objects unloaded after import = 2

========================================================================
Received Import Request.
  Time since last request: 0.000012 seconds.
  path: Assets/5.Sprites/Playerble/OnePiece/Zoro/Roronoa Zoro-1438.png
  artifactKey: Guid(1d124c9dd85f35146b1a48a9fa700e23) Importer(815301076,1909f56bfc062723c751e8b465ee728b)
Start importing Assets/5.Sprites/Playerble/OnePiece/Zoro/Roronoa Zoro-1438.png using Guid(1d124c9dd85f35146b1a48a9fa700e23) Importer(815301076,1909f56bfc062723c751e8b465ee728b) (PreviewImporter) -> (artifact id: '5692e7ea638dde56d8a30fb04b44945a') in 0.0094429 seconds
Number of updated asset objects reloaded before import = 0Number of asset objects unloaded after import = 2

========================================================================
Received Import Request.
  Time since last request: 0.127344 seconds.
  path: Assets/5.Sprites/Playerble/OnePiece/Zoro/Roronoa Zoro-1424.png
  artifactKey: Guid(735d59a75b5166f4ca5e96bf42de1b02) Importer(815301076,1909f56bfc062723c751e8b465ee728b)
Start importing Assets/5.Sprites/Playerble/OnePiece/Zoro/Roronoa Zoro-1424.png using Guid(735d59a75b5166f4ca5e96bf42de1b02) Importer(815301076,1909f56bfc062723c751e8b465ee728b) (PreviewImporter) -> (artifact id: '53add80e02aaf885a6d0a1d2d898b279') in 0.0106913 seconds
Number of updated asset objects reloaded before import = 0Number of asset objects unloaded after import = 2

========================================================================
Received Import Request.
  Time since last request: 0.010355 seconds.
  path: Assets/5.Sprites/Playerble/OnePiece/Zoro/Roronoa Zoro-1415.png
  artifactKey: Guid(ddf6dd962456c4e4e8959da2a471008d) Importer(815301076,1909f56bfc062723c751e8b465ee728b)
Start importing Assets/5.Sprites/Playerble/OnePiece/Zoro/Roronoa Zoro-1415.png using Guid(ddf6dd962456c4e4e8959da2a471008d) Importer(815301076,1909f56bfc062723c751e8b465ee728b) (PreviewImporter) -> (artifact id: '4ee78bd21214d64eb0c7a04f73625197') in 0.0093357 seconds
Number of updated asset objects reloaded before import = 0Number of asset objects unloaded after import = 2

========================================================================
Received Import Request.
  Time since last request: 0.000018 seconds.
  path: Assets/5.Sprites/Playerble/OnePiece/Zoro/Roronoa Zoro-1419.png
  artifactKey: Guid(2dca7c264e72b95448ef1eb0ba3f6daf) Importer(815301076,1909f56bfc062723c751e8b465ee728b)
Start importing Assets/5.Sprites/Playerble/OnePiece/Zoro/Roronoa Zoro-1419.png using Guid(2dca7c264e72b95448ef1eb0ba3f6daf) Importer(815301076,1909f56bfc062723c751e8b465ee728b) (PreviewImporter) -> (artifact id: '51ee2495706af3dc40275e24b78bd5e8') in 0.008669 seconds
Number of updated asset objects reloaded before import = 0Number of asset objects unloaded after import = 2

========================================================================
Received Import Request.
  Time since last request: 0.000023 seconds.
  path: Assets/5.Sprites/Playerble/OnePiece/Zoro/Roronoa Zoro-1407.png
  artifactKey: Guid(2f54f1840746249489bb50a8b94cb6b2) Importer(815301076,1909f56bfc062723c751e8b465ee728b)
Start importing Assets/5.Sprites/Playerble/OnePiece/Zoro/Roronoa Zoro-1407.png using Guid(2f54f1840746249489bb50a8b94cb6b2) Importer(815301076,1909f56bfc062723c751e8b465ee728b) (PreviewImporter) -> (artifact id: 'f600523752cd0c1b19090ba77d4cf290') in 0.0097665 seconds
Number of updated asset objects reloaded before import = 0Number of asset objects unloaded after import = 2

========================================================================
Received Import Request.
  Time since last request: 0.128284 seconds.
  path: Assets/5.Sprites/Playerble/OnePiece/Zoro/Roronoa Zoro-1397.png
  artifactKey: Guid(b2bb71ac87e920d4da822517c963b5cc) Importer(815301076,1909f56bfc062723c751e8b465ee728b)
Start importing Assets/5.Sprites/Playerble/OnePiece/Zoro/Roronoa Zoro-1397.png using Guid(b2bb71ac87e920d4da822517c963b5cc) Importer(815301076,1909f56bfc062723c751e8b465ee728b) (PreviewImporter) -> (artifact id: 'f74a98329bb59e67f6a53a52329bac04') in 0.0113585 seconds
Number of updated asset objects reloaded before import = 0Number of asset objects unloaded after import = 2

========================================================================
Received Import Request.
  Time since last request: 0.008115 seconds.
  path: Assets/5.Sprites/Playerble/OnePiece/Zoro/Roronoa Zoro-1388.png
  artifactKey: Guid(01102e981b9a45e42a1ea35232fc76e7) Importer(815301076,1909f56bfc062723c751e8b465ee728b)
Start importing Assets/5.Sprites/Playerble/OnePiece/Zoro/Roronoa Zoro-1388.png using Guid(01102e981b9a45e42a1ea35232fc76e7) Importer(815301076,1909f56bfc062723c751e8b465ee728b) (PreviewImporter) -> (artifact id: 'ef7c53111c7c9e72918cec78da72a4da') in 0.009801 seconds
Number of updated asset objects reloaded before import = 0Number of asset objects unloaded after import = 2

========================================================================
Received Import Request.
  Time since last request: 0.000011 seconds.
  path: Assets/5.Sprites/Playerble/OnePiece/Zoro/Roronoa Zoro-1393.png
  artifactKey: Guid(7dec4a9fc158a3844922a8da9fff9e33) Importer(815301076,1909f56bfc062723c751e8b465ee728b)
Start importing Assets/5.Sprites/Playerble/OnePiece/Zoro/Roronoa Zoro-1393.png using Guid(7dec4a9fc158a3844922a8da9fff9e33) Importer(815301076,1909f56bfc062723c751e8b465ee728b) (PreviewImporter) -> (artifact id: 'e99ef46d4a4dd66b345549eae7329874') in 0.003397 seconds
Number of updated asset objects reloaded before import = 0Number of asset objects unloaded after import = 2

========================================================================
Received Import Request.
  Time since last request: 0.129135 seconds.
  path: Assets/5.Sprites/Playerble/OnePiece/Zoro/Roronoa Zoro-1380.png
  artifactKey: Guid(cbd6dd15dc393e349b4093cc90bd98b2) Importer(815301076,1909f56bfc062723c751e8b465ee728b)
Start importing Assets/5.Sprites/Playerble/OnePiece/Zoro/Roronoa Zoro-1380.png using Guid(cbd6dd15dc393e349b4093cc90bd98b2) Importer(815301076,1909f56bfc062723c751e8b465ee728b) (PreviewImporter) -> (artifact id: 'f7d0c5a951fb8b94f984b3fe8d905a2c') in 0.0107497 seconds
Number of updated asset objects reloaded before import = 0Number of asset objects unloaded after import = 2

========================================================================
Received Import Request.
  Time since last request: 0.530512 seconds.
  path: Assets/5.Sprites/Playerble/OnePiece/Zoro/Roronoa Zoro-1334.png
  artifactKey: Guid(cb312bb6b25a4624691f4ac6178508d0) Importer(815301076,1909f56bfc062723c751e8b465ee728b)
Start importing Assets/5.Sprites/Playerble/OnePiece/Zoro/Roronoa Zoro-1334.png using Guid(cb312bb6b25a4624691f4ac6178508d0) Importer(815301076,1909f56bfc062723c751e8b465ee728b) (PreviewImporter) -> (artifact id: 'd7d66f8717be46b063a348f85828a769') in 0.0102339 seconds
Number of updated asset objects reloaded before import = 0Number of asset objects unloaded after import = 2

========================================================================
Received Import Request.
  Time since last request: 0.014563 seconds.
  path: Assets/5.Sprites/Playerble/OnePiece/Zoro/Roronoa Zoro-1324.png
  artifactKey: Guid(6e383ec8dbeafd646b62a871c010a277) Importer(815301076,1909f56bfc062723c751e8b465ee728b)
Start importing Assets/5.Sprites/Playerble/OnePiece/Zoro/Roronoa Zoro-1324.png using Guid(6e383ec8dbeafd646b62a871c010a277) Importer(815301076,1909f56bfc062723c751e8b465ee728b) (PreviewImporter) -> (artifact id: '6c37ca312d323215466a2e6194461fc6') in 0.0115434 seconds
Number of updated asset objects reloaded before import = 0Number of asset objects unloaded after import = 2

========================================================================
Received Import Request.
  Time since last request: 0.160444 seconds.
  path: Assets/5.Sprites/Playerble/OnePiece/Zoro/Roronoa Zoro-1316.png
  artifactKey: Guid(93f1246ded6998147b047acf61b2e4b2) Importer(815301076,1909f56bfc062723c751e8b465ee728b)
Start importing Assets/5.Sprites/Playerble/OnePiece/Zoro/Roronoa Zoro-1316.png using Guid(93f1246ded6998147b047acf61b2e4b2) Importer(815301076,1909f56bfc062723c751e8b465ee728b) (PreviewImporter) -> (artifact id: '47e88688ece28463243e3e1b82f6dd04') in 0.0110204 seconds
Number of updated asset objects reloaded before import = 0Number of asset objects unloaded after import = 2

========================================================================
Received Import Request.
  Time since last request: 0.008200 seconds.
  path: Assets/5.Sprites/Playerble/OnePiece/Zoro/Roronoa Zoro-1307.png
  artifactKey: Guid(3059f0e3845122546b8d7443380b4faa) Importer(815301076,1909f56bfc062723c751e8b465ee728b)
Start importing Assets/5.Sprites/Playerble/OnePiece/Zoro/Roronoa Zoro-1307.png using Guid(3059f0e3845122546b8d7443380b4faa) Importer(815301076,1909f56bfc062723c751e8b465ee728b) (PreviewImporter) -> (artifact id: 'b2d883e4fff70fe6c2b8b05101d1f7ba') in 0.0048735 seconds
Number of updated asset objects reloaded before import = 0Number of asset objects unloaded after import = 2

========================================================================
Received Import Request.
  Time since last request: 0.000011 seconds.
  path: Assets/5.Sprites/Playerble/OnePiece/Zoro/Roronoa Zoro-1311.png
  artifactKey: Guid(97e3e509f40c31c4dbf9f296a225c77c) Importer(815301076,1909f56bfc062723c751e8b465ee728b)
Start importing Assets/5.Sprites/Playerble/OnePiece/Zoro/Roronoa Zoro-1311.png using Guid(97e3e509f40c31c4dbf9f296a225c77c) Importer(815301076,1909f56bfc062723c751e8b465ee728b) (PreviewImporter) -> (artifact id: '9a624c3132629810aa11a455d8b342e1') in 0.0095257 seconds
Number of updated asset objects reloaded before import = 0Number of asset objects unloaded after import = 2

========================================================================
Received Import Request.
  Time since last request: 0.142968 seconds.
  path: Assets/5.Sprites/Playerble/OnePiece/Zoro/Roronoa Zoro-1298.png
  artifactKey: Guid(e6836b8116818b548b13e07b18a4939f) Importer(815301076,1909f56bfc062723c751e8b465ee728b)
Start importing Assets/5.Sprites/Playerble/OnePiece/Zoro/Roronoa Zoro-1298.png using Guid(e6836b8116818b548b13e07b18a4939f) Importer(815301076,1909f56bfc062723c751e8b465ee728b) (PreviewImporter) -> (artifact id: 'e38702423cce7f03414e895df98864eb') in 0.0053685 seconds
Number of updated asset objects reloaded before import = 0Number of asset objects unloaded after import = 2

========================================================================
Received Import Request.
  Time since last request: 0.012395 seconds.
  path: Assets/5.Sprites/Playerble/OnePiece/Zoro/Roronoa Zoro-1288.png
  artifactKey: Guid(c854aae6690f58d42bf01d62642a2bf3) Importer(815301076,1909f56bfc062723c751e8b465ee728b)
Start importing Assets/5.Sprites/Playerble/OnePiece/Zoro/Roronoa Zoro-1288.png using Guid(c854aae6690f58d42bf01d62642a2bf3) Importer(815301076,1909f56bfc062723c751e8b465ee728b) (PreviewImporter) -> (artifact id: '96e24422d2ef242b3ea70d2d5dce65f4') in 0.0046881 seconds
Number of updated asset objects reloaded before import = 0Number of asset objects unloaded after import = 2

========================================================================
Received Import Request.
  Time since last request: 0.000013 seconds.
  path: Assets/5.Sprites/Playerble/OnePiece/Zoro/Roronoa Zoro-1294.png
  artifactKey: Guid(27da79beafcee4c42a55e3af60e4a5d8) Importer(815301076,1909f56bfc062723c751e8b465ee728b)
Start importing Assets/5.Sprites/Playerble/OnePiece/Zoro/Roronoa Zoro-1294.png using Guid(27da79beafcee4c42a55e3af60e4a5d8) Importer(815301076,1909f56bfc062723c751e8b465ee728b) (PreviewImporter) -> (artifact id: '7ec375e2b7677ada0e53450ee9a94931') in 0.004036 seconds
Number of updated asset objects reloaded before import = 0Number of asset objects unloaded after import = 2

========================================================================
Received Import Request.
  Time since last request: 0.112115 seconds.
  path: Assets/5.Sprites/Playerble/OnePiece/Zoro/Roronoa Zoro-1280.png
  artifactKey: Guid(12aed5d40faaafb47890dfa84b0e9685) Importer(815301076,1909f56bfc062723c751e8b465ee728b)
Start importing Assets/5.Sprites/Playerble/OnePiece/Zoro/Roronoa Zoro-1280.png using Guid(12aed5d40faaafb47890dfa84b0e9685) Importer(815301076,1909f56bfc062723c751e8b465ee728b) (PreviewImporter) -> (artifact id: 'b9eccc3b6891705ab0e4d1d1817034d6') in 0.0107386 seconds
Number of updated asset objects reloaded before import = 0Number of asset objects unloaded after import = 2

========================================================================
Received Import Request.
  Time since last request: 0.006195 seconds.
  path: Assets/5.Sprites/Playerble/OnePiece/Zoro/Roronoa Zoro-1271.png
  artifactKey: Guid(f978d36d49aeee94e8b40d72ee7cfcbb) Importer(815301076,1909f56bfc062723c751e8b465ee728b)
Start importing Assets/5.Sprites/Playerble/OnePiece/Zoro/Roronoa Zoro-1271.png using Guid(f978d36d49aeee94e8b40d72ee7cfcbb) Importer(815301076,1909f56bfc062723c751e8b465ee728b) (PreviewImporter) -> (artifact id: '51d42758ca6e4d6423d7c7a77bf26e57') in 0.0108931 seconds
Number of updated asset objects reloaded before import = 0Number of asset objects unloaded after import = 2

========================================================================
Received Import Request.
  Time since last request: 0.003127 seconds.
  path: Assets/5.Sprites/Playerble/OnePiece/Zoro/Roronoa Zoro-1262.png
  artifactKey: Guid(6722a3635e8489d4dbd1716a14477de4) Importer(815301076,1909f56bfc062723c751e8b465ee728b)
Start importing Assets/5.Sprites/Playerble/OnePiece/Zoro/Roronoa Zoro-1262.png using Guid(6722a3635e8489d4dbd1716a14477de4) Importer(815301076,1909f56bfc062723c751e8b465ee728b) (PreviewImporter) -> (artifact id: '429cefc5adcba8ccbecc7488400ddae9') in 0.0109221 seconds
Number of updated asset objects reloaded before import = 0Number of asset objects unloaded after import = 2

========================================================================
Received Import Request.
  Time since last request: 0.140491 seconds.
  path: Assets/5.Sprites/Playerble/OnePiece/Zoro/Roronoa Zoro-1254.png
  artifactKey: Guid(5d0c79884395113429c79639643c632d) Importer(815301076,1909f56bfc062723c751e8b465ee728b)
Start importing Assets/5.Sprites/Playerble/OnePiece/Zoro/Roronoa Zoro-1254.png using Guid(5d0c79884395113429c79639643c632d) Importer(815301076,1909f56bfc062723c751e8b465ee728b) (PreviewImporter) -> (artifact id: 'f95b8971629e2fe3fd2ef907f4114424') in 0.0050337 seconds
Number of updated asset objects reloaded before import = 0Number of asset objects unloaded after import = 2

========================================================================
Received Import Request.
  Time since last request: 0.408208 seconds.
  path: Assets/5.Sprites/Playerble/OnePiece/Zoro/Roronoa Zoro-1209.png
  artifactKey: Guid(2f65bf70d8a08524cb897c5c0ad15d65) Importer(815301076,1909f56bfc062723c751e8b465ee728b)
Start importing Assets/5.Sprites/Playerble/OnePiece/Zoro/Roronoa Zoro-1209.png using Guid(2f65bf70d8a08524cb897c5c0ad15d65) Importer(815301076,1909f56bfc062723c751e8b465ee728b) (PreviewImporter) -> (artifact id: 'c8d698a9aa0f346c2a8b01340bf01c19') in 0.0114184 seconds
Number of updated asset objects reloaded before import = 0Number of asset objects unloaded after import = 2

========================================================================
Received Import Request.
  Time since last request: 0.677832 seconds.
  path: Assets/5.Sprites/Playerble/OnePiece/Zoro/Roronoa Zoro-1127.png
  artifactKey: Guid(bef907890ff625a4db9dbb8b4ff814c1) Importer(815301076,1909f56bfc062723c751e8b465ee728b)
Start importing Assets/5.Sprites/Playerble/OnePiece/Zoro/Roronoa Zoro-1127.png using Guid(bef907890ff625a4db9dbb8b4ff814c1) Importer(815301076,1909f56bfc062723c751e8b465ee728b) (PreviewImporter) -> (artifact id: '65522a867e5d0295374116d8384d8ef4') in 0.0134101 seconds
Number of updated asset objects reloaded before import = 0Number of asset objects unloaded after import = 2

========================================================================
Received Import Request.
  Time since last request: 0.890414 seconds.
  path: Assets/5.Sprites/Playerble/OnePiece/Zoro/Roronoa Zoro-1118.png
  artifactKey: Guid(f677b0120ae4195459c3c0bba8665c82) Importer(815301076,1909f56bfc062723c751e8b465ee728b)
Start importing Assets/5.Sprites/Playerble/OnePiece/Zoro/Roronoa Zoro-1118.png using Guid(f677b0120ae4195459c3c0bba8665c82) Importer(815301076,1909f56bfc062723c751e8b465ee728b) (PreviewImporter) -> (artifact id: '9c134319eef6c03cd834520a77bba4ca') in 0.0112178 seconds
Number of updated asset objects reloaded before import = 0Number of asset objects unloaded after import = 2

========================================================================
Received Import Request.
  Time since last request: 0.000014 seconds.
  path: Assets/5.Sprites/Playerble/OnePiece/Zoro/Roronoa Zoro-1080.png
  artifactKey: Guid(f7fa3e2145bbfa146ac7609d9f82c1a3) Importer(815301076,1909f56bfc062723c751e8b465ee728b)
Start importing Assets/5.Sprites/Playerble/OnePiece/Zoro/Roronoa Zoro-1080.png using Guid(f7fa3e2145bbfa146ac7609d9f82c1a3) Importer(815301076,1909f56bfc062723c751e8b465ee728b) (PreviewImporter) -> (artifact id: 'df99e6d6b624614ae5dbe36ba70cf315') in 0.0117675 seconds
Number of updated asset objects reloaded before import = 0Number of asset objects unloaded after import = 2

========================================================================
Received Import Request.
  Time since last request: 0.000013 seconds.
  path: Assets/5.Sprites/Playerble/OnePiece/Zoro/Roronoa Zoro-1114.png
  artifactKey: Guid(d32d030a6a857754ba529d70a1ded3af) Importer(815301076,1909f56bfc062723c751e8b465ee728b)
Start importing Assets/5.Sprites/Playerble/OnePiece/Zoro/Roronoa Zoro-1114.png using Guid(d32d030a6a857754ba529d70a1ded3af) Importer(815301076,1909f56bfc062723c751e8b465ee728b) (PreviewImporter) -> (artifact id: '6d62bb002ebc5f9578d47c6c8e8a8e5d') in 0.0042115 seconds
Number of updated asset objects reloaded before import = 0Number of asset objects unloaded after import = 2

========================================================================
Received Import Request.
  Time since last request: 0.000016 seconds.
  path: Assets/5.Sprites/Playerble/OnePiece/Zoro/Roronoa Zoro-1018.png
  artifactKey: Guid(33745be80eaa1904b886aff1597bfa63) Importer(815301076,1909f56bfc062723c751e8b465ee728b)
Start importing Assets/5.Sprites/Playerble/OnePiece/Zoro/Roronoa Zoro-1018.png using Guid(33745be80eaa1904b886aff1597bfa63) Importer(815301076,1909f56bfc062723c751e8b465ee728b) (PreviewImporter) -> (artifact id: 'd6aab838aacb658bfa3bca2d61f4ebbb') in 0.0095674 seconds
Number of updated asset objects reloaded before import = 0Number of asset objects unloaded after import = 2

========================================================================
Received Import Request.
  Time since last request: 0.000013 seconds.
  path: Assets/5.Sprites/Playerble/OnePiece/Zoro/Roronoa Zoro-755.png
  artifactKey: Guid(c291450d2d77a7c44bca68bcab594a17) Importer(815301076,1909f56bfc062723c751e8b465ee728b)
Start importing Assets/5.Sprites/Playerble/OnePiece/Zoro/Roronoa Zoro-755.png using Guid(c291450d2d77a7c44bca68bcab594a17) Importer(815301076,1909f56bfc062723c751e8b465ee728b) (PreviewImporter) -> (artifact id: 'f3a952262e397468425a34ee282b4a10') in 0.0098736 seconds
Number of updated asset objects reloaded before import = 0Number of asset objects unloaded after import = 2

========================================================================
Received Import Request.
  Time since last request: 0.000016 seconds.
  path: Assets/5.Sprites/Playerble/OnePiece/Zoro/Roronoa Zoro-756.png
  artifactKey: Guid(b6e62ab85f23481489bd46d97bca7214) Importer(815301076,1909f56bfc062723c751e8b465ee728b)
Start importing Assets/5.Sprites/Playerble/OnePiece/Zoro/Roronoa Zoro-756.png using Guid(b6e62ab85f23481489bd46d97bca7214) Importer(815301076,1909f56bfc062723c751e8b465ee728b) (PreviewImporter) -> (artifact id: '86ac626807b10a2093f05478ba0ada69') in 0.0095164 seconds
Number of updated asset objects reloaded before import = 0Number of asset objects unloaded after import = 2

========================================================================
Received Import Request.
  Time since last request: 0.000024 seconds.
  path: Assets/5.Sprites/Playerble/OnePiece/Zoro/Roronoa Zoro-511.png
  artifactKey: Guid(bd0861dc8cc13f249873f03af4b51c71) Importer(815301076,1909f56bfc062723c751e8b465ee728b)
Start importing Assets/5.Sprites/Playerble/OnePiece/Zoro/Roronoa Zoro-511.png using Guid(bd0861dc8cc13f249873f03af4b51c71) Importer(815301076,1909f56bfc062723c751e8b465ee728b) (PreviewImporter) -> (artifact id: 'c9196548da0da86a4dcded3fd0745dbe') in 0.0084317 seconds
Number of updated asset objects reloaded before import = 0Number of asset objects unloaded after import = 2

========================================================================
Received Import Request.
  Time since last request: 0.000023 seconds.
  path: Assets/5.Sprites/Playerble/OnePiece/Zoro/Roronoa Zoro-324.png
  artifactKey: Guid(763af47f7340c564c83fefe26876a267) Importer(815301076,1909f56bfc062723c751e8b465ee728b)
Start importing Assets/5.Sprites/Playerble/OnePiece/Zoro/Roronoa Zoro-324.png using Guid(763af47f7340c564c83fefe26876a267) Importer(815301076,1909f56bfc062723c751e8b465ee728b) (PreviewImporter) -> (artifact id: '153e1e604a99291aa0fc5e3d9ef2a4b5') in 0.0104215 seconds
Number of updated asset objects reloaded before import = 0Number of asset objects unloaded after import = 2

========================================================================
Received Import Request.
  Time since last request: 0.000020 seconds.
  path: Assets/5.Sprites/Playerble/OnePiece/Zoro/Roronoa Zoro-526.png
  artifactKey: Guid(c9790aa4f3173f34fb85ab7f51b90357) Importer(815301076,1909f56bfc062723c751e8b465ee728b)
Start importing Assets/5.Sprites/Playerble/OnePiece/Zoro/Roronoa Zoro-526.png using Guid(c9790aa4f3173f34fb85ab7f51b90357) Importer(815301076,1909f56bfc062723c751e8b465ee728b) (PreviewImporter) -> (artifact id: 'fa69f995c32b4f072949d5038fc5b9b7') in 0.0101938 seconds
Number of updated asset objects reloaded before import = 0Number of asset objects unloaded after import = 2

========================================================================
Received Import Request.
  Time since last request: 0.000017 seconds.
  path: Assets/5.Sprites/Playerble/OnePiece/Zoro/Roronoa Zoro-192.png
  artifactKey: Guid(368d991a99ffe7b4b8cce91e5deb2ac8) Importer(815301076,1909f56bfc062723c751e8b465ee728b)
Start importing Assets/5.Sprites/Playerble/OnePiece/Zoro/Roronoa Zoro-192.png using Guid(368d991a99ffe7b4b8cce91e5deb2ac8) Importer(815301076,1909f56bfc062723c751e8b465ee728b) (PreviewImporter) -> (artifact id: '68ec2987d3a7710602a007cf4fee70b0') in 0.0087577 seconds
Number of updated asset objects reloaded before import = 0Number of asset objects unloaded after import = 2

========================================================================
Received Import Request.
  Time since last request: 0.000013 seconds.
  path: Assets/5.Sprites/Playerble/OnePiece/Zoro/Roronoa Zoro-313.png
  artifactKey: Guid(26183ad97afd6ec4aa3442dde83821d3) Importer(815301076,1909f56bfc062723c751e8b465ee728b)
Start importing Assets/5.Sprites/Playerble/OnePiece/Zoro/Roronoa Zoro-313.png using Guid(26183ad97afd6ec4aa3442dde83821d3) Importer(815301076,1909f56bfc062723c751e8b465ee728b) (PreviewImporter) -> (artifact id: '1294aa72e4fcb1a53806a01479a7bfaa') in 0.0092524 seconds
Number of updated asset objects reloaded before import = 0Number of asset objects unloaded after import = 2

========================================================================
Received Import Request.
  Time since last request: 0.000013 seconds.
  path: Assets/5.Sprites/Playerble/OnePiece/Zoro/Roronoa Zoro-737.png
  artifactKey: Guid(a2c3fcd585acac14fbcba7d59f048909) Importer(815301076,1909f56bfc062723c751e8b465ee728b)
Start importing Assets/5.Sprites/Playerble/OnePiece/Zoro/Roronoa Zoro-737.png using Guid(a2c3fcd585acac14fbcba7d59f048909) Importer(815301076,1909f56bfc062723c751e8b465ee728b) (PreviewImporter) -> (artifact id: '169d06b7af66aa1a9d3999d4b696b0a6') in 0.0094182 seconds
Number of updated asset objects reloaded before import = 0Number of asset objects unloaded after import = 2

========================================================================
Received Import Request.
  Time since last request: 0.000013 seconds.
  path: Assets/5.Sprites/Playerble/OnePiece/Zoro/Roronoa Zoro-339.png
  artifactKey: Guid(5f0d77feb2b9336448092585a9fc2d22) Importer(815301076,1909f56bfc062723c751e8b465ee728b)
Start importing Assets/5.Sprites/Playerble/OnePiece/Zoro/Roronoa Zoro-339.png using Guid(5f0d77feb2b9336448092585a9fc2d22) Importer(815301076,1909f56bfc062723c751e8b465ee728b) (PreviewImporter) -> (artifact id: '7e57f38d1ce03ee6707a5b77cbfe9ac0') in 0.008582 seconds
Number of updated asset objects reloaded before import = 0Number of asset objects unloaded after import = 2

========================================================================
Received Import Request.
  Time since last request: 0.000009 seconds.
  path: Assets/5.Sprites/Playerble/OnePiece/Zoro/Roronoa Zoro-1083.png
  artifactKey: Guid(ab71524b700bac045830faad7d06ef02) Importer(815301076,1909f56bfc062723c751e8b465ee728b)
Start importing Assets/5.Sprites/Playerble/OnePiece/Zoro/Roronoa Zoro-1083.png using Guid(ab71524b700bac045830faad7d06ef02) Importer(815301076,1909f56bfc062723c751e8b465ee728b) (PreviewImporter) -> (artifact id: '7eaf7d647744ea6a0be0a84f94315418') in 0.0109592 seconds
Number of updated asset objects reloaded before import = 0Number of asset objects unloaded after import = 2

========================================================================
Received Import Request.
  Time since last request: 0.000012 seconds.
  path: Assets/5.Sprites/Playerble/OnePiece/Zoro/Roronoa Zoro-320.png
  artifactKey: Guid(17cc08d4c07b601449a2685f661b1ef1) Importer(815301076,1909f56bfc062723c751e8b465ee728b)
Start importing Assets/5.Sprites/Playerble/OnePiece/Zoro/Roronoa Zoro-320.png using Guid(17cc08d4c07b601449a2685f661b1ef1) Importer(815301076,1909f56bfc062723c751e8b465ee728b) (PreviewImporter) -> (artifact id: '6ccf9137e526a4e8ed08c7f61cebb83f') in 0.0077728 seconds
Number of updated asset objects reloaded before import = 0Number of asset objects unloaded after import = 2

========================================================================
Received Import Request.
  Time since last request: 0.000013 seconds.
  path: Assets/5.Sprites/Playerble/OnePiece/Zoro/Roronoa Zoro-1008.png
  artifactKey: Guid(e8b01eb2e9a488d46a8e17b5e60c90e9) Importer(815301076,1909f56bfc062723c751e8b465ee728b)
Start importing Assets/5.Sprites/Playerble/OnePiece/Zoro/Roronoa Zoro-1008.png using Guid(e8b01eb2e9a488d46a8e17b5e60c90e9) Importer(815301076,1909f56bfc062723c751e8b465ee728b) (PreviewImporter) -> (artifact id: 'd6081b282e885595c7253c5b149d1ca0') in 0.0102654 seconds
Number of updated asset objects reloaded before import = 0Number of asset objects unloaded after import = 2

========================================================================
Received Import Request.
  Time since last request: 0.000017 seconds.
  path: Assets/5.Sprites/Playerble/OnePiece/Zoro/Roronoa Zoro-1021.png
  artifactKey: Guid(ee00d4a667eb4384f8e8e37277b17cff) Importer(815301076,1909f56bfc062723c751e8b465ee728b)
Start importing Assets/5.Sprites/Playerble/OnePiece/Zoro/Roronoa Zoro-1021.png using Guid(ee00d4a667eb4384f8e8e37277b17cff) Importer(815301076,1909f56bfc062723c751e8b465ee728b) (PreviewImporter) -> (artifact id: '4128578fcfbebc973bab85b486bbe769') in 0.0077537 seconds
Number of updated asset objects reloaded before import = 0Number of asset objects unloaded after import = 2

========================================================================
Received Import Request.
  Time since last request: 0.000027 seconds.
  path: Assets/5.Sprites/Playerble/OnePiece/Zoro/Roronoa Zoro-1088.png
  artifactKey: Guid(9bf0b8dced577244a882e89e873daaa6) Importer(815301076,1909f56bfc062723c751e8b465ee728b)
Start importing Assets/5.Sprites/Playerble/OnePiece/Zoro/Roronoa Zoro-1088.png using Guid(9bf0b8dced577244a882e89e873daaa6) Importer(815301076,1909f56bfc062723c751e8b465ee728b) (PreviewImporter) -> (artifact id: '85674ef229d1c938d719e69a0a6270cd') in 0.0108488 seconds
Number of updated asset objects reloaded before import = 0Number of asset objects unloaded after import = 2

========================================================================
Received Import Request.
  Time since last request: 0.000014 seconds.
  path: Assets/5.Sprites/Playerble/OnePiece/Zoro/Roronoa Zoro-1000.png
  artifactKey: Guid(2a34d9d3956f55642be1e4f7ca7d9f29) Importer(815301076,1909f56bfc062723c751e8b465ee728b)
Start importing Assets/5.Sprites/Playerble/OnePiece/Zoro/Roronoa Zoro-1000.png using Guid(2a34d9d3956f55642be1e4f7ca7d9f29) Importer(815301076,1909f56bfc062723c751e8b465ee728b) (PreviewImporter) -> (artifact id: '5a41588ed5113f0dac16944d992f44e0') in 0.0089461 seconds
Number of updated asset objects reloaded before import = 0Number of asset objects unloaded after import = 2

========================================================================
Received Import Request.
  Time since last request: 0.000016 seconds.
  path: Assets/5.Sprites/Playerble/OnePiece/Zoro/Roronoa Zoro-520.png
  artifactKey: Guid(ac64155a19bd53d4abc1ae0f79f8cd5e) Importer(815301076,1909f56bfc062723c751e8b465ee728b)
Start importing Assets/5.Sprites/Playerble/OnePiece/Zoro/Roronoa Zoro-520.png using Guid(ac64155a19bd53d4abc1ae0f79f8cd5e) Importer(815301076,1909f56bfc062723c751e8b465ee728b) (PreviewImporter) -> (artifact id: '8795d2a4d8c190a1c7748aa34afca8d1') in 0.0042131 seconds
Number of updated asset objects reloaded before import = 0Number of asset objects unloaded after import = 2

========================================================================
Received Import Request.
  Time since last request: 0.000013 seconds.
  path: Assets/5.Sprites/Playerble/OnePiece/Zoro/Roronoa Zoro-741.png
  artifactKey: Guid(66f61f1abeb04a446b312ff3864d7568) Importer(815301076,1909f56bfc062723c751e8b465ee728b)
Start importing Assets/5.Sprites/Playerble/OnePiece/Zoro/Roronoa Zoro-741.png using Guid(66f61f1abeb04a446b312ff3864d7568) Importer(815301076,1909f56bfc062723c751e8b465ee728b) (PreviewImporter) -> (artifact id: '2e662f08f8c380a6704e095016b41b67') in 0.0102856 seconds
Number of updated asset objects reloaded before import = 0Number of asset objects unloaded after import = 2

========================================================================
Received Import Request.
  Time since last request: 0.000012 seconds.
  path: Assets/5.Sprites/Playerble/OnePiece/Zoro/Roronoa Zoro-1101.png
  artifactKey: Guid(149fbe6589ae86840bc4148a018c9824) Importer(815301076,1909f56bfc062723c751e8b465ee728b)
Start importing Assets/5.Sprites/Playerble/OnePiece/Zoro/Roronoa Zoro-1101.png using Guid(149fbe6589ae86840bc4148a018c9824) Importer(815301076,1909f56bfc062723c751e8b465ee728b) (PreviewImporter) -> (artifact id: '7c5c410d55106cd144fa6c48c998d968') in 0.0101937 seconds
Number of updated asset objects reloaded before import = 0Number of asset objects unloaded after import = 2

========================================================================
Received Import Request.
  Time since last request: 0.000011 seconds.
  path: Assets/5.Sprites/Playerble/OnePiece/Zoro/Roronoa Zoro-1112.png
  artifactKey: Guid(dd39f5bb183e5774bbe2beace8b68735) Importer(815301076,1909f56bfc062723c751e8b465ee728b)
Start importing Assets/5.Sprites/Playerble/OnePiece/Zoro/Roronoa Zoro-1112.png using Guid(dd39f5bb183e5774bbe2beace8b68735) Importer(815301076,1909f56bfc062723c751e8b465ee728b) (PreviewImporter) -> (artifact id: 'e1ce3ee321b66cc490a70e817a5a0975') in 0.0045783 seconds
Number of updated asset objects reloaded before import = 0Number of asset objects unloaded after import = 2

========================================================================
Received Import Request.
  Time since last request: 0.000012 seconds.
  path: Assets/5.Sprites/Playerble/OnePiece/Zoro/Roronoa Zoro-180.png
  artifactKey: Guid(437e9a479ba912c409ca80031b629c72) Importer(815301076,1909f56bfc062723c751e8b465ee728b)
Start importing Assets/5.Sprites/Playerble/OnePiece/Zoro/Roronoa Zoro-180.png using Guid(437e9a479ba912c409ca80031b629c72) Importer(815301076,1909f56bfc062723c751e8b465ee728b) (PreviewImporter) -> (artifact id: '9a3ed72e80329d5d0af51cd5027afebc') in 0.0107427 seconds
Number of updated asset objects reloaded before import = 0Number of asset objects unloaded after import = 2

========================================================================
Received Import Request.
  Time since last request: 0.000017 seconds.
  path: Assets/5.Sprites/Playerble/OnePiece/Zoro/Roronoa Zoro-335.png
  artifactKey: Guid(11be88b0c9ee4e143adbc352c63fb260) Importer(815301076,1909f56bfc062723c751e8b465ee728b)
Start importing Assets/5.Sprites/Playerble/OnePiece/Zoro/Roronoa Zoro-335.png using Guid(11be88b0c9ee4e143adbc352c63fb260) Importer(815301076,1909f56bfc062723c751e8b465ee728b) (PreviewImporter) -> (artifact id: '8799696830da671d7b651f2b14742cc9') in 0.0100244 seconds
Number of updated asset objects reloaded before import = 0Number of asset objects unloaded after import = 2

========================================================================
Received Import Request.
  Time since last request: 0.000013 seconds.
  path: Assets/5.Sprites/Playerble/OnePiece/Zoro/Roronoa Zoro-1019.png
  artifactKey: Guid(250b97cf4c0bee44699740f3654a0ffa) Importer(815301076,1909f56bfc062723c751e8b465ee728b)
Start importing Assets/5.Sprites/Playerble/OnePiece/Zoro/Roronoa Zoro-1019.png using Guid(250b97cf4c0bee44699740f3654a0ffa) Importer(815301076,1909f56bfc062723c751e8b465ee728b) (PreviewImporter) -> (artifact id: 'aceeb954a2eb6b5acefd83526cf26c2a') in 0.0114418 seconds
Number of updated asset objects reloaded before import = 0Number of asset objects unloaded after import = 2

========================================================================
Received Import Request.
  Time since last request: 0.000013 seconds.
  path: Assets/5.Sprites/Playerble/OnePiece/Zoro/Roronoa Zoro-740.png
  artifactKey: Guid(eaa6b2fdff881494da543777bcaeede5) Importer(815301076,1909f56bfc062723c751e8b465ee728b)
Start importing Assets/5.Sprites/Playerble/OnePiece/Zoro/Roronoa Zoro-740.png using Guid(eaa6b2fdff881494da543777bcaeede5) Importer(815301076,1909f56bfc062723c751e8b465ee728b) (PreviewImporter) -> (artifact id: '53f8b10b27ad8f42dcb27b418e9ed519') in 0.0099711 seconds
Number of updated asset objects reloaded before import = 0Number of asset objects unloaded after import = 2

========================================================================
Received Import Request.
  Time since last request: 0.000021 seconds.
  path: Assets/5.Sprites/Playerble/OnePiece/Zoro/Roronoa Zoro-1022.png
  artifactKey: Guid(7dbca5c9d38374a4a945385170281e61) Importer(815301076,1909f56bfc062723c751e8b465ee728b)
Start importing Assets/5.Sprites/Playerble/OnePiece/Zoro/Roronoa Zoro-1022.png using Guid(7dbca5c9d38374a4a945385170281e61) Importer(815301076,1909f56bfc062723c751e8b465ee728b) (PreviewImporter) -> (artifact id: '161e0022576bef740bb99b6e1b762979') in 0.0095693 seconds
Number of updated asset objects reloaded before import = 0Number of asset objects unloaded after import = 2

========================================================================
Received Import Request.
  Time since last request: 0.000011 seconds.
  path: Assets/5.Sprites/Playerble/OnePiece/Zoro/Roronoa Zoro-501.png
  artifactKey: Guid(8d8b42f489eeabc49b4a78ebda3a49d5) Importer(815301076,1909f56bfc062723c751e8b465ee728b)
Start importing Assets/5.Sprites/Playerble/OnePiece/Zoro/Roronoa Zoro-501.png using Guid(8d8b42f489eeabc49b4a78ebda3a49d5) Importer(815301076,1909f56bfc062723c751e8b465ee728b) (PreviewImporter) -> (artifact id: '2da24e813dd822cd659d7f8139fc3c44') in 0.0043444 seconds
Number of updated asset objects reloaded before import = 0Number of asset objects unloaded after import = 2

========================================================================
Received Import Request.
  Time since last request: 0.000015 seconds.
  path: Assets/5.Sprites/Playerble/OnePiece/Zoro/Roronoa Zoro-312.png
  artifactKey: Guid(29ccabbe2e03f8e49bfd017bf526b5df) Importer(815301076,1909f56bfc062723c751e8b465ee728b)
Start importing Assets/5.Sprites/Playerble/OnePiece/Zoro/Roronoa Zoro-312.png using Guid(29ccabbe2e03f8e49bfd017bf526b5df) Importer(815301076,1909f56bfc062723c751e8b465ee728b) (PreviewImporter) -> (artifact id: '83a79dc0540b2e26f6015e39ae6df9cd') in 0.0094528 seconds
Number of updated asset objects reloaded before import = 0Number of asset objects unloaded after import = 2

========================================================================
Received Import Request.
  Time since last request: 30.650289 seconds.
  path: Assets/5.Sprites/Playerble/OnePiece/Zoro/Roronoa Zoro-4.png
  artifactKey: Guid(23df999e80bd8a74ebcf2ac61f996a01) Importer(815301076,1909f56bfc062723c751e8b465ee728b)
Start importing Assets/5.Sprites/Playerble/OnePiece/Zoro/Roronoa Zoro-4.png using Guid(23df999e80bd8a74ebcf2ac61f996a01) Importer(815301076,1909f56bfc062723c751e8b465ee728b) (PreviewImporter) -> (artifact id: 'd78382a533f3baa9a7cea467892134fd') in 0.0846709 seconds
Number of updated asset objects reloaded before import = 0Number of asset objects unloaded after import = 3

========================================================================
Received Import Request.
  Time since last request: 0.000018 seconds.
  path: Assets/5.Sprites/Playerble/OnePiece/Zoro/Roronoa Zoro-17.png
  artifactKey: Guid(69a105df206366d4aaf059232233cabc) Importer(815301076,1909f56bfc062723c751e8b465ee728b)
Start importing Assets/5.Sprites/Playerble/OnePiece/Zoro/Roronoa Zoro-17.png using Guid(69a105df206366d4aaf059232233cabc) Importer(815301076,1909f56bfc062723c751e8b465ee728b) (PreviewImporter) -> (artifact id: '7ddd7afba370b1b0c87b939a74b6db4b') in 0.0208895 seconds
Number of updated asset objects reloaded before import = 0Number of asset objects unloaded after import = 3

========================================================================
Received Import Request.
  Time since last request: 0.000020 seconds.
  path: Assets/5.Sprites/Playerble/OnePiece/Zoro/Roronoa Zoro-20.png
  artifactKey: Guid(ab2b182354a63ce4b856845c02af12d0) Importer(815301076,1909f56bfc062723c751e8b465ee728b)
Start importing Assets/5.Sprites/Playerble/OnePiece/Zoro/Roronoa Zoro-20.png using Guid(ab2b182354a63ce4b856845c02af12d0) Importer(815301076,1909f56bfc062723c751e8b465ee728b) (PreviewImporter) -> (artifact id: '5a5f07abde958952642304553a6ca190') in 0.0142178 seconds
Number of updated asset objects reloaded before import = 0Number of asset objects unloaded after import = 3

========================================================================
Received Import Request.
  Time since last request: 0.000014 seconds.
  path: Assets/5.Sprites/Playerble/OnePiece/Zoro/Roronoa Zoro-22.png
  artifactKey: Guid(85ad30c884b293b44b8b49f09534abd4) Importer(815301076,1909f56bfc062723c751e8b465ee728b)
Start importing Assets/5.Sprites/Playerble/OnePiece/Zoro/Roronoa Zoro-22.png using Guid(85ad30c884b293b44b8b49f09534abd4) Importer(815301076,1909f56bfc062723c751e8b465ee728b) (PreviewImporter) -> (artifact id: 'bbb36c75e743525975cdea3e17fa087b') in 0.0147802 seconds
Number of updated asset objects reloaded before import = 0Number of asset objects unloaded after import = 3

========================================================================
Received Import Request.
  Time since last request: 0.000019 seconds.
  path: Assets/5.Sprites/Playerble/OnePiece/Zoro/Roronoa Zoro-30.png
  artifactKey: Guid(ec6cf6a5b097d27418133fe1e8963d26) Importer(815301076,1909f56bfc062723c751e8b465ee728b)
Start importing Assets/5.Sprites/Playerble/OnePiece/Zoro/Roronoa Zoro-30.png using Guid(ec6cf6a5b097d27418133fe1e8963d26) Importer(815301076,1909f56bfc062723c751e8b465ee728b) (PreviewImporter) -> (artifact id: 'b00e07b2cd91068ff3437f16bc59bf47') in 0.0265383 seconds
Number of updated asset objects reloaded before import = 0Number of asset objects unloaded after import = 3

========================================================================
Received Import Request.
  Time since last request: 12.471388 seconds.
  path: Assets/5.Sprites/Playerble/OnePiece/Zoro/Roronoa Zoro-39.png
  artifactKey: Guid(c1151bfea1a75bf49893256041ea13dd) Importer(815301076,1909f56bfc062723c751e8b465ee728b)
Start importing Assets/5.Sprites/Playerble/OnePiece/Zoro/Roronoa Zoro-39.png using Guid(c1151bfea1a75bf49893256041ea13dd) Importer(815301076,1909f56bfc062723c751e8b465ee728b) (PreviewImporter) -> (artifact id: 'e1e73665867704936cb6c6c416d7baec') in 0.0283712 seconds
Number of updated asset objects reloaded before import = 0Number of asset objects unloaded after import = 3

========================================================================
Received Import Request.
  Time since last request: 0.000014 seconds.
  path: Assets/5.Sprites/Playerble/OnePiece/Zoro/Roronoa Zoro-51.png
  artifactKey: Guid(e37e77f2ec2e8864aa739fa3c263ee33) Importer(815301076,1909f56bfc062723c751e8b465ee728b)
Start importing Assets/5.Sprites/Playerble/OnePiece/Zoro/Roronoa Zoro-51.png using Guid(e37e77f2ec2e8864aa739fa3c263ee33) Importer(815301076,1909f56bfc062723c751e8b465ee728b) (PreviewImporter) -> (artifact id: '7230254aa8ba77fdb5cd0da1ad107cb0') in 0.0113878 seconds
Number of updated asset objects reloaded before import = 0Number of asset objects unloaded after import = 3

========================================================================
Received Import Request.
  Time since last request: 0.000013 seconds.
  path: Assets/5.Sprites/Playerble/OnePiece/Zoro/Roronoa Zoro-44.png
  artifactKey: Guid(92088024515dd884fae53fd2b72e607c) Importer(815301076,1909f56bfc062723c751e8b465ee728b)
Start importing Assets/5.Sprites/Playerble/OnePiece/Zoro/Roronoa Zoro-44.png using Guid(92088024515dd884fae53fd2b72e607c) Importer(815301076,1909f56bfc062723c751e8b465ee728b) (PreviewImporter) -> (artifact id: '13175597057f74f2573655b80ef2185f') in 0.0108599 seconds
Number of updated asset objects reloaded before import = 0Number of asset objects unloaded after import = 3

========================================================================
Received Import Request.
  Time since last request: 36.791061 seconds.
  path: Assets/5.Sprites/Playerble/OnePiece/Zoro/Idle/Roronoa Zoro-3.png
  artifactKey: Guid(2b729c1980fcb864fb79bb74b62c512d) Importer(2089858483,192608db42251d675da83286b1cce702)
Start importing Assets/5.Sprites/Playerble/OnePiece/Zoro/Idle/Roronoa Zoro-3.png using Guid(2b729c1980fcb864fb79bb74b62c512d) Importer(2089858483,192608db42251d675da83286b1cce702) (ScriptedImporter) -> (artifact id: '703d8260bcaa17b44efb70f2e84db0ca') in 0.1248175 seconds
Number of updated asset objects reloaded before import = 0Number of asset objects unloaded after import = 3

Editor requested this worker to shutdown with reason: Scaling down because of idle timeout
AssetImportWorker is now disconnected from the server
Process exiting
Exiting without the bug reporter. Application will terminate with return code 0