Using pre-set license
Built from '6000.0/staging' branch; Version is '6000.0.40f1 (157d81624ddf) revision 1408385'; Using compiler version '193933523'; Build Type 'Release'
OS: 'Windows 11  (10.0.26100) 64bit Core' Language: 'ko' Physical Memory: 130909 MB
BatchMode: 1, IsHumanControllingUs: 0, StartBugReporterOnCrash: 0, Is64bit: 1, IsPro: 1

COMMAND LINE ARGUMENTS:
C:\Program Files\Unity\Hub\Editor\6000.0.40f1\Editor\Unity.exe
-adb2
-batchMode
-noUpm
-name
AssetImportWorker10
-projectPath
C:/Users/User/Desktop/KJH/Unity/CharactorFight/CharactorFight
-logFile
Logs/AssetImportWorker10.log
-srvPort
55816
-job-worker-count
15
-background-job-worker-count
8
-gc-helper-count
1
Successfully changed project path to: C:/Users/User/Desktop/KJH/Unity/CharactorFight/CharactorFight
C:/Users/User/Desktop/KJH/Unity/CharactorFight/CharactorFight
[UnityMemory] Configuration Parameters - Can be set up in boot.config
    "memorysetup-bucket-allocator-granularity=16"
    "memorysetup-bucket-allocator-bucket-count=8"
    "memorysetup-bucket-allocator-block-size=33554432"
    "memorysetup-bucket-allocator-block-count=8"
    "memorysetup-main-allocator-block-size=16777216"
    "memorysetup-thread-allocator-block-size=16777216"
    "memorysetup-gfx-main-allocator-block-size=16777216"
    "memorysetup-gfx-thread-allocator-block-size=16777216"
    "memorysetup-cache-allocator-block-size=4194304"
    "memorysetup-typetree-allocator-block-size=2097152"
    "memorysetup-profiler-bucket-allocator-granularity=16"
    "memorysetup-profiler-bucket-allocator-bucket-count=8"
    "memorysetup-profiler-bucket-allocator-block-size=33554432"
    "memorysetup-profiler-bucket-allocator-block-count=8"
    "memorysetup-profiler-allocator-block-size=16777216"
    "memorysetup-profiler-editor-allocator-block-size=1048576"
    "memorysetup-temp-allocator-size-main=16777216"
    "memorysetup-job-temp-allocator-block-size=2097152"
    "memorysetup-job-temp-allocator-block-size-background=1048576"
    "memorysetup-job-temp-allocator-reduction-small-platforms=262144"
    "memorysetup-allocator-temp-initial-block-size-main=262144"
    "memorysetup-allocator-temp-initial-block-size-worker=262144"
    "memorysetup-temp-allocator-size-background-worker=32768"
    "memorysetup-temp-allocator-size-job-worker=262144"
    "memorysetup-temp-allocator-size-preload-manager=33554432"
    "memorysetup-temp-allocator-size-nav-mesh-worker=65536"
    "memorysetup-temp-allocator-size-audio-worker=65536"
    "memorysetup-temp-allocator-size-cloud-worker=32768"
    "memorysetup-temp-allocator-size-gi-baking-worker=262144"
    "memorysetup-temp-allocator-size-gi-baking-worker=262144"
    "memorysetup-temp-allocator-size-gi-baking-worker=262144"
    "memorysetup-temp-allocator-size-gi-baking-worker=262144"
    "memorysetup-temp-allocator-size-gi-baking-worker=262144"
    "memorysetup-temp-allocator-size-gfx=262144"
Player connection [48024]  Target information:

Player connection [48024]  * "[IP] 172.21.1.9 [Port] 0 [Flags] 2 [Guid] 1935372246 [EditorId] 1935372246 [Version] 1048832 [Id] WindowsEditor(7,K-2301160067) [Debug] 1 [PackageName] WindowsEditor [ProjectName] Editor" 

Player connection [48024] Host joined multi-casting on [225.0.0.222:54997]...
Player connection [48024] Host joined alternative multi-casting on [225.0.0.222:34997]...
JobSystem: Creating JobQueue using job-worker-count value 15
Input System module state changed to: Initialized.
[Physics::Module] Initialized fallback backend.
[Physics::Module] Id: 0xdecafbad
Library Redirect Path: Library/
[Physics::Module] Selected backend.
[Physics::Module] Name: PhysX
[Physics::Module] Id: 0xf2b8ea05
[Physics::Module] SDK Version: 4.1.2
[Physics::Module] Integration Version: 1.0.0
[Physics::Module] Threading Mode: Multi-Threaded
Refreshing native plugins compatible for Editor in 0.72 ms, found 3 plugins.
Preloading 0 native plugins for Editor in 0.00 ms.
Initialize engine version: 6000.0.40f1 (157d81624ddf)
[Subsystems] Discovering subsystems at path C:/Program Files/Unity/Hub/Editor/6000.0.40f1/Editor/Data/Resources/UnitySubsystems
[Subsystems] Discovering subsystems at path C:/Users/User/Desktop/KJH/Unity/CharactorFight/CharactorFight/Assets
GfxDevice: creating device client; kGfxThreadingModeNonThreaded
Direct3D:
    Version:  Direct3D 11.0 [level 11.1]
    Renderer: NVIDIA GeForce RTX 3060 (ID=0x2487)
    Vendor:   NVIDIA
    VRAM:     12110 MB
    Driver:   32.0.15.6094
Initialize mono
Mono path[0] = 'C:/Program Files/Unity/Hub/Editor/6000.0.40f1/Editor/Data/Managed'
Mono path[1] = 'C:/Program Files/Unity/Hub/Editor/6000.0.40f1/Editor/Data/MonoBleedingEdge/lib/mono/unityjit-win32'
Mono config path = 'C:/Program Files/Unity/Hub/Editor/6000.0.40f1/Editor/Data/MonoBleedingEdge/etc'
Using monoOptions --debugger-agent=transport=dt_socket,embedding=1,server=y,suspend=n,address=127.0.0.1:56168
Begin MonoManager ReloadAssembly
Registering precompiled unity dll's ...
Register platform support module: C:/Program Files/Unity/Hub/Editor/6000.0.40f1/Editor/Data/PlaybackEngines/WindowsStandaloneSupport/UnityEditor.WindowsStandalone.Extensions.dll
Register platform support module: C:/Program Files/Unity/Hub/Editor/6000.0.40f1/Editor/Data/PlaybackEngines/AndroidPlayer/UnityEditor.Android.Extensions.dll
Registered in 0.002205 seconds.
- Loaded All Assemblies, in  0.343 seconds
Native extension for Android target not found
Android Extension - Scanning For ADB Devices 254 ms
Native extension for WindowsStandalone target not found
Mono: successfully reloaded assembly
- Finished resetting the current domain, in  0.560 seconds
Domain Reload Profiling: 901ms
	BeginReloadAssembly (112ms)
		ExecutionOrderSort (0ms)
		DisableScriptedObjects (0ms)
		BackupInstance (0ms)
		ReleaseScriptingObjects (0ms)
		CreateAndSetChildDomain (1ms)
	RebuildCommonClasses (32ms)
	RebuildNativeTypeToScriptingClass (14ms)
	initialDomainReloadingComplete (53ms)
	LoadAllAssembliesAndSetupDomain (130ms)
		LoadAssemblies (111ms)
		RebuildTransferFunctionScriptingTraits (0ms)
		AnalyzeDomain (126ms)
			TypeCache.Refresh (125ms)
				TypeCache.ScanAssembly (112ms)
			BuildScriptInfoCaches (0ms)
			ResolveRequiredComponents (0ms)
	FinalizeReload (560ms)
		ReleaseScriptCaches (0ms)
		RebuildScriptCaches (0ms)
		SetupLoadedEditorAssemblies (525ms)
			LogAssemblyErrors (0ms)
			InitializePlatformSupportModulesInManaged (330ms)
			SetLoadedEditorAssemblies (3ms)
			BeforeProcessingInitializeOnLoad (49ms)
			ProcessInitializeOnLoadAttributes (94ms)
			ProcessInitializeOnLoadMethodAttributes (48ms)
			AfterProcessingInitializeOnLoad (0ms)
			EditorAssembliesLoaded (0ms)
		ExecutionOrderSort2 (0ms)
		AwakeInstancesAfterBackupRestoration (0ms)
========================================================================
Worker process is ready to serve import requests
Import Worker Mode flag is 0x00
Begin MonoManager ReloadAssembly
- Loaded All Assemblies, in  0.706 seconds
Refreshing native plugins compatible for Editor in 0.41 ms, found 3 plugins.
Native extension for Android target not found
Native extension for WindowsStandalone target not found
Mono: successfully reloaded assembly
- Finished resetting the current domain, in  0.683 seconds
Domain Reload Profiling: 1386ms
	BeginReloadAssembly (156ms)
		ExecutionOrderSort (0ms)
		DisableScriptedObjects (7ms)
		BackupInstance (0ms)
		ReleaseScriptingObjects (0ms)
		CreateAndSetChildDomain (29ms)
	RebuildCommonClasses (34ms)
	RebuildNativeTypeToScriptingClass (12ms)
	initialDomainReloadingComplete (43ms)
	LoadAllAssembliesAndSetupDomain (457ms)
		LoadAssemblies (313ms)
		RebuildTransferFunctionScriptingTraits (0ms)
		AnalyzeDomain (236ms)
			TypeCache.Refresh (182ms)
				TypeCache.ScanAssembly (163ms)
			BuildScriptInfoCaches (43ms)
			ResolveRequiredComponents (8ms)
	FinalizeReload (684ms)
		ReleaseScriptCaches (0ms)
		RebuildScriptCaches (0ms)
		SetupLoadedEditorAssemblies (565ms)
			LogAssemblyErrors (0ms)
			InitializePlatformSupportModulesInManaged (7ms)
			SetLoadedEditorAssemblies (3ms)
			BeforeProcessingInitializeOnLoad (88ms)
			ProcessInitializeOnLoadAttributes (364ms)
			ProcessInitializeOnLoadMethodAttributes (98ms)
			AfterProcessingInitializeOnLoad (4ms)
			EditorAssembliesLoaded (0ms)
		ExecutionOrderSort2 (0ms)
		AwakeInstancesAfterBackupRestoration (10ms)
Launched and connected shader compiler UnityShaderCompiler.exe after 0.01 seconds
Refreshing native plugins compatible for Editor in 1.32 ms, found 3 plugins.
Preloading 0 native plugins for Editor in 0.00 ms.
Unloading 198 Unused Serialized files (Serialized files now loaded: 0)
Unloading 6100 unused Assets / (6.3 MB). Loaded Objects now: 6748.
Memory consumption went from 161.5 MB to 155.2 MB.
Total: 8.403000 ms (FindLiveObjects: 0.703000 ms CreateObjectMapping: 0.374100 ms MarkObjects: 4.365600 ms  DeleteObjects: 2.959000 ms)

========================================================================
Received Import Request.
  Time since last request: 40096.993506 seconds.
  path: Assets/5.Sprites/Playerble/OnePiece/Zoro/Roronoa Zoro-1235.png
  artifactKey: Guid(af260e1b41abc6c4982b8f508cc271fc) Importer(815301076,1909f56bfc062723c751e8b465ee728b)
Start importing Assets/5.Sprites/Playerble/OnePiece/Zoro/Roronoa Zoro-1235.png using Guid(af260e1b41abc6c4982b8f508cc271fc) Importer(815301076,1909f56bfc062723c751e8b465ee728b) (PreviewImporter) -> (artifact id: 'e17230632daa30f70961fc6c5216e4e5') in 0.0550912 seconds
Number of updated asset objects reloaded before import = 0Number of asset objects unloaded after import = 2

========================================================================
Received Import Request.
  Time since last request: 0.000013 seconds.
  path: Assets/5.Sprites/Playerble/OnePiece/Zoro/Roronoa Zoro-1247.png
  artifactKey: Guid(1bcffcaf9e239a440840dd61c2341690) Importer(815301076,1909f56bfc062723c751e8b465ee728b)
Start importing Assets/5.Sprites/Playerble/OnePiece/Zoro/Roronoa Zoro-1247.png using Guid(1bcffcaf9e239a440840dd61c2341690) Importer(815301076,1909f56bfc062723c751e8b465ee728b) (PreviewImporter) -> (artifact id: 'eabf058d4afd846621ba121fa46ddca6') in 0.0054939 seconds
Number of updated asset objects reloaded before import = 0Number of asset objects unloaded after import = 2

========================================================================
Received Import Request.
  Time since last request: 0.000013 seconds.
  path: Assets/5.Sprites/Playerble/OnePiece/Zoro/Roronoa Zoro-171.png
  artifactKey: Guid(235869c2113b6854c979b1df015811d1) Importer(815301076,1909f56bfc062723c751e8b465ee728b)
Start importing Assets/5.Sprites/Playerble/OnePiece/Zoro/Roronoa Zoro-171.png using Guid(235869c2113b6854c979b1df015811d1) Importer(815301076,1909f56bfc062723c751e8b465ee728b) (PreviewImporter) -> (artifact id: '412b4201dc289385de0f17bcc0e228dc') in 0.0106459 seconds
Number of updated asset objects reloaded before import = 0Number of asset objects unloaded after import = 2

========================================================================
Received Import Request.
  Time since last request: 0.000014 seconds.
  path: Assets/5.Sprites/Playerble/OnePiece/Zoro/Roronoa Zoro-1138.png
  artifactKey: Guid(2cf5c2d7368bc9043a5a52e835ec6550) Importer(815301076,1909f56bfc062723c751e8b465ee728b)
Start importing Assets/5.Sprites/Playerble/OnePiece/Zoro/Roronoa Zoro-1138.png using Guid(2cf5c2d7368bc9043a5a52e835ec6550) Importer(815301076,1909f56bfc062723c751e8b465ee728b) (PreviewImporter) -> (artifact id: '6eaab96999d86e80ee355faa8f12591d') in 0.01675 seconds
Number of updated asset objects reloaded before import = 0Number of asset objects unloaded after import = 2

========================================================================
Received Import Request.
  Time since last request: 0.000020 seconds.
  path: Assets/5.Sprites/Playerble/OnePiece/Zoro/Roronoa Zoro-1039.png
  artifactKey: Guid(3a0f505f0caf7f84b905c508572d71a3) Importer(815301076,1909f56bfc062723c751e8b465ee728b)
Start importing Assets/5.Sprites/Playerble/OnePiece/Zoro/Roronoa Zoro-1039.png using Guid(3a0f505f0caf7f84b905c508572d71a3) Importer(815301076,1909f56bfc062723c751e8b465ee728b) (PreviewImporter) -> (artifact id: 'fa9d0a3adc67418178568e1160d76ea9') in 0.0131395 seconds
Number of updated asset objects reloaded before import = 0Number of asset objects unloaded after import = 2

========================================================================
Received Import Request.
  Time since last request: 0.000012 seconds.
  path: Assets/5.Sprites/Playerble/OnePiece/Zoro/Roronoa Zoro-1139.png
  artifactKey: Guid(05823bca2b01b244eb8a2efd82ea7e40) Importer(815301076,1909f56bfc062723c751e8b465ee728b)
Start importing Assets/5.Sprites/Playerble/OnePiece/Zoro/Roronoa Zoro-1139.png using Guid(05823bca2b01b244eb8a2efd82ea7e40) Importer(815301076,1909f56bfc062723c751e8b465ee728b) (PreviewImporter) -> (artifact id: 'e821883579b0338b5b4a935be3b2601c') in 0.0148554 seconds
Number of updated asset objects reloaded before import = 0Number of asset objects unloaded after import = 2

========================================================================
Received Import Request.
  Time since last request: 0.000024 seconds.
  path: Assets/5.Sprites/Playerble/OnePiece/Zoro/Roronoa Zoro-1360.png
  artifactKey: Guid(86d5859938d1f5b4e97b648a6164d0f5) Importer(815301076,1909f56bfc062723c751e8b465ee728b)
Start importing Assets/5.Sprites/Playerble/OnePiece/Zoro/Roronoa Zoro-1360.png using Guid(86d5859938d1f5b4e97b648a6164d0f5) Importer(815301076,1909f56bfc062723c751e8b465ee728b) (PreviewImporter) -> (artifact id: '52dff96cfa7d997b20a305ffa55062c5') in 0.0052102 seconds
Number of updated asset objects reloaded before import = 0Number of asset objects unloaded after import = 2

========================================================================
Received Import Request.
  Time since last request: 0.000037 seconds.
  path: Assets/5.Sprites/Playerble/OnePiece/Zoro/Roronoa Zoro-239.png
  artifactKey: Guid(4c60ca1ecf0996b46a23fc0cdf3f7cb5) Importer(815301076,1909f56bfc062723c751e8b465ee728b)
Start importing Assets/5.Sprites/Playerble/OnePiece/Zoro/Roronoa Zoro-239.png using Guid(4c60ca1ecf0996b46a23fc0cdf3f7cb5) Importer(815301076,1909f56bfc062723c751e8b465ee728b) (PreviewImporter) -> (artifact id: 'dddba351b9c89b6997f0269342a0a321') in 0.0117597 seconds
Number of updated asset objects reloaded before import = 0Number of asset objects unloaded after import = 2

========================================================================
Received Import Request.
  Time since last request: 0.000019 seconds.
  path: Assets/5.Sprites/Playerble/OnePiece/Zoro/Roronoa Zoro-1220.png
  artifactKey: Guid(4a042a9ce5ce73f4083ec7e764eedff1) Importer(815301076,1909f56bfc062723c751e8b465ee728b)
Start importing Assets/5.Sprites/Playerble/OnePiece/Zoro/Roronoa Zoro-1220.png using Guid(4a042a9ce5ce73f4083ec7e764eedff1) Importer(815301076,1909f56bfc062723c751e8b465ee728b) (PreviewImporter) -> (artifact id: '70da726ef1bfa3f4f4d1a4fbee213867') in 0.0067626 seconds
Number of updated asset objects reloaded before import = 0Number of asset objects unloaded after import = 2

========================================================================
Received Import Request.
  Time since last request: 0.000016 seconds.
  path: Assets/5.Sprites/Playerble/OnePiece/Zoro/Roronoa Zoro-879.png
  artifactKey: Guid(b5d8887a86c8bd2408090c739f36743d) Importer(815301076,1909f56bfc062723c751e8b465ee728b)
Start importing Assets/5.Sprites/Playerble/OnePiece/Zoro/Roronoa Zoro-879.png using Guid(b5d8887a86c8bd2408090c739f36743d) Importer(815301076,1909f56bfc062723c751e8b465ee728b) (PreviewImporter) -> (artifact id: '0649c392d4e8353985e29830803b7cca') in 0.0175263 seconds
Number of updated asset objects reloaded before import = 0Number of asset objects unloaded after import = 2

========================================================================
Received Import Request.
  Time since last request: 0.000012 seconds.
  path: Assets/5.Sprites/Playerble/OnePiece/Zoro/Roronoa Zoro-1160.png
  artifactKey: Guid(a9450a286b42cd44db8f5685d471348f) Importer(815301076,1909f56bfc062723c751e8b465ee728b)
Start importing Assets/5.Sprites/Playerble/OnePiece/Zoro/Roronoa Zoro-1160.png using Guid(a9450a286b42cd44db8f5685d471348f) Importer(815301076,1909f56bfc062723c751e8b465ee728b) (PreviewImporter) -> (artifact id: '099093a3df6f77bf260680db7fe93b09') in 0.0065435 seconds
Number of updated asset objects reloaded before import = 0Number of asset objects unloaded after import = 2

========================================================================
Received Import Request.
  Time since last request: 0.000013 seconds.
  path: Assets/5.Sprites/Playerble/OnePiece/Zoro/Roronoa Zoro-176.png
  artifactKey: Guid(3750b9d38d7c3ad41b4cafd7a9da707b) Importer(815301076,1909f56bfc062723c751e8b465ee728b)
Start importing Assets/5.Sprites/Playerble/OnePiece/Zoro/Roronoa Zoro-176.png using Guid(3750b9d38d7c3ad41b4cafd7a9da707b) Importer(815301076,1909f56bfc062723c751e8b465ee728b) (PreviewImporter) -> (artifact id: 'a05bf052a8c4e81ae922180425885b83') in 0.012518 seconds
Number of updated asset objects reloaded before import = 0Number of asset objects unloaded after import = 2

========================================================================
Received Import Request.
  Time since last request: 0.000013 seconds.
  path: Assets/5.Sprites/Playerble/OnePiece/Zoro/Roronoa Zoro-545.png
  artifactKey: Guid(82df68c394f41d84b9799b3af486b70c) Importer(815301076,1909f56bfc062723c751e8b465ee728b)
Start importing Assets/5.Sprites/Playerble/OnePiece/Zoro/Roronoa Zoro-545.png using Guid(82df68c394f41d84b9799b3af486b70c) Importer(815301076,1909f56bfc062723c751e8b465ee728b) (PreviewImporter) -> (artifact id: '0285d509dda72b4a0c5cb61f9b64db83') in 0.0128719 seconds
Number of updated asset objects reloaded before import = 0Number of asset objects unloaded after import = 2

========================================================================
Received Import Request.
  Time since last request: 0.000011 seconds.
  path: Assets/5.Sprites/Playerble/OnePiece/Zoro/Roronoa Zoro-1141.png
  artifactKey: Guid(6c9cf5ed2f7092c449d5b2d7399f2c72) Importer(815301076,1909f56bfc062723c751e8b465ee728b)
Start importing Assets/5.Sprites/Playerble/OnePiece/Zoro/Roronoa Zoro-1141.png using Guid(6c9cf5ed2f7092c449d5b2d7399f2c72) Importer(815301076,1909f56bfc062723c751e8b465ee728b) (PreviewImporter) -> (artifact id: '7140a8ac54d72fa25a70f4b5f19f686b') in 0.0110957 seconds
Number of updated asset objects reloaded before import = 0Number of asset objects unloaded after import = 2

========================================================================
Received Import Request.
  Time since last request: 0.000017 seconds.
  path: Assets/5.Sprites/Playerble/OnePiece/Zoro/Roronoa Zoro-1347.png
  artifactKey: Guid(3c172d13bb5aad143b3b002a618fa5f6) Importer(815301076,1909f56bfc062723c751e8b465ee728b)
Start importing Assets/5.Sprites/Playerble/OnePiece/Zoro/Roronoa Zoro-1347.png using Guid(3c172d13bb5aad143b3b002a618fa5f6) Importer(815301076,1909f56bfc062723c751e8b465ee728b) (PreviewImporter) -> (artifact id: '47c23443ca87134163bf429f9d54cd53') in 0.009773 seconds
Number of updated asset objects reloaded before import = 0Number of asset objects unloaded after import = 2

========================================================================
Received Import Request.
  Time since last request: 0.000021 seconds.
  path: Assets/5.Sprites/Playerble/OnePiece/Zoro/Roronoa Zoro-1342.png
  artifactKey: Guid(31766d9f77903f94ebb5caf01846fff4) Importer(815301076,1909f56bfc062723c751e8b465ee728b)
Start importing Assets/5.Sprites/Playerble/OnePiece/Zoro/Roronoa Zoro-1342.png using Guid(31766d9f77903f94ebb5caf01846fff4) Importer(815301076,1909f56bfc062723c751e8b465ee728b) (PreviewImporter) -> (artifact id: '2a25a7b1cfdb27150e35a4f77dbff32d') in 0.0109405 seconds
Number of updated asset objects reloaded before import = 0Number of asset objects unloaded after import = 2

========================================================================
Received Import Request.
  Time since last request: 0.000012 seconds.
  path: Assets/5.Sprites/Playerble/OnePiece/Zoro/zoro.tps
  artifactKey: Guid(de8a6ab5d2213874b9f4071b306e64ad) Importer(815301076,1909f56bfc062723c751e8b465ee728b)
Start importing Assets/5.Sprites/Playerble/OnePiece/Zoro/zoro.tps using Guid(de8a6ab5d2213874b9f4071b306e64ad) Importer(815301076,1909f56bfc062723c751e8b465ee728b) (PreviewImporter) -> (artifact id: 'a7b3e6cbde4618da82f819f13fe5fc3b') in 0.001013 seconds
Number of updated asset objects reloaded before import = 0Number of asset objects unloaded after import = 1

========================================================================
Received Import Request.
  Time since last request: 0.000013 seconds.
  path: Assets/5.Sprites/Playerble/OnePiece/Zoro/Roronoa Zoro-1140.png
  artifactKey: Guid(1a574f18cb0bdac4e876e33778e0be63) Importer(815301076,1909f56bfc062723c751e8b465ee728b)
Start importing Assets/5.Sprites/Playerble/OnePiece/Zoro/Roronoa Zoro-1140.png using Guid(1a574f18cb0bdac4e876e33778e0be63) Importer(815301076,1909f56bfc062723c751e8b465ee728b) (PreviewImporter) -> (artifact id: '5625ee48b347d9e5c64cd55151a7393d') in 0.0101331 seconds
Number of updated asset objects reloaded before import = 0Number of asset objects unloaded after import = 2

========================================================================
Received Import Request.
  Time since last request: 0.000011 seconds.
  path: Assets/5.Sprites/Playerble/OnePiece/Zoro/Roronoa Zoro-882.png
  artifactKey: Guid(b6ee8197e6b7be543840b11ee9754b62) Importer(815301076,1909f56bfc062723c751e8b465ee728b)
Start importing Assets/5.Sprites/Playerble/OnePiece/Zoro/Roronoa Zoro-882.png using Guid(b6ee8197e6b7be543840b11ee9754b62) Importer(815301076,1909f56bfc062723c751e8b465ee728b) (PreviewImporter) -> (artifact id: 'f8fa64415d91e27af2dea52999864c63') in 0.0085243 seconds
Number of updated asset objects reloaded before import = 0Number of asset objects unloaded after import = 2

========================================================================
Received Import Request.
  Time since last request: 0.000011 seconds.
  path: Assets/5.Sprites/Playerble/OnePiece/Zoro/Roronoa Zoro-551.png
  artifactKey: Guid(f0f4fc9af813d284da19defdc42bdc24) Importer(815301076,1909f56bfc062723c751e8b465ee728b)
Start importing Assets/5.Sprites/Playerble/OnePiece/Zoro/Roronoa Zoro-551.png using Guid(f0f4fc9af813d284da19defdc42bdc24) Importer(815301076,1909f56bfc062723c751e8b465ee728b) (PreviewImporter) -> (artifact id: '890707871c1ace1316097614fa018ac1') in 0.0048058 seconds
Number of updated asset objects reloaded before import = 0Number of asset objects unloaded after import = 2

========================================================================
Received Import Request.
  Time since last request: 0.000017 seconds.
  path: Assets/5.Sprites/Playerble/OnePiece/Zoro/Roronoa Zoro-227.png
  artifactKey: Guid(f3dd3a7ee0b980a4fbd333846544dd54) Importer(815301076,1909f56bfc062723c751e8b465ee728b)
Start importing Assets/5.Sprites/Playerble/OnePiece/Zoro/Roronoa Zoro-227.png using Guid(f3dd3a7ee0b980a4fbd333846544dd54) Importer(815301076,1909f56bfc062723c751e8b465ee728b) (PreviewImporter) -> (artifact id: '288a5e349f0ac7992f87f16224cee743') in 0.0123441 seconds
Number of updated asset objects reloaded before import = 0Number of asset objects unloaded after import = 2

========================================================================
Received Import Request.
  Time since last request: 0.000023 seconds.
  path: Assets/5.Sprites/Playerble/OnePiece/Zoro/Roronoa Zoro-164.png
  artifactKey: Guid(129e4f8ab4d31a6448950c9839c546e1) Importer(815301076,1909f56bfc062723c751e8b465ee728b)
Start importing Assets/5.Sprites/Playerble/OnePiece/Zoro/Roronoa Zoro-164.png using Guid(129e4f8ab4d31a6448950c9839c546e1) Importer(815301076,1909f56bfc062723c751e8b465ee728b) (PreviewImporter) -> (artifact id: '5259418c980c5308e8e882f20b406e48') in 0.0117962 seconds
Number of updated asset objects reloaded before import = 0Number of asset objects unloaded after import = 2

========================================================================
Received Import Request.
  Time since last request: 0.000016 seconds.
  path: Assets/5.Sprites/Playerble/OnePiece/Zoro/Roronoa Zoro-1461.png
  artifactKey: Guid(75a58a2bbce8baa46a75e56ccbc5f5e8) Importer(815301076,1909f56bfc062723c751e8b465ee728b)
Start importing Assets/5.Sprites/Playerble/OnePiece/Zoro/Roronoa Zoro-1461.png using Guid(75a58a2bbce8baa46a75e56ccbc5f5e8) Importer(815301076,1909f56bfc062723c751e8b465ee728b) (PreviewImporter) -> (artifact id: 'f4e970b44ae3454975ca72b803567c46') in 0.0107339 seconds
Number of updated asset objects reloaded before import = 0Number of asset objects unloaded after import = 2

========================================================================
Received Import Request.
  Time since last request: 0.000022 seconds.
  path: Assets/5.Sprites/Playerble/OnePiece/Zoro/Roronoa Zoro-564.png
  artifactKey: Guid(adb4bd887c80b3640b818d6308a58b97) Importer(815301076,1909f56bfc062723c751e8b465ee728b)
Start importing Assets/5.Sprites/Playerble/OnePiece/Zoro/Roronoa Zoro-564.png using Guid(adb4bd887c80b3640b818d6308a58b97) Importer(815301076,1909f56bfc062723c751e8b465ee728b) (PreviewImporter) -> (artifact id: 'ec9a9e969d0b44b043b061a972f086b2') in 0.0120356 seconds
Number of updated asset objects reloaded before import = 0Number of asset objects unloaded after import = 2

========================================================================
Received Import Request.
  Time since last request: 0.000020 seconds.
  path: Assets/5.Sprites/Playerble/OnePiece/Zoro/Roronoa Zoro-234.png
  artifactKey: Guid(1767794456dff094f9dcf97880484076) Importer(815301076,1909f56bfc062723c751e8b465ee728b)
Start importing Assets/5.Sprites/Playerble/OnePiece/Zoro/Roronoa Zoro-234.png using Guid(1767794456dff094f9dcf97880484076) Importer(815301076,1909f56bfc062723c751e8b465ee728b) (PreviewImporter) -> (artifact id: '07ee510fa730aa29209a01ba50e22866') in 0.009938 seconds
Number of updated asset objects reloaded before import = 0Number of asset objects unloaded after import = 2

========================================================================
Received Import Request.
  Time since last request: 7.068306 seconds.
  path: Assets/5.Sprites/Playerble/OnePiece/Zoro/Roronoa Zoro-1453.png
  artifactKey: Guid(a866113e6ac76d84eaaeb5649f58b07b) Importer(815301076,1909f56bfc062723c751e8b465ee728b)
Start importing Assets/5.Sprites/Playerble/OnePiece/Zoro/Roronoa Zoro-1453.png using Guid(a866113e6ac76d84eaaeb5649f58b07b) Importer(815301076,1909f56bfc062723c751e8b465ee728b) (PreviewImporter) -> (artifact id: 'a66f89ae72eed40dd2599068b98b5b79') in 0.0129845 seconds
Number of updated asset objects reloaded before import = 0Number of asset objects unloaded after import = 2

========================================================================
Received Import Request.
  Time since last request: 0.005134 seconds.
  path: Assets/5.Sprites/Playerble/OnePiece/Zoro/Roronoa Zoro-1444.png
  artifactKey: Guid(cffc50477ff041b4a8955290a44e8b6c) Importer(815301076,1909f56bfc062723c751e8b465ee728b)
Start importing Assets/5.Sprites/Playerble/OnePiece/Zoro/Roronoa Zoro-1444.png using Guid(cffc50477ff041b4a8955290a44e8b6c) Importer(815301076,1909f56bfc062723c751e8b465ee728b) (PreviewImporter) -> (artifact id: '679d01c5632513c6d4dd985113eacca0') in 0.0107518 seconds
Number of updated asset objects reloaded before import = 0Number of asset objects unloaded after import = 2

========================================================================
Received Import Request.
  Time since last request: 0.005601 seconds.
  path: Assets/5.Sprites/Playerble/OnePiece/Zoro/Roronoa Zoro-1434.png
  artifactKey: Guid(3f917157898e71948a6c9822b3f566bc) Importer(815301076,1909f56bfc062723c751e8b465ee728b)
Start importing Assets/5.Sprites/Playerble/OnePiece/Zoro/Roronoa Zoro-1434.png using Guid(3f917157898e71948a6c9822b3f566bc) Importer(815301076,1909f56bfc062723c751e8b465ee728b) (PreviewImporter) -> (artifact id: 'a30d5d7d4233d28cb93fe7b05dde7ad6') in 0.0111727 seconds
Number of updated asset objects reloaded before import = 0Number of asset objects unloaded after import = 2

========================================================================
Received Import Request.
  Time since last request: 0.148263 seconds.
  path: Assets/5.Sprites/Playerble/OnePiece/Zoro/Roronoa Zoro-1426.png
  artifactKey: Guid(6844970e88063344299e1affe66128ba) Importer(815301076,1909f56bfc062723c751e8b465ee728b)
Start importing Assets/5.Sprites/Playerble/OnePiece/Zoro/Roronoa Zoro-1426.png using Guid(6844970e88063344299e1affe66128ba) Importer(815301076,1909f56bfc062723c751e8b465ee728b) (PreviewImporter) -> (artifact id: '0d89ee6df516d64e66bea4fe0b9e3774') in 0.0113033 seconds
Number of updated asset objects reloaded before import = 0Number of asset objects unloaded after import = 2

========================================================================
Received Import Request.
  Time since last request: 0.008685 seconds.
  path: Assets/5.Sprites/Playerble/OnePiece/Zoro/Roronoa Zoro-1417.png
  artifactKey: Guid(46ad865ebd4e09a48b5026b36c52fe2c) Importer(815301076,1909f56bfc062723c751e8b465ee728b)
Start importing Assets/5.Sprites/Playerble/OnePiece/Zoro/Roronoa Zoro-1417.png using Guid(46ad865ebd4e09a48b5026b36c52fe2c) Importer(815301076,1909f56bfc062723c751e8b465ee728b) (PreviewImporter) -> (artifact id: 'db40e0a4a51f39eb517fab1e924c4542') in 0.0103136 seconds
Number of updated asset objects reloaded before import = 0Number of asset objects unloaded after import = 2

========================================================================
Received Import Request.
  Time since last request: 0.009725 seconds.
  path: Assets/5.Sprites/Playerble/OnePiece/Zoro/Roronoa Zoro-1408.png
  artifactKey: Guid(4e38c819b2531c14b842b544cae7869a) Importer(815301076,1909f56bfc062723c751e8b465ee728b)
Start importing Assets/5.Sprites/Playerble/OnePiece/Zoro/Roronoa Zoro-1408.png using Guid(4e38c819b2531c14b842b544cae7869a) Importer(815301076,1909f56bfc062723c751e8b465ee728b) (PreviewImporter) -> (artifact id: 'd6885b99e96e9a0dcf0f73702a3fbb97') in 0.0111157 seconds
Number of updated asset objects reloaded before import = 0Number of asset objects unloaded after import = 2

========================================================================
Received Import Request.
  Time since last request: 0.133029 seconds.
  path: Assets/5.Sprites/Playerble/OnePiece/Zoro/Roronoa Zoro-1399.png
  artifactKey: Guid(8697996db184c1448970bf5525f4b123) Importer(815301076,1909f56bfc062723c751e8b465ee728b)
Start importing Assets/5.Sprites/Playerble/OnePiece/Zoro/Roronoa Zoro-1399.png using Guid(8697996db184c1448970bf5525f4b123) Importer(815301076,1909f56bfc062723c751e8b465ee728b) (PreviewImporter) -> (artifact id: 'aa81773266545848274eaa4979fdc11d') in 0.0141095 seconds
Number of updated asset objects reloaded before import = 0Number of asset objects unloaded after import = 2

========================================================================
Received Import Request.
  Time since last request: 0.004214 seconds.
  path: Assets/5.Sprites/Playerble/OnePiece/Zoro/Roronoa Zoro-1390.png
  artifactKey: Guid(8704433ad82deca4da1b1649690ef149) Importer(815301076,1909f56bfc062723c751e8b465ee728b)
Start importing Assets/5.Sprites/Playerble/OnePiece/Zoro/Roronoa Zoro-1390.png using Guid(8704433ad82deca4da1b1649690ef149) Importer(815301076,1909f56bfc062723c751e8b465ee728b) (PreviewImporter) -> (artifact id: 'ed0cbe02f137abe1cbd5ad9d8aee271e') in 0.0106518 seconds
Number of updated asset objects reloaded before import = 0Number of asset objects unloaded after import = 2

========================================================================
Received Import Request.
  Time since last request: 0.144176 seconds.
  path: Assets/5.Sprites/Playerble/OnePiece/Zoro/Roronoa Zoro-1382.png
  artifactKey: Guid(ac6059163a6afb24a94d87d75423a341) Importer(815301076,1909f56bfc062723c751e8b465ee728b)
Start importing Assets/5.Sprites/Playerble/OnePiece/Zoro/Roronoa Zoro-1382.png using Guid(ac6059163a6afb24a94d87d75423a341) Importer(815301076,1909f56bfc062723c751e8b465ee728b) (PreviewImporter) -> (artifact id: 'f6003e31edad223b1e2337a943da8307') in 0.0149323 seconds
Number of updated asset objects reloaded before import = 0Number of asset objects unloaded after import = 2

========================================================================
Received Import Request.
  Time since last request: 0.524093 seconds.
  path: Assets/5.Sprites/Playerble/OnePiece/Zoro/Roronoa Zoro-1336.png
  artifactKey: Guid(0d85f4a34f61da449aacaf4e64c06c95) Importer(815301076,1909f56bfc062723c751e8b465ee728b)
Start importing Assets/5.Sprites/Playerble/OnePiece/Zoro/Roronoa Zoro-1336.png using Guid(0d85f4a34f61da449aacaf4e64c06c95) Importer(815301076,1909f56bfc062723c751e8b465ee728b) (PreviewImporter) -> (artifact id: 'b5a73b9bcb1ae73f91f6e16f323e390b') in 0.0237123 seconds
Number of updated asset objects reloaded before import = 0Number of asset objects unloaded after import = 2

========================================================================
Received Import Request.
  Time since last request: 0.000010 seconds.
  path: Assets/5.Sprites/Playerble/OnePiece/Zoro/Roronoa Zoro-1327.png
  artifactKey: Guid(58053bbf2bace6449a7eca8e2d5d7e85) Importer(815301076,1909f56bfc062723c751e8b465ee728b)
Start importing Assets/5.Sprites/Playerble/OnePiece/Zoro/Roronoa Zoro-1327.png using Guid(58053bbf2bace6449a7eca8e2d5d7e85) Importer(815301076,1909f56bfc062723c751e8b465ee728b) (PreviewImporter) -> (artifact id: '9b704eefa59e898e32929ad8c750786d') in 0.0071618 seconds
Number of updated asset objects reloaded before import = 0Number of asset objects unloaded after import = 2

========================================================================
Received Import Request.
  Time since last request: 0.159422 seconds.
  path: Assets/5.Sprites/Playerble/OnePiece/Zoro/Roronoa Zoro-1318.png
  artifactKey: Guid(d6feaea9dccb8fe4ca81f9370097c7ec) Importer(815301076,1909f56bfc062723c751e8b465ee728b)
Start importing Assets/5.Sprites/Playerble/OnePiece/Zoro/Roronoa Zoro-1318.png using Guid(d6feaea9dccb8fe4ca81f9370097c7ec) Importer(815301076,1909f56bfc062723c751e8b465ee728b) (PreviewImporter) -> (artifact id: '1bdec32e4e266ee2d60a87d06299bec3') in 0.0144016 seconds
Number of updated asset objects reloaded before import = 0Number of asset objects unloaded after import = 2

========================================================================
Received Import Request.
  Time since last request: 0.003421 seconds.
  path: Assets/5.Sprites/Playerble/OnePiece/Zoro/Roronoa Zoro-1309.png
  artifactKey: Guid(5bc5eaf4f470b3c4fa8e9ab08db63942) Importer(815301076,1909f56bfc062723c751e8b465ee728b)
Start importing Assets/5.Sprites/Playerble/OnePiece/Zoro/Roronoa Zoro-1309.png using Guid(5bc5eaf4f470b3c4fa8e9ab08db63942) Importer(815301076,1909f56bfc062723c751e8b465ee728b) (PreviewImporter) -> (artifact id: '95ffb81a90ec3c32ed37a52faa1d3805') in 0.0054127 seconds
Number of updated asset objects reloaded before import = 0Number of asset objects unloaded after import = 2

========================================================================
Received Import Request.
  Time since last request: 0.161045 seconds.
  path: Assets/5.Sprites/Playerble/OnePiece/Zoro/Roronoa Zoro-1300.png
  artifactKey: Guid(92e04a50be252ec488386479733b31a8) Importer(815301076,1909f56bfc062723c751e8b465ee728b)
Start importing Assets/5.Sprites/Playerble/OnePiece/Zoro/Roronoa Zoro-1300.png using Guid(92e04a50be252ec488386479733b31a8) Importer(815301076,1909f56bfc062723c751e8b465ee728b) (PreviewImporter) -> (artifact id: 'fbd682503e80d6781fc46698476fd99a') in 0.0135894 seconds
Number of updated asset objects reloaded before import = 0Number of asset objects unloaded after import = 2

========================================================================
Received Import Request.
  Time since last request: 0.001459 seconds.
  path: Assets/5.Sprites/Playerble/OnePiece/Zoro/Roronoa Zoro-1290.png
  artifactKey: Guid(85518029e9f65894cb36da36151888ff) Importer(815301076,1909f56bfc062723c751e8b465ee728b)
Start importing Assets/5.Sprites/Playerble/OnePiece/Zoro/Roronoa Zoro-1290.png using Guid(85518029e9f65894cb36da36151888ff) Importer(815301076,1909f56bfc062723c751e8b465ee728b) (PreviewImporter) -> (artifact id: '45cab659a2f68999597e8d5a30eba122') in 0.006103 seconds
Number of updated asset objects reloaded before import = 0Number of asset objects unloaded after import = 2

========================================================================
Received Import Request.
  Time since last request: 0.123143 seconds.
  path: Assets/5.Sprites/Playerble/OnePiece/Zoro/Roronoa Zoro-1282.png
  artifactKey: Guid(cbb4c02420712bf4e9b77a03d4ab6624) Importer(815301076,1909f56bfc062723c751e8b465ee728b)
Start importing Assets/5.Sprites/Playerble/OnePiece/Zoro/Roronoa Zoro-1282.png using Guid(cbb4c02420712bf4e9b77a03d4ab6624) Importer(815301076,1909f56bfc062723c751e8b465ee728b) (PreviewImporter) -> (artifact id: '7cd1c93c321ae5b7daaa7376adde5e80') in 0.0137764 seconds
Number of updated asset objects reloaded before import = 0Number of asset objects unloaded after import = 2

========================================================================
Received Import Request.
  Time since last request: 0.000010 seconds.
  path: Assets/5.Sprites/Playerble/OnePiece/Zoro/Roronoa Zoro-1273.png
  artifactKey: Guid(7cf13a091168e5d41aaf299dd1a1d078) Importer(815301076,1909f56bfc062723c751e8b465ee728b)
Start importing Assets/5.Sprites/Playerble/OnePiece/Zoro/Roronoa Zoro-1273.png using Guid(7cf13a091168e5d41aaf299dd1a1d078) Importer(815301076,1909f56bfc062723c751e8b465ee728b) (PreviewImporter) -> (artifact id: 'd078333564b39208905333e64778f5aa') in 0.0117755 seconds
Number of updated asset objects reloaded before import = 0Number of asset objects unloaded after import = 2

========================================================================
Received Import Request.
  Time since last request: 0.000722 seconds.
  path: Assets/5.Sprites/Playerble/OnePiece/Zoro/Roronoa Zoro-1264.png
  artifactKey: Guid(4cfde6245707d0c43bf38a79d0990f87) Importer(815301076,1909f56bfc062723c751e8b465ee728b)
Start importing Assets/5.Sprites/Playerble/OnePiece/Zoro/Roronoa Zoro-1264.png using Guid(4cfde6245707d0c43bf38a79d0990f87) Importer(815301076,1909f56bfc062723c751e8b465ee728b) (PreviewImporter) -> (artifact id: 'e3e21cd758bd3ea35a8610c08f32406f') in 0.005276 seconds
Number of updated asset objects reloaded before import = 0Number of asset objects unloaded after import = 2

========================================================================
Received Import Request.
  Time since last request: 0.143135 seconds.
  path: Assets/5.Sprites/Playerble/OnePiece/Zoro/Roronoa Zoro-1256.png
  artifactKey: Guid(ed32582c27ffb0f479a3c1f23942d7b6) Importer(815301076,1909f56bfc062723c751e8b465ee728b)
Start importing Assets/5.Sprites/Playerble/OnePiece/Zoro/Roronoa Zoro-1256.png using Guid(ed32582c27ffb0f479a3c1f23942d7b6) Importer(815301076,1909f56bfc062723c751e8b465ee728b) (PreviewImporter) -> (artifact id: 'b84fea4e0db86abbf38b79a5181be710') in 0.0159866 seconds
Number of updated asset objects reloaded before import = 0Number of asset objects unloaded after import = 2

========================================================================
Received Import Request.
  Time since last request: 0.399204 seconds.
  path: Assets/5.Sprites/Playerble/OnePiece/Zoro/Roronoa Zoro-1211.png
  artifactKey: Guid(36de43e5f0fa739419d2c1a180b62fd1) Importer(815301076,1909f56bfc062723c751e8b465ee728b)
Start importing Assets/5.Sprites/Playerble/OnePiece/Zoro/Roronoa Zoro-1211.png using Guid(36de43e5f0fa739419d2c1a180b62fd1) Importer(815301076,1909f56bfc062723c751e8b465ee728b) (PreviewImporter) -> (artifact id: 'fe2258c048db097bb1dbdf70bfbd2364') in 0.0150849 seconds
Number of updated asset objects reloaded before import = 0Number of asset objects unloaded after import = 2

========================================================================
Received Import Request.
  Time since last request: 0.673861 seconds.
  path: Assets/5.Sprites/Playerble/OnePiece/Zoro/Roronoa Zoro-1129.png
  artifactKey: Guid(4c0c54c1ab7fcef40af482ba3117be24) Importer(815301076,1909f56bfc062723c751e8b465ee728b)
Start importing Assets/5.Sprites/Playerble/OnePiece/Zoro/Roronoa Zoro-1129.png using Guid(4c0c54c1ab7fcef40af482ba3117be24) Importer(815301076,1909f56bfc062723c751e8b465ee728b) (PreviewImporter) -> (artifact id: 'fe53f94b8ee6a255d7bb08544c624417') in 0.0151543 seconds
Number of updated asset objects reloaded before import = 0Number of asset objects unloaded after import = 2

========================================================================
Received Import Request.
  Time since last request: 0.886234 seconds.
  path: Assets/5.Sprites/Playerble/OnePiece/Zoro/Roronoa Zoro-1120.png
  artifactKey: Guid(7b502e160afba8543804345beb8cf6c0) Importer(815301076,1909f56bfc062723c751e8b465ee728b)
Start importing Assets/5.Sprites/Playerble/OnePiece/Zoro/Roronoa Zoro-1120.png using Guid(7b502e160afba8543804345beb8cf6c0) Importer(815301076,1909f56bfc062723c751e8b465ee728b) (PreviewImporter) -> (artifact id: '95b34f95033db5c3f81386e8bb0af9ab') in 0.0344156 seconds
Number of updated asset objects reloaded before import = 0Number of asset objects unloaded after import = 2

========================================================================
Received Import Request.
  Time since last request: 0.000014 seconds.
  path: Assets/5.Sprites/Playerble/OnePiece/Zoro/Roronoa Zoro-1110.png
  artifactKey: Guid(e4e29118858a4e547b2a7f42fa295ef0) Importer(815301076,1909f56bfc062723c751e8b465ee728b)
Start importing Assets/5.Sprites/Playerble/OnePiece/Zoro/Roronoa Zoro-1110.png using Guid(e4e29118858a4e547b2a7f42fa295ef0) Importer(815301076,1909f56bfc062723c751e8b465ee728b) (PreviewImporter) -> (artifact id: '0c0114465693b2d73cc6a11f14ba5bde') in 0.0106139 seconds
Number of updated asset objects reloaded before import = 0Number of asset objects unloaded after import = 2

========================================================================
Received Import Request.
  Time since last request: 0.000031 seconds.
  path: Assets/5.Sprites/Playerble/OnePiece/Zoro/Roronoa Zoro-995.png
  artifactKey: Guid(e8215d021488b7b4e9cd8861dc3536ca) Importer(815301076,1909f56bfc062723c751e8b465ee728b)
Start importing Assets/5.Sprites/Playerble/OnePiece/Zoro/Roronoa Zoro-995.png using Guid(e8215d021488b7b4e9cd8861dc3536ca) Importer(815301076,1909f56bfc062723c751e8b465ee728b) (PreviewImporter) -> (artifact id: '7d4767f891a1c24d6273c81858b262b2') in 0.0118413 seconds
Number of updated asset objects reloaded before import = 0Number of asset objects unloaded after import = 2

========================================================================
Received Import Request.
  Time since last request: 0.000015 seconds.
  path: Assets/5.Sprites/Playerble/OnePiece/Zoro/Roronoa Zoro-753.png
  artifactKey: Guid(cc916bd57a1de10498d6bee6ceeebb4c) Importer(815301076,1909f56bfc062723c751e8b465ee728b)
Start importing Assets/5.Sprites/Playerble/OnePiece/Zoro/Roronoa Zoro-753.png using Guid(cc916bd57a1de10498d6bee6ceeebb4c) Importer(815301076,1909f56bfc062723c751e8b465ee728b) (PreviewImporter) -> (artifact id: 'f591688312220e5ed5f0113890dd5bd2') in 0.009429 seconds
Number of updated asset objects reloaded before import = 0Number of asset objects unloaded after import = 2

========================================================================
Received Import Request.
  Time since last request: 0.000013 seconds.
  path: Assets/5.Sprites/Playerble/OnePiece/Zoro/Roronoa Zoro-502.png
  artifactKey: Guid(86d915ad210b0ca4b94a241bb222607d) Importer(815301076,1909f56bfc062723c751e8b465ee728b)
Start importing Assets/5.Sprites/Playerble/OnePiece/Zoro/Roronoa Zoro-502.png using Guid(86d915ad210b0ca4b94a241bb222607d) Importer(815301076,1909f56bfc062723c751e8b465ee728b) (PreviewImporter) -> (artifact id: 'a809b2c255531187c8f0c94c134ebb09') in 0.0085982 seconds
Number of updated asset objects reloaded before import = 0Number of asset objects unloaded after import = 2

========================================================================
Received Import Request.
  Time since last request: 0.000014 seconds.
  path: Assets/5.Sprites/Playerble/OnePiece/Zoro/Roronoa Zoro-314.png
  artifactKey: Guid(465bbfbe3bfa49b4ca51156ef51e5de4) Importer(815301076,1909f56bfc062723c751e8b465ee728b)
Start importing Assets/5.Sprites/Playerble/OnePiece/Zoro/Roronoa Zoro-314.png using Guid(465bbfbe3bfa49b4ca51156ef51e5de4) Importer(815301076,1909f56bfc062723c751e8b465ee728b) (PreviewImporter) -> (artifact id: '17517df22018273be3c95656fa0391f8') in 0.0095403 seconds
Number of updated asset objects reloaded before import = 0Number of asset objects unloaded after import = 2

========================================================================
Received Import Request.
  Time since last request: 0.000010 seconds.
  path: Assets/5.Sprites/Playerble/OnePiece/Zoro/Roronoa Zoro-322.png
  artifactKey: Guid(b12d2c74dd02f724cba9d6b5e5bc101f) Importer(815301076,1909f56bfc062723c751e8b465ee728b)
Start importing Assets/5.Sprites/Playerble/OnePiece/Zoro/Roronoa Zoro-322.png using Guid(b12d2c74dd02f724cba9d6b5e5bc101f) Importer(815301076,1909f56bfc062723c751e8b465ee728b) (PreviewImporter) -> (artifact id: '948b2d551fd4df88bf48729d9b188bb7') in 0.0044507 seconds
Number of updated asset objects reloaded before import = 0Number of asset objects unloaded after import = 2

========================================================================
Received Import Request.
  Time since last request: 0.000015 seconds.
  path: Assets/5.Sprites/Playerble/OnePiece/Zoro/Roronoa Zoro-193.png
  artifactKey: Guid(a2f4f9553ad2e854daa2af3bd7832b92) Importer(815301076,1909f56bfc062723c751e8b465ee728b)
Start importing Assets/5.Sprites/Playerble/OnePiece/Zoro/Roronoa Zoro-193.png using Guid(a2f4f9553ad2e854daa2af3bd7832b92) Importer(815301076,1909f56bfc062723c751e8b465ee728b) (PreviewImporter) -> (artifact id: '5737f154471d6857858789436eee467c') in 0.0128587 seconds
Number of updated asset objects reloaded before import = 0Number of asset objects unloaded after import = 2

========================================================================
Received Import Request.
  Time since last request: 0.000016 seconds.
  path: Assets/5.Sprites/Playerble/OnePiece/Zoro/Roronoa Zoro-751.png
  artifactKey: Guid(c5284c25f0c289b48a5d50b3f2d9f562) Importer(815301076,1909f56bfc062723c751e8b465ee728b)
Start importing Assets/5.Sprites/Playerble/OnePiece/Zoro/Roronoa Zoro-751.png using Guid(c5284c25f0c289b48a5d50b3f2d9f562) Importer(815301076,1909f56bfc062723c751e8b465ee728b) (PreviewImporter) -> (artifact id: '7a06d4b164b7f04885f6ee69a38969d5') in 0.0114106 seconds
Number of updated asset objects reloaded before import = 0Number of asset objects unloaded after import = 2

========================================================================
Received Import Request.
  Time since last request: 0.000026 seconds.
  path: Assets/5.Sprites/Playerble/OnePiece/Zoro/Roronoa Zoro-527.png
  artifactKey: Guid(52346e88dd5cf0149b3f44ea51cdbae4) Importer(815301076,1909f56bfc062723c751e8b465ee728b)
Start importing Assets/5.Sprites/Playerble/OnePiece/Zoro/Roronoa Zoro-527.png using Guid(52346e88dd5cf0149b3f44ea51cdbae4) Importer(815301076,1909f56bfc062723c751e8b465ee728b) (PreviewImporter) -> (artifact id: 'fa4f7e89661028b841838fac8dd1ebbc') in 0.0144881 seconds
Number of updated asset objects reloaded before import = 0Number of asset objects unloaded after import = 2

========================================================================
Received Import Request.
  Time since last request: 0.000015 seconds.
  path: Assets/5.Sprites/Playerble/OnePiece/Zoro/Roronoa Zoro-754.png
  artifactKey: Guid(5526bed2c00d0da498b8d2b868d498c1) Importer(815301076,1909f56bfc062723c751e8b465ee728b)
Start importing Assets/5.Sprites/Playerble/OnePiece/Zoro/Roronoa Zoro-754.png using Guid(5526bed2c00d0da498b8d2b868d498c1) Importer(815301076,1909f56bfc062723c751e8b465ee728b) (PreviewImporter) -> (artifact id: 'e15cc5f32f23755116a5257e7bc59ed6') in 0.0130947 seconds
Number of updated asset objects reloaded before import = 0Number of asset objects unloaded after import = 2

========================================================================
Received Import Request.
  Time since last request: 0.000035 seconds.
  path: Assets/5.Sprites/Playerble/OnePiece/Zoro/Roronoa Zoro-524.png
  artifactKey: Guid(909c803a6d117484aba9c6a7598e687e) Importer(815301076,1909f56bfc062723c751e8b465ee728b)
Start importing Assets/5.Sprites/Playerble/OnePiece/Zoro/Roronoa Zoro-524.png using Guid(909c803a6d117484aba9c6a7598e687e) Importer(815301076,1909f56bfc062723c751e8b465ee728b) (PreviewImporter) -> (artifact id: '0492a9c9547c10750946f5da804a4e21') in 0.0046328 seconds
Number of updated asset objects reloaded before import = 0Number of asset objects unloaded after import = 2

========================================================================
Received Import Request.
  Time since last request: 0.000012 seconds.
  path: Assets/5.Sprites/Playerble/OnePiece/Zoro/Roronoa Zoro-739.png
  artifactKey: Guid(83a675953a090434a9711acb39a919d0) Importer(815301076,1909f56bfc062723c751e8b465ee728b)
Start importing Assets/5.Sprites/Playerble/OnePiece/Zoro/Roronoa Zoro-739.png using Guid(83a675953a090434a9711acb39a919d0) Importer(815301076,1909f56bfc062723c751e8b465ee728b) (PreviewImporter) -> (artifact id: 'aa0f7edd0359d206eb0854f5974487e6') in 0.0126349 seconds
Number of updated asset objects reloaded before import = 0Number of asset objects unloaded after import = 2

========================================================================
Received Import Request.
  Time since last request: 0.000013 seconds.
  path: Assets/5.Sprites/Playerble/OnePiece/Zoro/Roronoa Zoro-996.png
  artifactKey: Guid(a56edf0c207b63f4a9300f028de46131) Importer(815301076,1909f56bfc062723c751e8b465ee728b)
Start importing Assets/5.Sprites/Playerble/OnePiece/Zoro/Roronoa Zoro-996.png using Guid(a56edf0c207b63f4a9300f028de46131) Importer(815301076,1909f56bfc062723c751e8b465ee728b) (PreviewImporter) -> (artifact id: '37fd5d1ed6422d55c3925040e36f73ff') in 0.0136591 seconds
Number of updated asset objects reloaded before import = 0Number of asset objects unloaded after import = 2

========================================================================
Received Import Request.
  Time since last request: 0.000017 seconds.
  path: Assets/5.Sprites/Playerble/OnePiece/Zoro/Roronoa Zoro-507.png
  artifactKey: Guid(9c6f57782c762a44baf9bfe3235d6c50) Importer(815301076,1909f56bfc062723c751e8b465ee728b)
Start importing Assets/5.Sprites/Playerble/OnePiece/Zoro/Roronoa Zoro-507.png using Guid(9c6f57782c762a44baf9bfe3235d6c50) Importer(815301076,1909f56bfc062723c751e8b465ee728b) (PreviewImporter) -> (artifact id: 'e2e29423342ca97fb617a5cc97274a2d') in 0.0052131 seconds
Number of updated asset objects reloaded before import = 0Number of asset objects unloaded after import = 2

========================================================================
Received Import Request.
  Time since last request: 0.000010 seconds.
  path: Assets/5.Sprites/Playerble/OnePiece/Zoro/Roronoa Zoro-1011.png
  artifactKey: Guid(2c0427c2a5bffb443a23adeb2e232267) Importer(815301076,1909f56bfc062723c751e8b465ee728b)
Start importing Assets/5.Sprites/Playerble/OnePiece/Zoro/Roronoa Zoro-1011.png using Guid(2c0427c2a5bffb443a23adeb2e232267) Importer(815301076,1909f56bfc062723c751e8b465ee728b) (PreviewImporter) -> (artifact id: '74dfc049ba0f5dc46f2c825a6dfa8f97') in 0.0058151 seconds
Number of updated asset objects reloaded before import = 0Number of asset objects unloaded after import = 2

========================================================================
Received Import Request.
  Time since last request: 0.000013 seconds.
  path: Assets/5.Sprites/Playerble/OnePiece/Zoro/Roronoa Zoro-1093.png
  artifactKey: Guid(607842bc3059e224ebcbd3bd254bb8e7) Importer(815301076,1909f56bfc062723c751e8b465ee728b)
Start importing Assets/5.Sprites/Playerble/OnePiece/Zoro/Roronoa Zoro-1093.png using Guid(607842bc3059e224ebcbd3bd254bb8e7) Importer(815301076,1909f56bfc062723c751e8b465ee728b) (PreviewImporter) -> (artifact id: 'd42bc84d753bb486f802466121bd5e95') in 0.0123072 seconds
Number of updated asset objects reloaded before import = 0Number of asset objects unloaded after import = 2

========================================================================
Received Import Request.
  Time since last request: 0.000012 seconds.
  path: Assets/5.Sprites/Playerble/OnePiece/Zoro/Roronoa Zoro-1094.png
  artifactKey: Guid(aea17262f3658a04da74f7df09a8e3b0) Importer(815301076,1909f56bfc062723c751e8b465ee728b)
Start importing Assets/5.Sprites/Playerble/OnePiece/Zoro/Roronoa Zoro-1094.png using Guid(aea17262f3658a04da74f7df09a8e3b0) Importer(815301076,1909f56bfc062723c751e8b465ee728b) (PreviewImporter) -> (artifact id: '3f7114497e9b9b765333b5919093fff2') in 0.0117457 seconds
Number of updated asset objects reloaded before import = 0Number of asset objects unloaded after import = 2

========================================================================
Received Import Request.
  Time since last request: 0.000015 seconds.
  path: Assets/5.Sprites/Playerble/OnePiece/Zoro/Roronoa Zoro-309.png
  artifactKey: Guid(3c88a440399ddf143bae486fe3a18312) Importer(815301076,1909f56bfc062723c751e8b465ee728b)
Start importing Assets/5.Sprites/Playerble/OnePiece/Zoro/Roronoa Zoro-309.png using Guid(3c88a440399ddf143bae486fe3a18312) Importer(815301076,1909f56bfc062723c751e8b465ee728b) (PreviewImporter) -> (artifact id: '5abee76b662c950b59e6d9b16567a16f') in 0.0143037 seconds
Number of updated asset objects reloaded before import = 0Number of asset objects unloaded after import = 2

========================================================================
Received Import Request.
  Time since last request: 0.000017 seconds.
  path: Assets/5.Sprites/Playerble/OnePiece/Zoro/Roronoa Zoro-496.png
  artifactKey: Guid(84ba54284f0dbbf41a939b165ce555c1) Importer(815301076,1909f56bfc062723c751e8b465ee728b)
Start importing Assets/5.Sprites/Playerble/OnePiece/Zoro/Roronoa Zoro-496.png using Guid(84ba54284f0dbbf41a939b165ce555c1) Importer(815301076,1909f56bfc062723c751e8b465ee728b) (PreviewImporter) -> (artifact id: '320e2d82064a5f9716ad867ef696db11') in 0.0052207 seconds
Number of updated asset objects reloaded before import = 0Number of asset objects unloaded after import = 2

========================================================================
Received Import Request.
  Time since last request: 0.000027 seconds.
  path: Assets/5.Sprites/Playerble/OnePiece/Zoro/Roronoa Zoro-746.png
  artifactKey: Guid(eff4b349b53e148429a5f53ca2608b87) Importer(815301076,1909f56bfc062723c751e8b465ee728b)
Start importing Assets/5.Sprites/Playerble/OnePiece/Zoro/Roronoa Zoro-746.png using Guid(eff4b349b53e148429a5f53ca2608b87) Importer(815301076,1909f56bfc062723c751e8b465ee728b) (PreviewImporter) -> (artifact id: '0fb66b83fd6b95298f64403d33d710fa') in 0.0124486 seconds
Number of updated asset objects reloaded before import = 0Number of asset objects unloaded after import = 2

========================================================================
Received Import Request.
  Time since last request: 0.000013 seconds.
  path: Assets/5.Sprites/Playerble/OnePiece/Zoro/Roronoa Zoro-522.png
  artifactKey: Guid(910943766ecee9f48898e5e5ae3f76f9) Importer(815301076,1909f56bfc062723c751e8b465ee728b)
Start importing Assets/5.Sprites/Playerble/OnePiece/Zoro/Roronoa Zoro-522.png using Guid(910943766ecee9f48898e5e5ae3f76f9) Importer(815301076,1909f56bfc062723c751e8b465ee728b) (PreviewImporter) -> (artifact id: 'd5974260ef5c17d02e58a72c1fe54ce3') in 0.0053939 seconds
Number of updated asset objects reloaded before import = 0Number of asset objects unloaded after import = 2

========================================================================
Received Import Request.
  Time since last request: 0.000021 seconds.
  path: Assets/5.Sprites/Playerble/OnePiece/Zoro/Roronoa Zoro-516.png
  artifactKey: Guid(69f18949b2e308544b551f082d1bb728) Importer(815301076,1909f56bfc062723c751e8b465ee728b)
Start importing Assets/5.Sprites/Playerble/OnePiece/Zoro/Roronoa Zoro-516.png using Guid(69f18949b2e308544b551f082d1bb728) Importer(815301076,1909f56bfc062723c751e8b465ee728b) (PreviewImporter) -> (artifact id: 'f69875da251ff06fbd83bfcdc36b10ab') in 0.0116032 seconds
Number of updated asset objects reloaded before import = 0Number of asset objects unloaded after import = 2

========================================================================
Received Import Request.
  Time since last request: 0.000015 seconds.
  path: Assets/5.Sprites/Playerble/OnePiece/Zoro/Roronoa Zoro-1089.png
  artifactKey: Guid(900db7fe6889edc4db0171d956ab24f9) Importer(815301076,1909f56bfc062723c751e8b465ee728b)
Start importing Assets/5.Sprites/Playerble/OnePiece/Zoro/Roronoa Zoro-1089.png using Guid(900db7fe6889edc4db0171d956ab24f9) Importer(815301076,1909f56bfc062723c751e8b465ee728b) (PreviewImporter) -> (artifact id: 'd811eeb0b2d2783ed93ceb88074d7ce8') in 0.0115562 seconds
Number of updated asset objects reloaded before import = 0Number of asset objects unloaded after import = 2

========================================================================
Received Import Request.
  Time since last request: 30.650401 seconds.
  path: Assets/5.Sprites/Playerble/OnePiece/Zoro/Roronoa Zoro-6.png
  artifactKey: Guid(a22d83797e285e74e84b2e5a55a8ab2e) Importer(815301076,1909f56bfc062723c751e8b465ee728b)
Start importing Assets/5.Sprites/Playerble/OnePiece/Zoro/Roronoa Zoro-6.png using Guid(a22d83797e285e74e84b2e5a55a8ab2e) Importer(815301076,1909f56bfc062723c751e8b465ee728b) (PreviewImporter) -> (artifact id: 'c82f63fa35b097f6b8260df1dd006864') in 0.0838757 seconds
Number of updated asset objects reloaded before import = 0Number of asset objects unloaded after import = 3

========================================================================
Received Import Request.
  Time since last request: 0.000015 seconds.
  path: Assets/5.Sprites/Playerble/OnePiece/Zoro/Roronoa Zoro-27.png
  artifactKey: Guid(29a43861b97f83944ae721d2320aff71) Importer(815301076,1909f56bfc062723c751e8b465ee728b)
Start importing Assets/5.Sprites/Playerble/OnePiece/Zoro/Roronoa Zoro-27.png using Guid(29a43861b97f83944ae721d2320aff71) Importer(815301076,1909f56bfc062723c751e8b465ee728b) (PreviewImporter) -> (artifact id: '48b12b81da600b71bbc0a376e993b3b7') in 0.0327572 seconds
Number of updated asset objects reloaded before import = 0Number of asset objects unloaded after import = 3

========================================================================
Received Import Request.
  Time since last request: 0.000017 seconds.
  path: Assets/5.Sprites/Playerble/OnePiece/Zoro/Roronoa Zoro-19.png
  artifactKey: Guid(9b0854b36788bc740a2b50f05e38e72e) Importer(815301076,1909f56bfc062723c751e8b465ee728b)
Start importing Assets/5.Sprites/Playerble/OnePiece/Zoro/Roronoa Zoro-19.png using Guid(9b0854b36788bc740a2b50f05e38e72e) Importer(815301076,1909f56bfc062723c751e8b465ee728b) (PreviewImporter) -> (artifact id: 'b7e5762dddd40dc39ec654d6dc45947e') in 0.0168113 seconds
Number of updated asset objects reloaded before import = 0Number of asset objects unloaded after import = 3

========================================================================
Received Import Request.
  Time since last request: 0.000038 seconds.
  path: Assets/5.Sprites/Playerble/OnePiece/Zoro/Roronoa Zoro-29.png
  artifactKey: Guid(90e5a8aa2876fcc4a8856fb31639927a) Importer(815301076,1909f56bfc062723c751e8b465ee728b)
Start importing Assets/5.Sprites/Playerble/OnePiece/Zoro/Roronoa Zoro-29.png using Guid(90e5a8aa2876fcc4a8856fb31639927a) Importer(815301076,1909f56bfc062723c751e8b465ee728b) (PreviewImporter) -> (artifact id: '390578148a3f6d99a531fa5816b54f53') in 0.0311457 seconds
Number of updated asset objects reloaded before import = 0Number of asset objects unloaded after import = 3

========================================================================
Received Import Request.
  Time since last request: 12.471139 seconds.
  path: Assets/5.Sprites/Playerble/OnePiece/Zoro/Roronoa Zoro-41.png
  artifactKey: Guid(482257c2a05da6a44937871138c267c2) Importer(815301076,1909f56bfc062723c751e8b465ee728b)
Start importing Assets/5.Sprites/Playerble/OnePiece/Zoro/Roronoa Zoro-41.png using Guid(482257c2a05da6a44937871138c267c2) Importer(815301076,1909f56bfc062723c751e8b465ee728b) (PreviewImporter) -> (artifact id: '3e40891ee95b2267f6c6edceff9b2cb2') in 0.0274511 seconds
Number of updated asset objects reloaded before import = 0Number of asset objects unloaded after import = 3

========================================================================
Received Import Request.
  Time since last request: 0.000013 seconds.
  path: Assets/5.Sprites/Playerble/OnePiece/Zoro/Roronoa Zoro-46.png
  artifactKey: Guid(977a7873e1fadac4cace365615d70e68) Importer(815301076,1909f56bfc062723c751e8b465ee728b)
Start importing Assets/5.Sprites/Playerble/OnePiece/Zoro/Roronoa Zoro-46.png using Guid(977a7873e1fadac4cace365615d70e68) Importer(815301076,1909f56bfc062723c751e8b465ee728b) (PreviewImporter) -> (artifact id: 'b258a9b3a5f505e3186214d9dfbe69e5') in 0.0164263 seconds
Number of updated asset objects reloaded before import = 0Number of asset objects unloaded after import = 3

Editor requested this worker to shutdown with reason: Scaling down because of idle timeout
AssetImportWorker is now disconnected from the server
Process exiting
Exiting without the bug reporter. Application will terminate with return code 0